{"/home/lucas/projetos/Drivent/projeto-drivent-back-main/src/app.ts": {"path":"/home/lucas/projetos/Drivent/projeto-drivent-back-main/src/app.ts","statementMap":{"0":{"start":{"line":1,"column":0},"end":{"line":1,"column":17}},"1":{"start":{"line":3,"column":0},"end":{"line":3,"column":30}},"2":{"start":{"line":4,"column":0},"end":{"line":4,"column":30}},"3":{"start":{"line":5,"column":0},"end":{"line":5,"column":24}},"4":{"start":{"line":6,"column":0},"end":{"line":6,"column":26}},"5":{"start":{"line":8,"column":0},"end":{"line":8,"column":41}},"6":{"start":{"line":9,"column":0},"end":{"line":9,"column":76}},"7":{"start":{"line":10,"column":0},"end":{"line":10,"column":31}},"8":{"start":{"line":11,"column":0},"end":{"line":11,"column":26}},"9":{"start":{"line":13,"column":12},"end":{"line":13,"column":21}},"10":{"start":{"line":14,"column":0},"end":{"line":14,"column":16}},"11":{"start":{"line":15,"column":0},"end":{"line":15,"column":24}},"12":{"start":{"line":17,"column":15},"end":{"line":17,"column":65}},"13":{"start":{"line":32,"column":9},"end":{"line":32,"column":15}},"14":{"start":{"line":19,"column":0},"end":{"line":21,"column":3}},"15":{"start":{"line":20,"column":2},"end":{"line":20,"column":18}},"16":{"start":{"line":23,"column":0},"end":{"line":23,"column":16}},"17":{"start":{"line":24,"column":0},"end":{"line":24,"column":33}},"18":{"start":{"line":26,"column":0},"end":{"line":26,"column":44}},"19":{"start":{"line":29,"column":2},"end":{"line":29,"column":26}},"20":{"start":{"line":28,"column":0},"end":{"line":28,"column":22}},"21":{"start":{"line":33,"column":0},"end":{"line":33,"column":19}}},"fnMap":{"0":{"name":"(anonymous_8)","decl":{"start":{"line":19,"column":19},"end":{"line":19,"column":20}},"loc":{"start":{"line":19,"column":33},"end":{"line":21,"column":1}}},"1":{"name":"init","decl":{"start":{"line":28,"column":22},"end":{"line":28,"column":26}},"loc":{"start":{"line":28,"column":26},"end":{"line":30,"column":null}}}},"branchMap":{},"s":{"0":1,"1":1,"2":1,"3":1,"4":1,"5":1,"6":1,"7":1,"8":1,"9":1,"10":1,"11":1,"12":1,"13":1,"14":1,"15":0,"16":1,"17":1,"18":1,"19":0,"20":1,"21":1},"f":{"0":0,"1":0},"b":{}}
,"/home/lucas/projetos/Drivent/projeto-drivent-back-main/src/database.ts": {"path":"/home/lucas/projetos/Drivent/projeto-drivent-back-main/src/database.ts","statementMap":{"0":{"start":{"line":1,"column":0},"end":{"line":1,"column":47}},"1":{"start":{"line":3,"column":0},"end":{"line":5,"column":null}},"2":{"start":{"line":4,"column":2},"end":{"line":4,"column":49}},"3":{"start":{"line":8,"column":28},"end":{"line":8,"column":56}},"4":{"start":{"line":10,"column":21},"end":{"line":16,"column":4}},"5":{"start":{"line":18,"column":2},"end":{"line":18,"column":29}},"6":{"start":{"line":20,"column":2},"end":{"line":20,"column":20}},"7":{"start":{"line":7,"column":0},"end":{"line":7,"column":30}}},"fnMap":{"0":{"name":"connect","decl":{"start":{"line":7,"column":30},"end":{"line":7,"column":37}},"loc":{"start":{"line":7,"column":37},"end":{"line":21,"column":null}}}},"branchMap":{"0":{"loc":{"start":{"line":3,"column":0},"end":{"line":5,"column":null}},"type":"if","locations":[{"start":{"line":3,"column":0},"end":{"line":5,"column":null}},{"start":{"line":3,"column":0},"end":{"line":5,"column":null}}]},"1":{"loc":{"start":{"line":3,"column":4},"end":{"line":3,"column":41}},"type":"binary-expr","locations":[{"start":{"line":3,"column":4},"end":{"line":3,"column":41}},{"start":{"line":3,"column":45},"end":{"line":3,"column":103}}]},"2":{"loc":{"start":{"line":14,"column":58},"end":{"line":14,"column":64}},"type":"cond-expr","locations":[{"start":{"line":14,"column":58},"end":{"line":14,"column":64}},{"start":{"line":14,"column":67},"end":{"line":14,"column":72}}]}},"s":{"0":1,"1":1,"2":0,"3":0,"4":0,"5":0,"6":0,"7":1},"f":{"0":0},"b":{"0":[0,1],"1":[1,0],"2":[0,0]}}
,"/home/lucas/projetos/Drivent/projeto-drivent-back-main/src/setup.ts": {"path":"/home/lucas/projetos/Drivent/projeto-drivent-back-main/src/setup.ts","statementMap":{"0":{"start":{"line":1,"column":0},"end":{"line":1,"column":28}},"1":{"start":{"line":3,"column":13},"end":{"line":3,"column":67}},"2":{"start":{"line":5,"column":0},"end":{"line":5,"column":24}}},"fnMap":{},"branchMap":{"0":{"loc":{"start":{"line":3,"column":47},"end":{"line":3,"column":58}},"type":"cond-expr","locations":[{"start":{"line":3,"column":47},"end":{"line":3,"column":58}},{"start":{"line":3,"column":61},"end":{"line":3,"column":67}}]}},"s":{"0":1,"1":1,"2":1},"f":{},"b":{"0":[1,0]}}
,"/home/lucas/projetos/Drivent/projeto-drivent-back-main/src/controllers/client/activity.ts": {"path":"/home/lucas/projetos/Drivent/projeto-drivent-back-main/src/controllers/client/activity.ts","statementMap":{"0":{"start":{"line":3,"column":0},"end":{"line":3,"column":62}},"1":{"start":{"line":6,"column":17},"end":{"line":6,"column":52}},"2":{"start":{"line":7,"column":2},"end":{"line":7,"column":31}},"3":{"start":{"line":5,"column":0},"end":{"line":5,"column":22}},"4":{"start":{"line":11,"column":15},"end":{"line":11,"column":28}},"5":{"start":{"line":13,"column":18},"end":{"line":13,"column":32}},"6":{"start":{"line":15,"column":17},"end":{"line":15,"column":67}},"7":{"start":{"line":16,"column":2},"end":{"line":16,"column":31}},"8":{"start":{"line":10,"column":0},"end":{"line":10,"column":22}}},"fnMap":{"0":{"name":"getAllDates","decl":{"start":{"line":5,"column":22},"end":{"line":5,"column":33}},"loc":{"start":{"line":5,"column":61},"end":{"line":8,"column":null}}},"1":{"name":"getActivitiesByDates","decl":{"start":{"line":10,"column":22},"end":{"line":10,"column":42}},"loc":{"start":{"line":10,"column":70},"end":{"line":17,"column":null}}}},"branchMap":{},"s":{"0":1,"1":0,"2":0,"3":1,"4":0,"5":0,"6":0,"7":0,"8":1},"f":{"0":0,"1":0},"b":{}}
,"/home/lucas/projetos/Drivent/projeto-drivent-back-main/src/controllers/client/auth.ts": {"path":"/home/lucas/projetos/Drivent/projeto-drivent-back-main/src/controllers/client/auth.ts","statementMap":{"0":{"start":{"line":3,"column":0},"end":{"line":3,"column":54}},"1":{"start":{"line":6,"column":15},"end":{"line":6,"column":74}},"2":{"start":{"line":7,"column":2},"end":{"line":7,"column":17}},"3":{"start":{"line":5,"column":0},"end":{"line":5,"column":22}}},"fnMap":{"0":{"name":"signIn","decl":{"start":{"line":5,"column":22},"end":{"line":5,"column":28}},"loc":{"start":{"line":5,"column":56},"end":{"line":8,"column":null}}}},"branchMap":{},"s":{"0":1,"1":0,"2":0,"3":1},"f":{"0":0},"b":{}}
,"/home/lucas/projetos/Drivent/projeto-drivent-back-main/src/controllers/client/booking.ts": {"path":"/home/lucas/projetos/Drivent/projeto-drivent-back-main/src/controllers/client/booking.ts","statementMap":{"0":{"start":{"line":3,"column":0},"end":{"line":3,"column":60}},"1":{"start":{"line":7,"column":22},"end":{"line":7,"column":45}},"2":{"start":{"line":8,"column":2},"end":{"line":8,"column":35}},"3":{"start":{"line":9,"column":2},"end":{"line":9,"column":53}},"4":{"start":{"line":10,"column":2},"end":{"line":10,"column":22}},"5":{"start":{"line":6,"column":0},"end":{"line":6,"column":22}},"6":{"start":{"line":14,"column":17},"end":{"line":14,"column":28}},"7":{"start":{"line":15,"column":17},"end":{"line":15,"column":60}},"8":{"start":{"line":16,"column":2},"end":{"line":16,"column":31}},"9":{"start":{"line":13,"column":0},"end":{"line":13,"column":22}},"10":{"start":{"line":20,"column":17},"end":{"line":20,"column":28}},"11":{"start":{"line":21,"column":2},"end":{"line":21,"column":42}},"12":{"start":{"line":22,"column":2},"end":{"line":22,"column":22}},"13":{"start":{"line":19,"column":0},"end":{"line":19,"column":22}}},"fnMap":{"0":{"name":"saveBookingInfo","decl":{"start":{"line":6,"column":22},"end":{"line":6,"column":37}},"loc":{"start":{"line":6,"column":65},"end":{"line":11,"column":null}}},"1":{"name":"getBookingInfo","decl":{"start":{"line":13,"column":22},"end":{"line":13,"column":36}},"loc":{"start":{"line":13,"column":64},"end":{"line":17,"column":null}}},"2":{"name":"payBooking","decl":{"start":{"line":19,"column":22},"end":{"line":19,"column":32}},"loc":{"start":{"line":19,"column":60},"end":{"line":23,"column":null}}}},"branchMap":{},"s":{"0":1,"1":0,"2":0,"3":0,"4":0,"5":1,"6":0,"7":0,"8":0,"9":1,"10":0,"11":0,"12":0,"13":1},"f":{"0":0,"1":0,"2":0},"b":{}}
,"/home/lucas/projetos/Drivent/projeto-drivent-back-main/src/controllers/client/enrollment.ts": {"path":"/home/lucas/projetos/Drivent/projeto-drivent-back-main/src/controllers/client/enrollment.ts","statementMap":{"0":{"start":{"line":2,"column":0},"end":{"line":2,"column":37}},"1":{"start":{"line":4,"column":0},"end":{"line":4,"column":66}},"2":{"start":{"line":8,"column":25},"end":{"line":8,"column":51}},"3":{"start":{"line":9,"column":2},"end":{"line":9,"column":38}},"4":{"start":{"line":10,"column":2},"end":{"line":10,"column":62}},"5":{"start":{"line":11,"column":2},"end":{"line":11,"column":32}},"6":{"start":{"line":7,"column":0},"end":{"line":7,"column":22}},"7":{"start":{"line":15,"column":25},"end":{"line":15,"column":86}},"8":{"start":{"line":17,"column":2},"end":{"line":19,"column":null}},"9":{"start":{"line":18,"column":4},"end":{"line":18,"column":49}},"10":{"start":{"line":21,"column":2},"end":{"line":21,"column":49}},"11":{"start":{"line":14,"column":0},"end":{"line":14,"column":22}}},"fnMap":{"0":{"name":"saveEnrollmentInfo","decl":{"start":{"line":7,"column":22},"end":{"line":7,"column":40}},"loc":{"start":{"line":7,"column":68},"end":{"line":12,"column":null}}},"1":{"name":"getEnrollmentInfos","decl":{"start":{"line":14,"column":22},"end":{"line":14,"column":40}},"loc":{"start":{"line":14,"column":68},"end":{"line":22,"column":null}}}},"branchMap":{"0":{"loc":{"start":{"line":17,"column":2},"end":{"line":19,"column":null}},"type":"if","locations":[{"start":{"line":17,"column":2},"end":{"line":19,"column":null}},{"start":{"line":17,"column":2},"end":{"line":19,"column":null}}]}},"s":{"0":1,"1":1,"2":0,"3":0,"4":0,"5":0,"6":1,"7":0,"8":0,"9":0,"10":0,"11":1},"f":{"0":0,"1":0},"b":{"0":[0,0]}}
,"/home/lucas/projetos/Drivent/projeto-drivent-back-main/src/controllers/client/event.ts": {"path":"/home/lucas/projetos/Drivent/projeto-drivent-back-main/src/controllers/client/event.ts","statementMap":{"0":{"start":{"line":3,"column":0},"end":{"line":3,"column":51}},"1":{"start":{"line":6,"column":20},"end":{"line":6,"column":48}},"2":{"start":{"line":7,"column":2},"end":{"line":7,"column":22}},"3":{"start":{"line":5,"column":0},"end":{"line":5,"column":22}}},"fnMap":{"0":{"name":"get","decl":{"start":{"line":5,"column":22},"end":{"line":5,"column":25}},"loc":{"start":{"line":5,"column":53},"end":{"line":8,"column":null}}}},"branchMap":{},"s":{"0":1,"1":0,"2":0,"3":1},"f":{"0":0},"b":{}}
,"/home/lucas/projetos/Drivent/projeto-drivent-back-main/src/controllers/client/hotel.ts": {"path":"/home/lucas/projetos/Drivent/projeto-drivent-back-main/src/controllers/client/hotel.ts","statementMap":{"0":{"start":{"line":3,"column":0},"end":{"line":3,"column":51}},"1":{"start":{"line":6,"column":17},"end":{"line":6,"column":36}},"2":{"start":{"line":7,"column":2},"end":{"line":7,"column":19}},"3":{"start":{"line":5,"column":0},"end":{"line":5,"column":22}},"4":{"start":{"line":11,"column":15},"end":{"line":11,"column":28}},"5":{"start":{"line":12,"column":16},"end":{"line":12,"column":48}},"6":{"start":{"line":13,"column":2},"end":{"line":13,"column":18}},"7":{"start":{"line":10,"column":0},"end":{"line":10,"column":22}}},"fnMap":{"0":{"name":"get","decl":{"start":{"line":5,"column":22},"end":{"line":5,"column":25}},"loc":{"start":{"line":5,"column":54},"end":{"line":8,"column":null}}},"1":{"name":"getOne","decl":{"start":{"line":10,"column":22},"end":{"line":10,"column":28}},"loc":{"start":{"line":10,"column":56},"end":{"line":14,"column":null}}}},"branchMap":{},"s":{"0":1,"1":0,"2":0,"3":1,"4":0,"5":0,"6":0,"7":1},"f":{"0":0,"1":0},"b":{}}
,"/home/lucas/projetos/Drivent/projeto-drivent-back-main/src/controllers/client/hotelReservation.ts": {"path":"/home/lucas/projetos/Drivent/projeto-drivent-back-main/src/controllers/client/hotelReservation.ts","statementMap":{"0":{"start":{"line":2,"column":0},"end":{"line":2,"column":52}},"1":{"start":{"line":3,"column":0},"end":{"line":3,"column":37}},"2":{"start":{"line":4,"column":0},"end":{"line":4,"column":62}},"3":{"start":{"line":7,"column":18},"end":{"line":7,"column":39}},"4":{"start":{"line":8,"column":22},"end":{"line":8,"column":58}},"5":{"start":{"line":9,"column":2},"end":{"line":9,"column":24}},"6":{"start":{"line":6,"column":0},"end":{"line":6,"column":22}},"7":{"start":{"line":12,"column":19},"end":{"line":12,"column":45}},"8":{"start":{"line":13,"column":18},"end":{"line":13,"column":43}},"9":{"start":{"line":14,"column":17},"end":{"line":14,"column":28}},"10":{"start":{"line":16,"column":2},"end":{"line":16,"column":135}},"11":{"start":{"line":16,"column":36},"end":{"line":16,"column":135}},"12":{"start":{"line":17,"column":2},"end":{"line":17,"column":129}},"13":{"start":{"line":17,"column":33},"end":{"line":17,"column":129}},"14":{"start":{"line":18,"column":2},"end":{"line":18,"column":58}},"15":{"start":{"line":19,"column":2},"end":{"line":19,"column":37}},"16":{"start":{"line":11,"column":0},"end":{"line":11,"column":22}}},"fnMap":{"0":{"name":"getReservation","decl":{"start":{"line":6,"column":22},"end":{"line":6,"column":36}},"loc":{"start":{"line":6,"column":64},"end":{"line":10,"column":null}}},"1":{"name":"ReserveHotelRoom","decl":{"start":{"line":11,"column":22},"end":{"line":11,"column":38}},"loc":{"start":{"line":11,"column":66},"end":{"line":20,"column":null}}}},"branchMap":{"0":{"loc":{"start":{"line":16,"column":2},"end":{"line":16,"column":135}},"type":"if","locations":[{"start":{"line":16,"column":2},"end":{"line":16,"column":135}},{"start":{"line":16,"column":2},"end":{"line":16,"column":135}}]},"1":{"loc":{"start":{"line":16,"column":5},"end":{"line":16,"column":16}},"type":"binary-expr","locations":[{"start":{"line":16,"column":5},"end":{"line":16,"column":16}},{"start":{"line":16,"column":20},"end":{"line":16,"column":34}}]},"2":{"loc":{"start":{"line":17,"column":2},"end":{"line":17,"column":129}},"type":"if","locations":[{"start":{"line":17,"column":2},"end":{"line":17,"column":129}},{"start":{"line":17,"column":2},"end":{"line":17,"column":129}}]},"3":{"loc":{"start":{"line":17,"column":5},"end":{"line":17,"column":14}},"type":"binary-expr","locations":[{"start":{"line":17,"column":5},"end":{"line":17,"column":14}},{"start":{"line":17,"column":18},"end":{"line":17,"column":31}}]}},"s":{"0":1,"1":1,"2":1,"3":0,"4":0,"5":0,"6":1,"7":0,"8":0,"9":0,"10":0,"11":0,"12":0,"13":0,"14":0,"15":0,"16":1},"f":{"0":0,"1":0},"b":{"0":[0,0],"1":[0,0],"2":[0,0],"3":[0,0]}}
,"/home/lucas/projetos/Drivent/projeto-drivent-back-main/src/controllers/client/lodge.ts": {"path":"/home/lucas/projetos/Drivent/projeto-drivent-back-main/src/controllers/client/lodge.ts","statementMap":{"0":{"start":{"line":2,"column":0},"end":{"line":2,"column":37}},"1":{"start":{"line":4,"column":0},"end":{"line":4,"column":56}},"2":{"start":{"line":7,"column":23},"end":{"line":7,"column":59}},"3":{"start":{"line":8,"column":2},"end":{"line":8,"column":60}},"4":{"start":{"line":8,"column":33},"end":{"line":8,"column":60}},"5":{"start":{"line":9,"column":2},"end":{"line":9,"column":47}},"6":{"start":{"line":6,"column":0},"end":{"line":6,"column":22}}},"fnMap":{"0":{"name":"getLodgeOptions","decl":{"start":{"line":6,"column":22},"end":{"line":6,"column":37}},"loc":{"start":{"line":6,"column":66},"end":{"line":10,"column":null}}}},"branchMap":{"0":{"loc":{"start":{"line":8,"column":2},"end":{"line":8,"column":60}},"type":"if","locations":[{"start":{"line":8,"column":2},"end":{"line":8,"column":60}},{"start":{"line":8,"column":2},"end":{"line":8,"column":60}}]}},"s":{"0":1,"1":1,"2":0,"3":0,"4":0,"5":0,"6":1},"f":{"0":0},"b":{"0":[0,0]}}
,"/home/lucas/projetos/Drivent/projeto-drivent-back-main/src/controllers/client/modality.ts": {"path":"/home/lucas/projetos/Drivent/projeto-drivent-back-main/src/controllers/client/modality.ts","statementMap":{"0":{"start":{"line":2,"column":0},"end":{"line":2,"column":37}},"1":{"start":{"line":4,"column":0},"end":{"line":4,"column":62}},"2":{"start":{"line":7,"column":21},"end":{"line":7,"column":58}},"3":{"start":{"line":8,"column":2},"end":{"line":8,"column":58}},"4":{"start":{"line":8,"column":31},"end":{"line":8,"column":58}},"5":{"start":{"line":9,"column":2},"end":{"line":9,"column":45}},"6":{"start":{"line":6,"column":0},"end":{"line":6,"column":22}}},"fnMap":{"0":{"name":"getAllModalities","decl":{"start":{"line":6,"column":22},"end":{"line":6,"column":38}},"loc":{"start":{"line":6,"column":67},"end":{"line":10,"column":null}}}},"branchMap":{"0":{"loc":{"start":{"line":8,"column":2},"end":{"line":8,"column":58}},"type":"if","locations":[{"start":{"line":8,"column":2},"end":{"line":8,"column":58}},{"start":{"line":8,"column":2},"end":{"line":8,"column":58}}]}},"s":{"0":1,"1":1,"2":0,"3":0,"4":0,"5":0,"6":1},"f":{"0":0},"b":{"0":[0,0]}}
,"/home/lucas/projetos/Drivent/projeto-drivent-back-main/src/controllers/client/user.ts": {"path":"/home/lucas/projetos/Drivent/projeto-drivent-back-main/src/controllers/client/user.ts","statementMap":{"0":{"start":{"line":2,"column":0},"end":{"line":2,"column":37}},"1":{"start":{"line":4,"column":0},"end":{"line":4,"column":50}},"2":{"start":{"line":7,"column":15},"end":{"line":7,"column":77}},"3":{"start":{"line":8,"column":2},"end":{"line":8,"column":44}},"4":{"start":{"line":6,"column":0},"end":{"line":6,"column":22}}},"fnMap":{"0":{"name":"signUp","decl":{"start":{"line":6,"column":22},"end":{"line":6,"column":28}},"loc":{"start":{"line":6,"column":56},"end":{"line":9,"column":null}}}},"branchMap":{},"s":{"0":1,"1":1,"2":0,"3":0,"4":1},"f":{"0":0},"b":{}}
,"/home/lucas/projetos/Drivent/projeto-drivent-back-main/src/entities/Activity.ts": {"path":"/home/lucas/projetos/Drivent/projeto-drivent-back-main/src/entities/Activity.ts","statementMap":{"0":{"start":{"line":1,"column":0},"end":{"line":1,"column":null}},"1":{"start":{"line":9,"column":0},"end":{"line":9,"column":34}},"2":{"start":{"line":10,"column":0},"end":{"line":10,"column":44}},"3":{"start":{"line":13,"column":0},"end":{"line":58,"column":null}},"4":{"start":{"line":44,"column":28},"end":{"line":48,"column":19}},"5":{"start":{"line":49,"column":4},"end":{"line":49,"column":27}},"6":{"start":{"line":53,"column":23},"end":{"line":55,"column":6}},"7":{"start":{"line":56,"column":4},"end":{"line":56,"column":22}},"8":{"start":{"line":15,"column":2},"end":{"line":15,"column":null}},"9":{"start":{"line":18,"column":2},"end":{"line":18,"column":null}},"10":{"start":{"line":21,"column":2},"end":{"line":21,"column":null}},"11":{"start":{"line":24,"column":2},"end":{"line":24,"column":null}},"12":{"start":{"line":27,"column":2},"end":{"line":27,"column":null}},"13":{"start":{"line":30,"column":2},"end":{"line":30,"column":null}},"14":{"start":{"line":35,"column":2},"end":{"line":35,"column":null}},"15":{"start":{"line":32,"column":19},"end":{"line":32,"column":27}},"16":{"start":{"line":41,"column":2},"end":{"line":41,"column":null}},"17":{"start":{"line":38,"column":10},"end":{"line":38,"column":23}},"18":{"start":{"line":39,"column":38},"end":{"line":39,"column":62}},"19":{"start":{"line":13,"column":21},"end":{"line":58,"column":null}},"20":{"start":{"line":13,"column":21},"end":{"line":13,"column":30}}},"fnMap":{"0":{"name":"(anonymous_10)","decl":{"start":{"line":43,"column":2},"end":{"line":43,"column":8}},"loc":{"start":{"line":43,"column":23},"end":{"line":50,"column":null}}},"1":{"name":"(anonymous_12)","decl":{"start":{"line":52,"column":2},"end":{"line":52,"column":8}},"loc":{"start":{"line":52,"column":43},"end":{"line":57,"column":null}}},"2":{"name":"(anonymous_14)","decl":{"start":{"line":32,"column":13},"end":{"line":32,"column":16}},"loc":{"start":{"line":32,"column":19},"end":{"line":32,"column":27}}},"3":{"name":"(anonymous_15)","decl":{"start":{"line":38,"column":4},"end":{"line":38,"column":7}},"loc":{"start":{"line":38,"column":10},"end":{"line":38,"column":23}}},"4":{"name":"(anonymous_16)","decl":{"start":{"line":39,"column":4},"end":{"line":39,"column":5}},"loc":{"start":{"line":39,"column":38},"end":{"line":39,"column":62}}}},"branchMap":{},"s":{"0":1,"1":1,"2":1,"3":1,"4":0,"5":0,"6":0,"7":0,"8":1,"9":1,"10":1,"11":1,"12":1,"13":1,"14":1,"15":0,"16":1,"17":0,"18":0,"19":1,"20":1},"f":{"0":0,"1":0,"2":0,"3":0,"4":0},"b":{}}
,"/home/lucas/projetos/Drivent/projeto-drivent-back-main/src/entities/Activity_User.ts": {"path":"/home/lucas/projetos/Drivent/projeto-drivent-back-main/src/entities/Activity_User.ts","statementMap":{"0":{"start":{"line":1,"column":0},"end":{"line":1,"column":80}},"1":{"start":{"line":2,"column":0},"end":{"line":2,"column":34}},"2":{"start":{"line":3,"column":0},"end":{"line":3,"column":26}},"3":{"start":{"line":6,"column":0},"end":{"line":15,"column":null}},"4":{"start":{"line":8,"column":2},"end":{"line":8,"column":null}},"5":{"start":{"line":11,"column":2},"end":{"line":11,"column":null}},"6":{"start":{"line":10,"column":19},"end":{"line":10,"column":27}},"7":{"start":{"line":10,"column":53},"end":{"line":10,"column":72}},"8":{"start":{"line":14,"column":2},"end":{"line":14,"column":null}},"9":{"start":{"line":13,"column":19},"end":{"line":13,"column":23}},"10":{"start":{"line":13,"column":41},"end":{"line":13,"column":54}},"11":{"start":{"line":6,"column":21},"end":{"line":15,"column":null}},"12":{"start":{"line":6,"column":21},"end":{"line":6,"column":35}}},"fnMap":{"0":{"name":"(anonymous_3)","decl":{"start":{"line":10,"column":13},"end":{"line":10,"column":16}},"loc":{"start":{"line":10,"column":19},"end":{"line":10,"column":27}}},"1":{"name":"(anonymous_4)","decl":{"start":{"line":10,"column":29},"end":{"line":10,"column":30}},"loc":{"start":{"line":10,"column":53},"end":{"line":10,"column":72}}},"2":{"name":"(anonymous_5)","decl":{"start":{"line":13,"column":13},"end":{"line":13,"column":16}},"loc":{"start":{"line":13,"column":19},"end":{"line":13,"column":23}}},"3":{"name":"(anonymous_6)","decl":{"start":{"line":13,"column":25},"end":{"line":13,"column":26}},"loc":{"start":{"line":13,"column":41},"end":{"line":13,"column":54}}}},"branchMap":{},"s":{"0":1,"1":1,"2":1,"3":1,"4":1,"5":1,"6":0,"7":0,"8":1,"9":0,"10":0,"11":1,"12":1},"f":{"0":0,"1":0,"2":0,"3":0},"b":{}}
,"/home/lucas/projetos/Drivent/projeto-drivent-back-main/src/entities/Address.ts": {"path":"/home/lucas/projetos/Drivent/projeto-drivent-back-main/src/entities/Address.ts","statementMap":{"0":{"start":{"line":1,"column":0},"end":{"line":1,"column":99}},"1":{"start":{"line":2,"column":0},"end":{"line":2,"column":38}},"2":{"start":{"line":5,"column":0},"end":{"line":36,"column":null}},"3":{"start":{"line":7,"column":2},"end":{"line":7,"column":null}},"4":{"start":{"line":10,"column":2},"end":{"line":10,"column":null}},"5":{"start":{"line":13,"column":2},"end":{"line":13,"column":null}},"6":{"start":{"line":16,"column":2},"end":{"line":16,"column":null}},"7":{"start":{"line":19,"column":2},"end":{"line":19,"column":null}},"8":{"start":{"line":22,"column":2},"end":{"line":22,"column":null}},"9":{"start":{"line":25,"column":2},"end":{"line":25,"column":null}},"10":{"start":{"line":28,"column":2},"end":{"line":28,"column":null}},"11":{"start":{"line":31,"column":2},"end":{"line":31,"column":null}},"12":{"start":{"line":35,"column":2},"end":{"line":35,"column":null}},"13":{"start":{"line":33,"column":18},"end":{"line":33,"column":28}},"14":{"start":{"line":33,"column":58},"end":{"line":33,"column":76}},"15":{"start":{"line":5,"column":21},"end":{"line":36,"column":null}},"16":{"start":{"line":5,"column":21},"end":{"line":5,"column":29}}},"fnMap":{"0":{"name":"(anonymous_3)","decl":{"start":{"line":33,"column":12},"end":{"line":33,"column":15}},"loc":{"start":{"line":33,"column":18},"end":{"line":33,"column":28}}},"1":{"name":"(anonymous_4)","decl":{"start":{"line":33,"column":30},"end":{"line":33,"column":31}},"loc":{"start":{"line":33,"column":58},"end":{"line":33,"column":76}}}},"branchMap":{},"s":{"0":1,"1":1,"2":1,"3":1,"4":1,"5":1,"6":1,"7":1,"8":1,"9":1,"10":1,"11":1,"12":1,"13":0,"14":0,"15":1,"16":1},"f":{"0":0,"1":0},"b":{}}
,"/home/lucas/projetos/Drivent/projeto-drivent-back-main/src/entities/Booking.ts": {"path":"/home/lucas/projetos/Drivent/projeto-drivent-back-main/src/entities/Booking.ts","statementMap":{"0":{"start":{"line":1,"column":0},"end":{"line":1,"column":null}},"1":{"start":{"line":9,"column":0},"end":{"line":9,"column":26}},"2":{"start":{"line":10,"column":0},"end":{"line":10,"column":34}},"3":{"start":{"line":11,"column":0},"end":{"line":11,"column":28}},"4":{"start":{"line":13,"column":0},"end":{"line":13,"column":51}},"5":{"start":{"line":14,"column":0},"end":{"line":14,"column":63}},"6":{"start":{"line":17,"column":0},"end":{"line":91,"column":null}},"7":{"start":{"line":48,"column":23},"end":{"line":48,"column":77}},"8":{"start":{"line":49,"column":4},"end":{"line":49,"column":76}},"9":{"start":{"line":49,"column":20},"end":{"line":49,"column":76}},"10":{"start":{"line":50,"column":4},"end":{"line":57,"column":null}},"11":{"start":{"line":51,"column":28},"end":{"line":53,"column":8}},"12":{"start":{"line":54,"column":6},"end":{"line":56,"column":null}},"13":{"start":{"line":55,"column":8},"end":{"line":55,"column":74}},"14":{"start":{"line":58,"column":29},"end":{"line":60,"column":6}},"15":{"start":{"line":61,"column":4},"end":{"line":63,"column":null}},"16":{"start":{"line":62,"column":6},"end":{"line":62,"column":72}},"17":{"start":{"line":64,"column":23},"end":{"line":64,"column":40}},"18":{"start":{"line":65,"column":4},"end":{"line":65,"column":28}},"19":{"start":{"line":66,"column":4},"end":{"line":66,"column":22}},"20":{"start":{"line":70,"column":20},"end":{"line":70,"column":61}},"21":{"start":{"line":72,"column":4},"end":{"line":80,"column":null}},"22":{"start":{"line":73,"column":6},"end":{"line":79,"column":8}},"23":{"start":{"line":82,"column":4},"end":{"line":82,"column":14}},"24":{"start":{"line":86,"column":20},"end":{"line":86,"column":61}},"25":{"start":{"line":87,"column":4},"end":{"line":87,"column":84}},"26":{"start":{"line":87,"column":24},"end":{"line":87,"column":84}},"27":{"start":{"line":88,"column":4},"end":{"line":88,"column":26}},"28":{"start":{"line":89,"column":4},"end":{"line":89,"column":25}},"29":{"start":{"line":19,"column":2},"end":{"line":19,"column":null}},"30":{"start":{"line":22,"column":2},"end":{"line":22,"column":null}},"31":{"start":{"line":25,"column":2},"end":{"line":25,"column":null}},"32":{"start":{"line":28,"column":2},"end":{"line":28,"column":null}},"33":{"start":{"line":31,"column":2},"end":{"line":31,"column":null}},"34":{"start":{"line":34,"column":2},"end":{"line":34,"column":null}},"35":{"start":{"line":37,"column":2},"end":{"line":37,"column":null}},"36":{"start":{"line":36,"column":18},"end":{"line":36,"column":22}},"37":{"start":{"line":36,"column":40},"end":{"line":36,"column":52}},"38":{"start":{"line":42,"column":2},"end":{"line":42,"column":null}},"39":{"start":{"line":39,"column":19},"end":{"line":39,"column":27}},"40":{"start":{"line":39,"column":53},"end":{"line":39,"column":69}},"41":{"start":{"line":45,"column":2},"end":{"line":45,"column":null}},"42":{"start":{"line":44,"column":19},"end":{"line":44,"column":24}},"43":{"start":{"line":44,"column":44},"end":{"line":44,"column":57}},"44":{"start":{"line":17,"column":21},"end":{"line":91,"column":null}},"45":{"start":{"line":17,"column":21},"end":{"line":17,"column":29}}},"fnMap":{"0":{"name":"(anonymous_10)","decl":{"start":{"line":47,"column":2},"end":{"line":47,"column":8}},"loc":{"start":{"line":47,"column":46},"end":{"line":67,"column":null}}},"1":{"name":"(anonymous_12)","decl":{"start":{"line":69,"column":2},"end":{"line":69,"column":8}},"loc":{"start":{"line":69,"column":40},"end":{"line":83,"column":null}}},"2":{"name":"(anonymous_14)","decl":{"start":{"line":85,"column":2},"end":{"line":85,"column":8}},"loc":{"start":{"line":85,"column":40},"end":{"line":90,"column":null}}},"3":{"name":"(anonymous_16)","decl":{"start":{"line":36,"column":12},"end":{"line":36,"column":15}},"loc":{"start":{"line":36,"column":18},"end":{"line":36,"column":22}}},"4":{"name":"(anonymous_17)","decl":{"start":{"line":36,"column":24},"end":{"line":36,"column":25}},"loc":{"start":{"line":36,"column":40},"end":{"line":36,"column":52}}},"5":{"name":"(anonymous_18)","decl":{"start":{"line":39,"column":13},"end":{"line":39,"column":16}},"loc":{"start":{"line":39,"column":19},"end":{"line":39,"column":27}}},"6":{"name":"(anonymous_19)","decl":{"start":{"line":39,"column":29},"end":{"line":39,"column":30}},"loc":{"start":{"line":39,"column":53},"end":{"line":39,"column":69}}},"7":{"name":"(anonymous_20)","decl":{"start":{"line":44,"column":13},"end":{"line":44,"column":16}},"loc":{"start":{"line":44,"column":19},"end":{"line":44,"column":24}}},"8":{"name":"(anonymous_21)","decl":{"start":{"line":44,"column":26},"end":{"line":44,"column":27}},"loc":{"start":{"line":44,"column":44},"end":{"line":44,"column":57}}}},"branchMap":{"0":{"loc":{"start":{"line":49,"column":4},"end":{"line":49,"column":76}},"type":"if","locations":[{"start":{"line":49,"column":4},"end":{"line":49,"column":76}},{"start":{"line":49,"column":4},"end":{"line":49,"column":76}}]},"1":{"loc":{"start":{"line":50,"column":4},"end":{"line":57,"column":null}},"type":"if","locations":[{"start":{"line":50,"column":4},"end":{"line":57,"column":null}},{"start":{"line":50,"column":4},"end":{"line":57,"column":null}}]},"2":{"loc":{"start":{"line":54,"column":6},"end":{"line":56,"column":null}},"type":"if","locations":[{"start":{"line":54,"column":6},"end":{"line":56,"column":null}},{"start":{"line":54,"column":6},"end":{"line":56,"column":null}}]},"3":{"loc":{"start":{"line":61,"column":4},"end":{"line":63,"column":null}},"type":"if","locations":[{"start":{"line":61,"column":4},"end":{"line":63,"column":null}},{"start":{"line":61,"column":4},"end":{"line":63,"column":null}}]},"4":{"loc":{"start":{"line":72,"column":4},"end":{"line":80,"column":null}},"type":"if","locations":[{"start":{"line":72,"column":4},"end":{"line":80,"column":null}},{"start":{"line":72,"column":4},"end":{"line":80,"column":null}}]},"5":{"loc":{"start":{"line":87,"column":4},"end":{"line":87,"column":84}},"type":"if","locations":[{"start":{"line":87,"column":4},"end":{"line":87,"column":84}},{"start":{"line":87,"column":4},"end":{"line":87,"column":84}}]}},"s":{"0":1,"1":1,"2":1,"3":1,"4":1,"5":1,"6":1,"7":0,"8":0,"9":0,"10":0,"11":0,"12":0,"13":0,"14":0,"15":0,"16":0,"17":0,"18":0,"19":0,"20":0,"21":0,"22":0,"23":0,"24":0,"25":0,"26":0,"27":0,"28":0,"29":1,"30":1,"31":1,"32":1,"33":1,"34":1,"35":1,"36":0,"37":0,"38":1,"39":0,"40":0,"41":1,"42":0,"43":0,"44":1,"45":1},"f":{"0":0,"1":0,"2":0,"3":0,"4":0,"5":0,"6":0,"7":0,"8":0},"b":{"0":[0,0],"1":[0,0],"2":[0,0],"3":[0,0],"4":[0,0],"5":[0,0]}}
,"/home/lucas/projetos/Drivent/projeto-drivent-back-main/src/entities/Enrollment.ts": {"path":"/home/lucas/projetos/Drivent/projeto-drivent-back-main/src/entities/Enrollment.ts","statementMap":{"0":{"start":{"line":1,"column":0},"end":{"line":1,"column":60}},"1":{"start":{"line":3,"column":0},"end":{"line":3,"column":87}},"2":{"start":{"line":4,"column":0},"end":{"line":4,"column":41}},"3":{"start":{"line":7,"column":31},"end":{"line":66,"column":null}},"4":{"start":{"line":30,"column":4},"end":{"line":30,"column":26}},"5":{"start":{"line":31,"column":4},"end":{"line":31,"column":24}},"6":{"start":{"line":32,"column":4},"end":{"line":32,"column":34}},"7":{"start":{"line":33,"column":4},"end":{"line":33,"column":28}},"8":{"start":{"line":34,"column":4},"end":{"line":34,"column":30}},"9":{"start":{"line":36,"column":4},"end":{"line":36,"column":38}},"10":{"start":{"line":37,"column":24},"end":{"line":37,"column":28}},"11":{"start":{"line":39,"column":4},"end":{"line":39,"column":35}},"12":{"start":{"line":40,"column":4},"end":{"line":40,"column":41}},"13":{"start":{"line":41,"column":4},"end":{"line":41,"column":37}},"14":{"start":{"line":42,"column":4},"end":{"line":42,"column":41}},"15":{"start":{"line":43,"column":4},"end":{"line":43,"column":39}},"16":{"start":{"line":44,"column":4},"end":{"line":44,"column":53}},"17":{"start":{"line":45,"column":4},"end":{"line":45,"column":55}},"18":{"start":{"line":49,"column":21},"end":{"line":49,"column":69}},"19":{"start":{"line":51,"column":4},"end":{"line":53,"column":null}},"20":{"start":{"line":52,"column":6},"end":{"line":52,"column":47}},"21":{"start":{"line":55,"column":4},"end":{"line":55,"column":39}},"22":{"start":{"line":56,"column":4},"end":{"line":56,"column":38}},"23":{"start":{"line":57,"column":4},"end":{"line":57,"column":28}},"24":{"start":{"line":59,"column":4},"end":{"line":59,"column":52}},"25":{"start":{"line":60,"column":4},"end":{"line":60,"column":36}},"26":{"start":{"line":64,"column":4},"end":{"line":64,"column":53}},"27":{"start":{"line":9,"column":2},"end":{"line":9,"column":null}},"28":{"start":{"line":12,"column":2},"end":{"line":12,"column":null}},"29":{"start":{"line":15,"column":2},"end":{"line":15,"column":null}},"30":{"start":{"line":18,"column":2},"end":{"line":18,"column":null}},"31":{"start":{"line":21,"column":2},"end":{"line":21,"column":null}},"32":{"start":{"line":24,"column":2},"end":{"line":24,"column":null}},"33":{"start":{"line":27,"column":2},"end":{"line":27,"column":null}},"34":{"start":{"line":26,"column":18},"end":{"line":26,"column":25}},"35":{"start":{"line":26,"column":40},"end":{"line":26,"column":58}},"36":{"start":{"line":7,"column":21},"end":{"line":66,"column":null}},"37":{"start":{"line":7,"column":21},"end":{"line":7,"column":32}}},"fnMap":{"0":{"name":"(anonymous_10)","decl":{"start":{"line":29,"column":2},"end":{"line":29,"column":18}},"loc":{"start":{"line":29,"column":39},"end":{"line":46,"column":3}}},"1":{"name":"(anonymous_11)","decl":{"start":{"line":48,"column":2},"end":{"line":48,"column":8}},"loc":{"start":{"line":48,"column":50},"end":{"line":61,"column":null}}},"2":{"name":"(anonymous_13)","decl":{"start":{"line":63,"column":2},"end":{"line":63,"column":8}},"loc":{"start":{"line":63,"column":52},"end":{"line":65,"column":null}}},"3":{"name":"(anonymous_15)","decl":{"start":{"line":26,"column":12},"end":{"line":26,"column":15}},"loc":{"start":{"line":26,"column":18},"end":{"line":26,"column":25}}},"4":{"name":"(anonymous_16)","decl":{"start":{"line":26,"column":27},"end":{"line":26,"column":28}},"loc":{"start":{"line":26,"column":40},"end":{"line":26,"column":58}}}},"branchMap":{"0":{"loc":{"start":{"line":36,"column":4},"end":{"line":36,"column":16}},"type":"binary-expr","locations":[{"start":{"line":36,"column":4},"end":{"line":36,"column":16}},{"start":{"line":36,"column":4},"end":{"line":36,"column":37}}]},"1":{"loc":{"start":{"line":51,"column":4},"end":{"line":53,"column":null}},"type":"if","locations":[{"start":{"line":51,"column":4},"end":{"line":53,"column":null}},{"start":{"line":51,"column":4},"end":{"line":53,"column":null}}]},"2":{"loc":{"start":{"line":51,"column":7},"end":{"line":51,"column":17}},"type":"binary-expr","locations":[{"start":{"line":51,"column":7},"end":{"line":51,"column":17}},{"start":{"line":51,"column":21},"end":{"line":51,"column":54}}]},"3":{"loc":{"start":{"line":55,"column":4},"end":{"line":55,"column":14}},"type":"binary-expr","locations":[{"start":{"line":55,"column":4},"end":{"line":55,"column":14}},{"start":{"line":55,"column":4},"end":{"line":55,"column":38}}]}},"s":{"0":1,"1":1,"2":1,"3":1,"4":0,"5":0,"6":0,"7":0,"8":0,"9":0,"10":0,"11":0,"12":0,"13":0,"14":0,"15":0,"16":0,"17":0,"18":0,"19":0,"20":0,"21":0,"22":0,"23":0,"24":0,"25":0,"26":0,"27":1,"28":1,"29":1,"30":1,"31":1,"32":1,"33":1,"34":0,"35":0,"36":1,"37":1},"f":{"0":0,"1":0,"2":0,"3":0,"4":0},"b":{"0":[0,0],"1":[0,0],"2":[0,0],"3":[0,0]}}
,"/home/lucas/projetos/Drivent/projeto-drivent-back-main/src/entities/Hotel.ts": {"path":"/home/lucas/projetos/Drivent/projeto-drivent-back-main/src/entities/Hotel.ts","statementMap":{"0":{"start":{"line":1,"column":0},"end":{"line":1,"column":88}},"1":{"start":{"line":2,"column":0},"end":{"line":2,"column":59}},"2":{"start":{"line":3,"column":0},"end":{"line":3,"column":35}},"3":{"start":{"line":5,"column":0},"end":{"line":5,"column":51}},"4":{"start":{"line":8,"column":0},"end":{"line":65,"column":null}},"5":{"start":{"line":25,"column":4},"end":{"line":29,"column":16}},"6":{"start":{"line":33,"column":19},"end":{"line":38,"column":15}},"7":{"start":{"line":40,"column":4},"end":{"line":40,"column":69}},"8":{"start":{"line":40,"column":43},"end":{"line":40,"column":69}},"9":{"start":{"line":41,"column":4},"end":{"line":41,"column":17}},"10":{"start":{"line":45,"column":4},"end":{"line":47,"column":10}},"11":{"start":{"line":46,"column":6},"end":{"line":46,"column":40}},"12":{"start":{"line":51,"column":18},"end":{"line":55,"column":6}},"13":{"start":{"line":56,"column":4},"end":{"line":58,"column":7}},"14":{"start":{"line":57,"column":6},"end":{"line":57,"column":32}},"15":{"start":{"line":59,"column":33},"end":{"line":59,"column":35}},"16":{"start":{"line":60,"column":4},"end":{"line":62,"column":7}},"17":{"start":{"line":61,"column":6},"end":{"line":61,"column":37}},"18":{"start":{"line":61,"column":15},"end":{"line":61,"column":37}},"19":{"start":{"line":63,"column":4},"end":{"line":63,"column":22}},"20":{"start":{"line":10,"column":2},"end":{"line":10,"column":null}},"21":{"start":{"line":13,"column":2},"end":{"line":13,"column":null}},"22":{"start":{"line":16,"column":2},"end":{"line":16,"column":null}},"23":{"start":{"line":19,"column":2},"end":{"line":19,"column":null}},"24":{"start":{"line":18,"column":19},"end":{"line":18,"column":23}},"25":{"start":{"line":18,"column":33},"end":{"line":18,"column":43}},"26":{"start":{"line":22,"column":2},"end":{"line":22,"column":null}},"27":{"start":{"line":21,"column":19},"end":{"line":21,"column":35}},"28":{"start":{"line":21,"column":58},"end":{"line":21,"column":81}},"29":{"start":{"line":8,"column":21},"end":{"line":65,"column":null}},"30":{"start":{"line":8,"column":21},"end":{"line":8,"column":27}}},"fnMap":{"0":{"name":"(anonymous_10)","decl":{"start":{"line":24,"column":2},"end":{"line":24,"column":8}},"loc":{"start":{"line":24,"column":41},"end":{"line":30,"column":null}}},"1":{"name":"(anonymous_12)","decl":{"start":{"line":32,"column":2},"end":{"line":32,"column":8}},"loc":{"start":{"line":32,"column":106},"end":{"line":42,"column":null}}},"2":{"name":"(anonymous_14)","decl":{"start":{"line":44,"column":2},"end":{"line":44,"column":16}},"loc":{"start":{"line":44,"column":16},"end":{"line":48,"column":3}}},"3":{"name":"(anonymous_15)","decl":{"start":{"line":45,"column":29},"end":{"line":45,"column":30}},"loc":{"start":{"line":45,"column":43},"end":{"line":47,"column":5}}},"4":{"name":"(anonymous_16)","decl":{"start":{"line":50,"column":2},"end":{"line":50,"column":12}},"loc":{"start":{"line":50,"column":12},"end":{"line":64,"column":3}}},"5":{"name":"(anonymous_17)","decl":{"start":{"line":56,"column":23},"end":{"line":56,"column":27}},"loc":{"start":{"line":56,"column":30},"end":{"line":58,"column":5}}},"6":{"name":"(anonymous_18)","decl":{"start":{"line":60,"column":34},"end":{"line":60,"column":35}},"loc":{"start":{"line":60,"column":40},"end":{"line":62,"column":5}}},"7":{"name":"(anonymous_19)","decl":{"start":{"line":18,"column":13},"end":{"line":18,"column":16}},"loc":{"start":{"line":18,"column":19},"end":{"line":18,"column":23}}},"8":{"name":"(anonymous_20)","decl":{"start":{"line":18,"column":25},"end":{"line":18,"column":29}},"loc":{"start":{"line":18,"column":33},"end":{"line":18,"column":43}}},"9":{"name":"(anonymous_21)","decl":{"start":{"line":21,"column":13},"end":{"line":21,"column":16}},"loc":{"start":{"line":21,"column":19},"end":{"line":21,"column":35}}},"10":{"name":"(anonymous_22)","decl":{"start":{"line":21,"column":37},"end":{"line":21,"column":54}},"loc":{"start":{"line":21,"column":58},"end":{"line":21,"column":81}}}},"branchMap":{"0":{"loc":{"start":{"line":40,"column":4},"end":{"line":40,"column":69}},"type":"if","locations":[{"start":{"line":40,"column":4},"end":{"line":40,"column":69}},{"start":{"line":40,"column":4},"end":{"line":40,"column":69}}]},"1":{"loc":{"start":{"line":40,"column":7},"end":{"line":40,"column":13}},"type":"binary-expr","locations":[{"start":{"line":40,"column":7},"end":{"line":40,"column":13}},{"start":{"line":40,"column":17},"end":{"line":40,"column":41}}]},"2":{"loc":{"start":{"line":61,"column":6},"end":{"line":61,"column":37}},"type":"if","locations":[{"start":{"line":61,"column":6},"end":{"line":61,"column":37}},{"start":{"line":61,"column":6},"end":{"line":61,"column":37}}]}},"s":{"0":1,"1":1,"2":1,"3":1,"4":1,"5":0,"6":0,"7":0,"8":0,"9":0,"10":0,"11":0,"12":0,"13":0,"14":0,"15":0,"16":0,"17":0,"18":0,"19":0,"20":1,"21":1,"22":1,"23":1,"24":0,"25":0,"26":1,"27":0,"28":0,"29":1,"30":1},"f":{"0":0,"1":0,"2":0,"3":0,"4":0,"5":0,"6":0,"7":0,"8":0,"9":0,"10":0},"b":{"0":[0,0],"1":[0,0],"2":[0,0]}}
,"/home/lucas/projetos/Drivent/projeto-drivent-back-main/src/entities/HotelReservation.ts": {"path":"/home/lucas/projetos/Drivent/projeto-drivent-back-main/src/entities/HotelReservation.ts","statementMap":{"0":{"start":{"line":1,"column":0},"end":{"line":1,"column":98}},"1":{"start":{"line":2,"column":0},"end":{"line":2,"column":37}},"2":{"start":{"line":3,"column":0},"end":{"line":3,"column":35}},"3":{"start":{"line":4,"column":0},"end":{"line":4,"column":35}},"4":{"start":{"line":7,"column":0},"end":{"line":36,"column":null}},"5":{"start":{"line":30,"column":4},"end":{"line":34,"column":16}},"6":{"start":{"line":9,"column":2},"end":{"line":9,"column":null}},"7":{"start":{"line":12,"column":2},"end":{"line":12,"column":null}},"8":{"start":{"line":15,"column":2},"end":{"line":15,"column":null}},"9":{"start":{"line":14,"column":19},"end":{"line":14,"column":24}},"10":{"start":{"line":14,"column":35},"end":{"line":14,"column":58}},"11":{"start":{"line":18,"column":2},"end":{"line":18,"column":null}},"12":{"start":{"line":21,"column":2},"end":{"line":21,"column":null}},"13":{"start":{"line":20,"column":18},"end":{"line":20,"column":22}},"14":{"start":{"line":20,"column":32},"end":{"line":20,"column":53}},"15":{"start":{"line":24,"column":2},"end":{"line":24,"column":null}},"16":{"start":{"line":27,"column":2},"end":{"line":27,"column":null}},"17":{"start":{"line":26,"column":19},"end":{"line":26,"column":23}},"18":{"start":{"line":26,"column":33},"end":{"line":26,"column":55}},"19":{"start":{"line":7,"column":21},"end":{"line":36,"column":null}},"20":{"start":{"line":7,"column":21},"end":{"line":7,"column":38}}},"fnMap":{"0":{"name":"(anonymous_10)","decl":{"start":{"line":29,"column":2},"end":{"line":29,"column":8}},"loc":{"start":{"line":29,"column":85},"end":{"line":35,"column":null}}},"1":{"name":"(anonymous_12)","decl":{"start":{"line":14,"column":13},"end":{"line":14,"column":16}},"loc":{"start":{"line":14,"column":19},"end":{"line":14,"column":24}}},"2":{"name":"(anonymous_13)","decl":{"start":{"line":14,"column":26},"end":{"line":14,"column":31}},"loc":{"start":{"line":14,"column":35},"end":{"line":14,"column":58}}},"3":{"name":"(anonymous_14)","decl":{"start":{"line":20,"column":12},"end":{"line":20,"column":15}},"loc":{"start":{"line":20,"column":18},"end":{"line":20,"column":22}}},"4":{"name":"(anonymous_15)","decl":{"start":{"line":20,"column":24},"end":{"line":20,"column":28}},"loc":{"start":{"line":20,"column":32},"end":{"line":20,"column":53}}},"5":{"name":"(anonymous_16)","decl":{"start":{"line":26,"column":13},"end":{"line":26,"column":16}},"loc":{"start":{"line":26,"column":19},"end":{"line":26,"column":23}}},"6":{"name":"(anonymous_17)","decl":{"start":{"line":26,"column":25},"end":{"line":26,"column":29}},"loc":{"start":{"line":26,"column":33},"end":{"line":26,"column":55}}}},"branchMap":{},"s":{"0":1,"1":1,"2":1,"3":1,"4":1,"5":0,"6":1,"7":1,"8":1,"9":0,"10":0,"11":1,"12":1,"13":0,"14":0,"15":1,"16":1,"17":0,"18":0,"19":1,"20":1},"f":{"0":0,"1":0,"2":0,"3":0,"4":0,"5":0,"6":0},"b":{}}
,"/home/lucas/projetos/Drivent/projeto-drivent-back-main/src/entities/Location.ts": {"path":"/home/lucas/projetos/Drivent/projeto-drivent-back-main/src/entities/Location.ts","statementMap":{"0":{"start":{"line":1,"column":0},"end":{"line":1,"column":77}},"1":{"start":{"line":4,"column":0},"end":{"line":10,"column":null}},"2":{"start":{"line":6,"column":2},"end":{"line":6,"column":null}},"3":{"start":{"line":9,"column":2},"end":{"line":9,"column":null}},"4":{"start":{"line":4,"column":21},"end":{"line":10,"column":null}},"5":{"start":{"line":4,"column":21},"end":{"line":4,"column":30}}},"fnMap":{},"branchMap":{},"s":{"0":1,"1":1,"2":1,"3":1,"4":1,"5":1},"f":{},"b":{}}
,"/home/lucas/projetos/Drivent/projeto-drivent-back-main/src/entities/Lodge.ts": {"path":"/home/lucas/projetos/Drivent/projeto-drivent-back-main/src/entities/Lodge.ts","statementMap":{"0":{"start":{"line":1,"column":0},"end":{"line":1,"column":null}},"1":{"start":{"line":8,"column":0},"end":{"line":8,"column":32}},"2":{"start":{"line":11,"column":0},"end":{"line":23,"column":null}},"3":{"start":{"line":13,"column":2},"end":{"line":13,"column":null}},"4":{"start":{"line":16,"column":2},"end":{"line":16,"column":null}},"5":{"start":{"line":19,"column":2},"end":{"line":19,"column":null}},"6":{"start":{"line":22,"column":2},"end":{"line":22,"column":null}},"7":{"start":{"line":21,"column":19},"end":{"line":21,"column":26}},"8":{"start":{"line":21,"column":50},"end":{"line":21,"column":63}},"9":{"start":{"line":11,"column":21},"end":{"line":23,"column":null}},"10":{"start":{"line":11,"column":21},"end":{"line":11,"column":27}}},"fnMap":{"0":{"name":"(anonymous_3)","decl":{"start":{"line":21,"column":13},"end":{"line":21,"column":16}},"loc":{"start":{"line":21,"column":19},"end":{"line":21,"column":26}}},"1":{"name":"(anonymous_4)","decl":{"start":{"line":21,"column":28},"end":{"line":21,"column":29}},"loc":{"start":{"line":21,"column":50},"end":{"line":21,"column":63}}}},"branchMap":{},"s":{"0":1,"1":1,"2":1,"3":1,"4":1,"5":1,"6":1,"7":0,"8":0,"9":1,"10":1},"f":{"0":0,"1":0},"b":{}}
,"/home/lucas/projetos/Drivent/projeto-drivent-back-main/src/entities/Modality.ts": {"path":"/home/lucas/projetos/Drivent/projeto-drivent-back-main/src/entities/Modality.ts","statementMap":{"0":{"start":{"line":1,"column":0},"end":{"line":1,"column":null}},"1":{"start":{"line":8,"column":0},"end":{"line":8,"column":32}},"2":{"start":{"line":11,"column":0},"end":{"line":23,"column":null}},"3":{"start":{"line":13,"column":2},"end":{"line":13,"column":null}},"4":{"start":{"line":16,"column":2},"end":{"line":16,"column":null}},"5":{"start":{"line":19,"column":2},"end":{"line":19,"column":null}},"6":{"start":{"line":22,"column":2},"end":{"line":22,"column":null}},"7":{"start":{"line":21,"column":19},"end":{"line":21,"column":26}},"8":{"start":{"line":21,"column":50},"end":{"line":21,"column":66}},"9":{"start":{"line":11,"column":21},"end":{"line":23,"column":null}},"10":{"start":{"line":11,"column":21},"end":{"line":11,"column":30}}},"fnMap":{"0":{"name":"(anonymous_3)","decl":{"start":{"line":21,"column":13},"end":{"line":21,"column":16}},"loc":{"start":{"line":21,"column":19},"end":{"line":21,"column":26}}},"1":{"name":"(anonymous_4)","decl":{"start":{"line":21,"column":28},"end":{"line":21,"column":29}},"loc":{"start":{"line":21,"column":50},"end":{"line":21,"column":66}}}},"branchMap":{},"s":{"0":1,"1":1,"2":1,"3":1,"4":1,"5":1,"6":1,"7":0,"8":0,"9":1,"10":1},"f":{"0":0,"1":0},"b":{}}
,"/home/lucas/projetos/Drivent/projeto-drivent-back-main/src/entities/Room.ts": {"path":"/home/lucas/projetos/Drivent/projeto-drivent-back-main/src/entities/Room.ts","statementMap":{"0":{"start":{"line":1,"column":0},"end":{"line":1,"column":99}},"1":{"start":{"line":2,"column":0},"end":{"line":2,"column":37}},"2":{"start":{"line":3,"column":0},"end":{"line":3,"column":59}},"3":{"start":{"line":6,"column":0},"end":{"line":51,"column":null}},"4":{"start":{"line":29,"column":4},"end":{"line":29,"column":29}},"5":{"start":{"line":30,"column":4},"end":{"line":30,"column":22}},"6":{"start":{"line":34,"column":4},"end":{"line":34,"column":29}},"7":{"start":{"line":35,"column":4},"end":{"line":35,"column":22}},"8":{"start":{"line":39,"column":4},"end":{"line":39,"column":55}},"9":{"start":{"line":43,"column":4},"end":{"line":45,"column":null}},"10":{"start":{"line":44,"column":6},"end":{"line":44,"column":22}},"11":{"start":{"line":46,"column":4},"end":{"line":48,"column":null}},"12":{"start":{"line":47,"column":6},"end":{"line":47,"column":22}},"13":{"start":{"line":49,"column":4},"end":{"line":49,"column":20}},"14":{"start":{"line":8,"column":2},"end":{"line":8,"column":null}},"15":{"start":{"line":11,"column":2},"end":{"line":11,"column":null}},"16":{"start":{"line":14,"column":2},"end":{"line":14,"column":null}},"17":{"start":{"line":17,"column":2},"end":{"line":17,"column":null}},"18":{"start":{"line":20,"column":2},"end":{"line":20,"column":null}},"19":{"start":{"line":23,"column":2},"end":{"line":23,"column":null}},"20":{"start":{"line":22,"column":19},"end":{"line":22,"column":24}},"21":{"start":{"line":22,"column":35},"end":{"line":22,"column":46}},"22":{"start":{"line":26,"column":2},"end":{"line":26,"column":null}},"23":{"start":{"line":25,"column":19},"end":{"line":25,"column":35}},"24":{"start":{"line":25,"column":58},"end":{"line":25,"column":81}},"25":{"start":{"line":6,"column":21},"end":{"line":51,"column":null}},"26":{"start":{"line":6,"column":21},"end":{"line":6,"column":26}}},"fnMap":{"0":{"name":"(anonymous_10)","decl":{"start":{"line":28,"column":8},"end":{"line":28,"column":34}},"loc":{"start":{"line":28,"column":34},"end":{"line":31,"column":null}}},"1":{"name":"(anonymous_12)","decl":{"start":{"line":33,"column":8},"end":{"line":33,"column":34}},"loc":{"start":{"line":33,"column":34},"end":{"line":36,"column":null}}},"2":{"name":"(anonymous_14)","decl":{"start":{"line":38,"column":2},"end":{"line":38,"column":15}},"loc":{"start":{"line":38,"column":15},"end":{"line":40,"column":3}}},"3":{"name":"(anonymous_15)","decl":{"start":{"line":42,"column":2},"end":{"line":42,"column":6}},"loc":{"start":{"line":42,"column":6},"end":{"line":50,"column":3}}},"4":{"name":"(anonymous_16)","decl":{"start":{"line":22,"column":13},"end":{"line":22,"column":16}},"loc":{"start":{"line":22,"column":19},"end":{"line":22,"column":24}}},"5":{"name":"(anonymous_17)","decl":{"start":{"line":22,"column":26},"end":{"line":22,"column":31}},"loc":{"start":{"line":22,"column":35},"end":{"line":22,"column":46}}},"6":{"name":"(anonymous_18)","decl":{"start":{"line":25,"column":13},"end":{"line":25,"column":16}},"loc":{"start":{"line":25,"column":19},"end":{"line":25,"column":35}}},"7":{"name":"(anonymous_19)","decl":{"start":{"line":25,"column":37},"end":{"line":25,"column":54}},"loc":{"start":{"line":25,"column":58},"end":{"line":25,"column":81}}}},"branchMap":{"0":{"loc":{"start":{"line":43,"column":4},"end":{"line":45,"column":null}},"type":"if","locations":[{"start":{"line":43,"column":4},"end":{"line":45,"column":null}},{"start":{"line":43,"column":4},"end":{"line":45,"column":null}}]},"1":{"loc":{"start":{"line":46,"column":4},"end":{"line":48,"column":null}},"type":"if","locations":[{"start":{"line":46,"column":4},"end":{"line":48,"column":null}},{"start":{"line":46,"column":4},"end":{"line":48,"column":null}}]}},"s":{"0":1,"1":1,"2":1,"3":1,"4":0,"5":0,"6":0,"7":0,"8":0,"9":0,"10":0,"11":0,"12":0,"13":0,"14":1,"15":1,"16":1,"17":1,"18":1,"19":1,"20":0,"21":0,"22":1,"23":0,"24":0,"25":1,"26":1},"f":{"0":0,"1":0,"2":0,"3":0,"4":0,"5":0,"6":0,"7":0},"b":{"0":[0,0],"1":[0,0]}}
,"/home/lucas/projetos/Drivent/projeto-drivent-back-main/src/entities/Setting.ts": {"path":"/home/lucas/projetos/Drivent/projeto-drivent-back-main/src/entities/Setting.ts","statementMap":{"0":{"start":{"line":1,"column":0},"end":{"line":1,"column":77}},"1":{"start":{"line":4,"column":0},"end":{"line":28,"column":null}},"2":{"start":{"line":15,"column":21},"end":{"line":15,"column":38}},"3":{"start":{"line":17,"column":21},"end":{"line":18,"column":49}},"4":{"start":{"line":18,"column":6},"end":{"line":18,"column":49}},"5":{"start":{"line":18,"column":27},"end":{"line":18,"column":42}},"6":{"start":{"line":20,"column":4},"end":{"line":26,"column":6}},"7":{"start":{"line":6,"column":2},"end":{"line":6,"column":null}},"8":{"start":{"line":9,"column":2},"end":{"line":9,"column":null}},"9":{"start":{"line":12,"column":2},"end":{"line":12,"column":null}},"10":{"start":{"line":4,"column":21},"end":{"line":28,"column":null}},"11":{"start":{"line":4,"column":21},"end":{"line":4,"column":29}}},"fnMap":{"0":{"name":"(anonymous_9)","decl":{"start":{"line":14,"column":2},"end":{"line":14,"column":8}},"loc":{"start":{"line":14,"column":31},"end":{"line":27,"column":null}}},"1":{"name":"(anonymous_11)","decl":{"start":{"line":17,"column":21},"end":{"line":17,"column":22}},"loc":{"start":{"line":18,"column":6},"end":{"line":18,"column":49}}},"2":{"name":"(anonymous_12)","decl":{"start":{"line":18,"column":20},"end":{"line":18,"column":21}},"loc":{"start":{"line":18,"column":27},"end":{"line":18,"column":42}}}},"branchMap":{},"s":{"0":1,"1":1,"2":0,"3":0,"4":0,"5":0,"6":0,"7":1,"8":1,"9":1,"10":1,"11":1},"f":{"0":0,"1":0,"2":0},"b":{}}
,"/home/lucas/projetos/Drivent/projeto-drivent-back-main/src/entities/User.ts": {"path":"/home/lucas/projetos/Drivent/projeto-drivent-back-main/src/entities/User.ts","statementMap":{"0":{"start":{"line":1,"column":0},"end":{"line":1,"column":null}},"1":{"start":{"line":9,"column":0},"end":{"line":9,"column":28}},"2":{"start":{"line":10,"column":0},"end":{"line":10,"column":64}},"3":{"start":{"line":11,"column":0},"end":{"line":11,"column":59}},"4":{"start":{"line":12,"column":0},"end":{"line":12,"column":32}},"5":{"start":{"line":13,"column":0},"end":{"line":13,"column":44}},"6":{"start":{"line":16,"column":0},"end":{"line":71,"column":null}},"7":{"start":{"line":41,"column":4},"end":{"line":41,"column":45}},"8":{"start":{"line":42,"column":27},"end":{"line":42,"column":54}},"9":{"start":{"line":44,"column":20},"end":{"line":44,"column":68}},"10":{"start":{"line":45,"column":4},"end":{"line":45,"column":25}},"11":{"start":{"line":47,"column":4},"end":{"line":47,"column":19}},"12":{"start":{"line":51,"column":4},"end":{"line":51,"column":41}},"13":{"start":{"line":55,"column":17},"end":{"line":55,"column":46}},"14":{"start":{"line":57,"column":4},"end":{"line":59,"column":null}},"15":{"start":{"line":58,"column":6},"end":{"line":58,"column":46}},"16":{"start":{"line":63,"column":17},"end":{"line":63,"column":46}},"17":{"start":{"line":65,"column":4},"end":{"line":67,"column":null}},"18":{"start":{"line":66,"column":6},"end":{"line":66,"column":18}},"19":{"start":{"line":69,"column":4},"end":{"line":69,"column":16}},"20":{"start":{"line":18,"column":2},"end":{"line":18,"column":null}},"21":{"start":{"line":21,"column":2},"end":{"line":21,"column":null}},"22":{"start":{"line":24,"column":2},"end":{"line":24,"column":null}},"23":{"start":{"line":27,"column":2},"end":{"line":27,"column":null}},"24":{"start":{"line":26,"column":46},"end":{"line":26,"column":65}},"25":{"start":{"line":30,"column":2},"end":{"line":30,"column":null}},"26":{"start":{"line":29,"column":18},"end":{"line":29,"column":34}},"27":{"start":{"line":29,"column":58},"end":{"line":29,"column":79}},"28":{"start":{"line":33,"column":2},"end":{"line":33,"column":null}},"29":{"start":{"line":32,"column":18},"end":{"line":32,"column":25}},"30":{"start":{"line":32,"column":49},"end":{"line":32,"column":61}},"31":{"start":{"line":38,"column":2},"end":{"line":38,"column":null}},"32":{"start":{"line":35,"column":19},"end":{"line":35,"column":32}},"33":{"start":{"line":35,"column":63},"end":{"line":35,"column":76}},"34":{"start":{"line":16,"column":21},"end":{"line":71,"column":null}},"35":{"start":{"line":16,"column":21},"end":{"line":16,"column":26}}},"fnMap":{"0":{"name":"(anonymous_10)","decl":{"start":{"line":40,"column":2},"end":{"line":40,"column":8}},"loc":{"start":{"line":40,"column":56},"end":{"line":48,"column":null}}},"1":{"name":"(anonymous_12)","decl":{"start":{"line":50,"column":2},"end":{"line":50,"column":8}},"loc":{"start":{"line":50,"column":38},"end":{"line":52,"column":3}}},"2":{"name":"(anonymous_13)","decl":{"start":{"line":54,"column":2},"end":{"line":54,"column":8}},"loc":{"start":{"line":54,"column":51},"end":{"line":60,"column":null}}},"3":{"name":"(anonymous_15)","decl":{"start":{"line":62,"column":2},"end":{"line":62,"column":8}},"loc":{"start":{"line":62,"column":69},"end":{"line":70,"column":null}}},"4":{"name":"(anonymous_17)","decl":{"start":{"line":26,"column":40},"end":{"line":26,"column":43}},"loc":{"start":{"line":26,"column":46},"end":{"line":26,"column":65}}},"5":{"name":"(anonymous_18)","decl":{"start":{"line":29,"column":12},"end":{"line":29,"column":15}},"loc":{"start":{"line":29,"column":18},"end":{"line":29,"column":34}}},"6":{"name":"(anonymous_19)","decl":{"start":{"line":29,"column":36},"end":{"line":29,"column":37}},"loc":{"start":{"line":29,"column":58},"end":{"line":29,"column":79}}},"7":{"name":"(anonymous_20)","decl":{"start":{"line":32,"column":12},"end":{"line":32,"column":15}},"loc":{"start":{"line":32,"column":18},"end":{"line":32,"column":25}}},"8":{"name":"(anonymous_21)","decl":{"start":{"line":32,"column":27},"end":{"line":32,"column":28}},"loc":{"start":{"line":32,"column":49},"end":{"line":32,"column":61}}},"9":{"name":"(anonymous_22)","decl":{"start":{"line":35,"column":13},"end":{"line":35,"column":16}},"loc":{"start":{"line":35,"column":19},"end":{"line":35,"column":32}}},"10":{"name":"(anonymous_23)","decl":{"start":{"line":35,"column":34},"end":{"line":35,"column":35}},"loc":{"start":{"line":35,"column":63},"end":{"line":35,"column":76}}}},"branchMap":{"0":{"loc":{"start":{"line":57,"column":4},"end":{"line":59,"column":null}},"type":"if","locations":[{"start":{"line":57,"column":4},"end":{"line":59,"column":null}},{"start":{"line":57,"column":4},"end":{"line":59,"column":null}}]},"1":{"loc":{"start":{"line":65,"column":4},"end":{"line":67,"column":null}},"type":"if","locations":[{"start":{"line":65,"column":4},"end":{"line":67,"column":null}},{"start":{"line":65,"column":4},"end":{"line":67,"column":null}}]},"2":{"loc":{"start":{"line":65,"column":8},"end":{"line":65,"column":12}},"type":"binary-expr","locations":[{"start":{"line":65,"column":8},"end":{"line":65,"column":12}},{"start":{"line":65,"column":16},"end":{"line":65,"column":59}}]}},"s":{"0":1,"1":1,"2":1,"3":1,"4":1,"5":1,"6":1,"7":0,"8":0,"9":0,"10":0,"11":0,"12":0,"13":0,"14":0,"15":0,"16":0,"17":0,"18":0,"19":0,"20":1,"21":1,"22":1,"23":1,"24":0,"25":1,"26":0,"27":0,"28":1,"29":0,"30":0,"31":1,"32":0,"33":0,"34":1,"35":1},"f":{"0":0,"1":0,"2":0,"3":0,"4":0,"5":0,"6":0,"7":0,"8":0,"9":0,"10":0},"b":{"0":[0,0],"1":[0,0],"2":[0,0]}}
,"/home/lucas/projetos/Drivent/projeto-drivent-back-main/src/errors/CannotEnrollBeforeStartDate.ts": {"path":"/home/lucas/projetos/Drivent/projeto-drivent-back-main/src/errors/CannotEnrollBeforeStartDate.ts","statementMap":{"0":{"start":{"line":3,"column":4},"end":{"line":3,"column":52}},"1":{"start":{"line":5,"column":4},"end":{"line":5,"column":51}},"2":{"start":{"line":1,"column":0},"end":{"line":1,"column":21}}},"fnMap":{"0":{"name":"(anonymous_0)","decl":{"start":{"line":2,"column":2},"end":{"line":2,"column":null}},"loc":{"start":{"line":2,"column":2},"end":{"line":6,"column":3}}}},"branchMap":{},"s":{"0":0,"1":0,"2":1},"f":{"0":0},"b":{}}
,"/home/lucas/projetos/Drivent/projeto-drivent-back-main/src/errors/ConflictError.ts": {"path":"/home/lucas/projetos/Drivent/projeto-drivent-back-main/src/errors/ConflictError.ts","statementMap":{"0":{"start":{"line":3,"column":4},"end":{"line":3,"column":19}},"1":{"start":{"line":5,"column":4},"end":{"line":5,"column":32}},"2":{"start":{"line":1,"column":0},"end":{"line":1,"column":21}}},"fnMap":{"0":{"name":"(anonymous_0)","decl":{"start":{"line":2,"column":2},"end":{"line":2,"column":14}},"loc":{"start":{"line":2,"column":29},"end":{"line":6,"column":3}}}},"branchMap":{},"s":{"0":0,"1":0,"2":1},"f":{"0":0},"b":{}}
,"/home/lucas/projetos/Drivent/projeto-drivent-back-main/src/errors/CpfNotAvailable.ts": {"path":"/home/lucas/projetos/Drivent/projeto-drivent-back-main/src/errors/CpfNotAvailable.ts","statementMap":{"0":{"start":{"line":1,"column":0},"end":{"line":1,"column":51}},"1":{"start":{"line":5,"column":4},"end":{"line":5,"column":57}},"2":{"start":{"line":7,"column":4},"end":{"line":7,"column":34}},"3":{"start":{"line":3,"column":0},"end":{"line":3,"column":21}}},"fnMap":{"0":{"name":"(anonymous_1)","decl":{"start":{"line":4,"column":2},"end":{"line":4,"column":14}},"loc":{"start":{"line":4,"column":25},"end":{"line":8,"column":3}}}},"branchMap":{},"s":{"0":1,"1":0,"2":0,"3":1},"f":{"0":0},"b":{}}
,"/home/lucas/projetos/Drivent/projeto-drivent-back-main/src/errors/EmailNotAvailable.ts": {"path":"/home/lucas/projetos/Drivent/projeto-drivent-back-main/src/errors/EmailNotAvailable.ts","statementMap":{"0":{"start":{"line":1,"column":0},"end":{"line":1,"column":51}},"1":{"start":{"line":5,"column":4},"end":{"line":5,"column":61}},"2":{"start":{"line":7,"column":4},"end":{"line":7,"column":41}},"3":{"start":{"line":3,"column":0},"end":{"line":3,"column":21}}},"fnMap":{"0":{"name":"(anonymous_1)","decl":{"start":{"line":4,"column":2},"end":{"line":4,"column":14}},"loc":{"start":{"line":4,"column":27},"end":{"line":8,"column":3}}}},"branchMap":{},"s":{"0":1,"1":0,"2":0,"3":1},"f":{"0":0},"b":{}}
,"/home/lucas/projetos/Drivent/projeto-drivent-back-main/src/errors/InvalidBooking.ts": {"path":"/home/lucas/projetos/Drivent/projeto-drivent-back-main/src/errors/InvalidBooking.ts","statementMap":{"0":{"start":{"line":3,"column":4},"end":{"line":3,"column":54}},"1":{"start":{"line":5,"column":4},"end":{"line":5,"column":35}},"2":{"start":{"line":1,"column":0},"end":{"line":1,"column":21}}},"fnMap":{"0":{"name":"(anonymous_0)","decl":{"start":{"line":2,"column":2},"end":{"line":2,"column":null}},"loc":{"start":{"line":2,"column":2},"end":{"line":6,"column":3}}}},"branchMap":{},"s":{"0":0,"1":0,"2":1},"f":{"0":0},"b":{}}
,"/home/lucas/projetos/Drivent/projeto-drivent-back-main/src/errors/InvalidData.ts": {"path":"/home/lucas/projetos/Drivent/projeto-drivent-back-main/src/errors/InvalidData.ts","statementMap":{"0":{"start":{"line":5,"column":4},"end":{"line":5,"column":29}},"1":{"start":{"line":7,"column":4},"end":{"line":7,"column":27}},"2":{"start":{"line":8,"column":4},"end":{"line":8,"column":35}},"3":{"start":{"line":1,"column":0},"end":{"line":1,"column":21}}},"fnMap":{"0":{"name":"(anonymous_0)","decl":{"start":{"line":4,"column":2},"end":{"line":4,"column":14}},"loc":{"start":{"line":4,"column":45},"end":{"line":9,"column":3}}}},"branchMap":{},"s":{"0":0,"1":0,"2":0,"3":1},"f":{"0":0},"b":{}}
,"/home/lucas/projetos/Drivent/projeto-drivent-back-main/src/errors/InvalidEmail.ts": {"path":"/home/lucas/projetos/Drivent/projeto-drivent-back-main/src/errors/InvalidEmail.ts","statementMap":{"0":{"start":{"line":3,"column":4},"end":{"line":3,"column":46}},"1":{"start":{"line":5,"column":4},"end":{"line":5,"column":36}},"2":{"start":{"line":1,"column":0},"end":{"line":1,"column":21}}},"fnMap":{"0":{"name":"(anonymous_0)","decl":{"start":{"line":2,"column":2},"end":{"line":2,"column":14}},"loc":{"start":{"line":2,"column":27},"end":{"line":6,"column":3}}}},"branchMap":{},"s":{"0":0,"1":0,"2":1},"f":{"0":0},"b":{}}
,"/home/lucas/projetos/Drivent/projeto-drivent-back-main/src/errors/NotFoundError.ts": {"path":"/home/lucas/projetos/Drivent/projeto-drivent-back-main/src/errors/NotFoundError.ts","statementMap":{"0":{"start":{"line":3,"column":4},"end":{"line":3,"column":40}},"1":{"start":{"line":5,"column":4},"end":{"line":5,"column":32}},"2":{"start":{"line":1,"column":0},"end":{"line":1,"column":21}}},"fnMap":{"0":{"name":"(anonymous_0)","decl":{"start":{"line":2,"column":2},"end":{"line":2,"column":null}},"loc":{"start":{"line":2,"column":2},"end":{"line":6,"column":3}}}},"branchMap":{},"s":{"0":0,"1":0,"2":1},"f":{"0":0},"b":{}}
,"/home/lucas/projetos/Drivent/projeto-drivent-back-main/src/errors/Unauthorized.ts": {"path":"/home/lucas/projetos/Drivent/projeto-drivent-back-main/src/errors/Unauthorized.ts","statementMap":{"0":{"start":{"line":3,"column":4},"end":{"line":3,"column":47}},"1":{"start":{"line":5,"column":4},"end":{"line":5,"column":36}},"2":{"start":{"line":1,"column":0},"end":{"line":1,"column":21}}},"fnMap":{"0":{"name":"(anonymous_0)","decl":{"start":{"line":2,"column":2},"end":{"line":2,"column":null}},"loc":{"start":{"line":2,"column":2},"end":{"line":6,"column":3}}}},"branchMap":{},"s":{"0":1,"1":1,"2":1},"f":{"0":1},"b":{}}
,"/home/lucas/projetos/Drivent/projeto-drivent-back-main/src/errors/UnprocessableEntity.ts": {"path":"/home/lucas/projetos/Drivent/projeto-drivent-back-main/src/errors/UnprocessableEntity.ts","statementMap":{"0":{"start":{"line":3,"column":4},"end":{"line":3,"column":19}},"1":{"start":{"line":5,"column":4},"end":{"line":5,"column":43}},"2":{"start":{"line":1,"column":0},"end":{"line":1,"column":21}}},"fnMap":{"0":{"name":"(anonymous_0)","decl":{"start":{"line":2,"column":2},"end":{"line":2,"column":14}},"loc":{"start":{"line":2,"column":29},"end":{"line":6,"column":3}}}},"branchMap":{},"s":{"0":0,"1":0,"2":1},"f":{"0":0},"b":{}}
,"/home/lucas/projetos/Drivent/projeto-drivent-back-main/src/middlewares/errorHandlingMiddleware.ts": {"path":"/home/lucas/projetos/Drivent/projeto-drivent-back-main/src/middlewares/errorHandlingMiddleware.ts","statementMap":{"0":{"start":{"line":2,"column":0},"end":{"line":2,"column":37}},"1":{"start":{"line":4,"column":0},"end":{"line":4,"column":54}},"2":{"start":{"line":5,"column":0},"end":{"line":5,"column":84}},"3":{"start":{"line":6,"column":0},"end":{"line":6,"column":52}},"4":{"start":{"line":7,"column":0},"end":{"line":7,"column":51}},"5":{"start":{"line":8,"column":0},"end":{"line":8,"column":54}},"6":{"start":{"line":9,"column":0},"end":{"line":9,"column":51}},"7":{"start":{"line":10,"column":0},"end":{"line":10,"column":63}},"8":{"start":{"line":11,"column":0},"end":{"line":11,"column":58}},"9":{"start":{"line":15,"column":2},"end":{"line":19,"column":null}},"10":{"start":{"line":16,"column":4},"end":{"line":18,"column":7}},"11":{"start":{"line":21,"column":2},"end":{"line":25,"column":null}},"12":{"start":{"line":22,"column":4},"end":{"line":24,"column":7}},"13":{"start":{"line":27,"column":2},"end":{"line":32,"column":null}},"14":{"start":{"line":28,"column":4},"end":{"line":31,"column":7}},"15":{"start":{"line":34,"column":2},"end":{"line":38,"column":null}},"16":{"start":{"line":35,"column":4},"end":{"line":37,"column":7}},"17":{"start":{"line":40,"column":2},"end":{"line":44,"column":null}},"18":{"start":{"line":41,"column":4},"end":{"line":43,"column":7}},"19":{"start":{"line":46,"column":2},"end":{"line":50,"column":null}},"20":{"start":{"line":47,"column":4},"end":{"line":49,"column":7}},"21":{"start":{"line":52,"column":2},"end":{"line":56,"column":null}},"22":{"start":{"line":53,"column":4},"end":{"line":55,"column":7}},"23":{"start":{"line":58,"column":2},"end":{"line":62,"column":null}},"24":{"start":{"line":59,"column":4},"end":{"line":61,"column":7}},"25":{"start":{"line":65,"column":2},"end":{"line":65,"column":21}},"26":{"start":{"line":66,"column":2},"end":{"line":68,"column":5}},"27":{"start":{"line":14,"column":0},"end":{"line":14,"column":24}}},"fnMap":{"0":{"name":"errorHandlingMiddleware","decl":{"start":{"line":14,"column":24},"end":{"line":14,"column":47}},"loc":{"start":{"line":14,"column":106},"end":{"line":69,"column":1}}}},"branchMap":{"0":{"loc":{"start":{"line":15,"column":2},"end":{"line":19,"column":null}},"type":"if","locations":[{"start":{"line":15,"column":2},"end":{"line":19,"column":null}},{"start":{"line":15,"column":2},"end":{"line":19,"column":null}}]},"1":{"loc":{"start":{"line":21,"column":2},"end":{"line":25,"column":null}},"type":"if","locations":[{"start":{"line":21,"column":2},"end":{"line":25,"column":null}},{"start":{"line":21,"column":2},"end":{"line":25,"column":null}}]},"2":{"loc":{"start":{"line":27,"column":2},"end":{"line":32,"column":null}},"type":"if","locations":[{"start":{"line":27,"column":2},"end":{"line":32,"column":null}},{"start":{"line":27,"column":2},"end":{"line":32,"column":null}}]},"3":{"loc":{"start":{"line":34,"column":2},"end":{"line":38,"column":null}},"type":"if","locations":[{"start":{"line":34,"column":2},"end":{"line":38,"column":null}},{"start":{"line":34,"column":2},"end":{"line":38,"column":null}}]},"4":{"loc":{"start":{"line":40,"column":2},"end":{"line":44,"column":null}},"type":"if","locations":[{"start":{"line":40,"column":2},"end":{"line":44,"column":null}},{"start":{"line":40,"column":2},"end":{"line":44,"column":null}}]},"5":{"loc":{"start":{"line":46,"column":2},"end":{"line":50,"column":null}},"type":"if","locations":[{"start":{"line":46,"column":2},"end":{"line":50,"column":null}},{"start":{"line":46,"column":2},"end":{"line":50,"column":null}}]},"6":{"loc":{"start":{"line":52,"column":2},"end":{"line":56,"column":null}},"type":"if","locations":[{"start":{"line":52,"column":2},"end":{"line":56,"column":null}},{"start":{"line":52,"column":2},"end":{"line":56,"column":null}}]},"7":{"loc":{"start":{"line":58,"column":2},"end":{"line":62,"column":null}},"type":"if","locations":[{"start":{"line":58,"column":2},"end":{"line":62,"column":null}},{"start":{"line":58,"column":2},"end":{"line":62,"column":null}}]}},"s":{"0":1,"1":1,"2":1,"3":1,"4":1,"5":1,"6":1,"7":1,"8":1,"9":0,"10":0,"11":0,"12":0,"13":0,"14":0,"15":0,"16":0,"17":0,"18":0,"19":0,"20":0,"21":0,"22":0,"23":0,"24":0,"25":0,"26":0,"27":1},"f":{"0":0},"b":{"0":[0,0],"1":[0,0],"2":[0,0],"3":[0,0],"4":[0,0],"5":[0,0],"6":[0,0],"7":[0,0]}}
,"/home/lucas/projetos/Drivent/projeto-drivent-back-main/src/middlewares/schemaValidatingMiddleware.ts": {"path":"/home/lucas/projetos/Drivent/projeto-drivent-back-main/src/middlewares/schemaValidatingMiddleware.ts","statementMap":{"0":{"start":{"line":4,"column":0},"end":{"line":4,"column":52}},"1":{"start":{"line":11,"column":2},"end":{"line":19,"column":4}},"2":{"start":{"line":12,"column":23},"end":{"line":12,"column":84}},"3":{"start":{"line":14,"column":4},"end":{"line":16,"column":null}},"4":{"start":{"line":15,"column":6},"end":{"line":15,"column":95}},"5":{"start":{"line":15,"column":79},"end":{"line":15,"column":92}},"6":{"start":{"line":18,"column":4},"end":{"line":18,"column":11}},"7":{"start":{"line":10,"column":0},"end":{"line":10,"column":24}}},"fnMap":{"0":{"name":"schemaValidatingMiddleware","decl":{"start":{"line":10,"column":24},"end":{"line":10,"column":50}},"loc":{"start":{"line":10,"column":117},"end":{"line":20,"column":1}}},"1":{"name":"(anonymous_2)","decl":{"start":{"line":11,"column":9},"end":{"line":11,"column":18}},"loc":{"start":{"line":11,"column":65},"end":{"line":19,"column":3}}},"2":{"name":"(anonymous_3)","decl":{"start":{"line":15,"column":70},"end":{"line":15,"column":75}},"loc":{"start":{"line":15,"column":79},"end":{"line":15,"column":92}}}},"branchMap":{"0":{"loc":{"start":{"line":10,"column":96},"end":{"line":10,"column":117}},"type":"default-arg","locations":[{"start":{"line":10,"column":96},"end":{"line":10,"column":117}}]},"1":{"loc":{"start":{"line":14,"column":4},"end":{"line":16,"column":null}},"type":"if","locations":[{"start":{"line":14,"column":4},"end":{"line":16,"column":null}},{"start":{"line":14,"column":4},"end":{"line":16,"column":null}}]}},"s":{"0":1,"1":5,"2":0,"3":0,"4":0,"5":0,"6":0,"7":1},"f":{"0":5,"1":0,"2":0},"b":{"0":[5],"1":[0,0]}}
,"/home/lucas/projetos/Drivent/projeto-drivent-back-main/src/middlewares/tokenValidationMiddleware.ts": {"path":"/home/lucas/projetos/Drivent/projeto-drivent-back-main/src/middlewares/tokenValidationMiddleware.ts","statementMap":{"0":{"start":{"line":3,"column":0},"end":{"line":3,"column":31}},"1":{"start":{"line":5,"column":0},"end":{"line":5,"column":60}},"2":{"start":{"line":6,"column":0},"end":{"line":6,"column":54}},"3":{"start":{"line":13,"column":2},"end":{"line":33,"column":null}},"4":{"start":{"line":14,"column":23},"end":{"line":14,"column":50}},"5":{"start":{"line":16,"column":18},"end":{"line":16,"column":52}},"6":{"start":{"line":17,"column":4},"end":{"line":19,"column":null}},"7":{"start":{"line":18,"column":6},"end":{"line":18,"column":36}},"8":{"start":{"line":21,"column":23},"end":{"line":21,"column":78}},"9":{"start":{"line":23,"column":24},"end":{"line":23,"column":74}},"10":{"start":{"line":25,"column":4},"end":{"line":27,"column":null}},"11":{"start":{"line":26,"column":6},"end":{"line":26,"column":36}},"12":{"start":{"line":29,"column":4},"end":{"line":29,"column":30}},"13":{"start":{"line":30,"column":4},"end":{"line":30,"column":11}},"14":{"start":{"line":32,"column":4},"end":{"line":32,"column":34}},"15":{"start":{"line":12,"column":0},"end":{"line":12,"column":30}}},"fnMap":{"0":{"name":"authenticationMiddleware","decl":{"start":{"line":12,"column":30},"end":{"line":12,"column":54}},"loc":{"start":{"line":12,"column":102},"end":{"line":34,"column":null}}}},"branchMap":{"0":{"loc":{"start":{"line":16,"column":28},"end":{"line":16,"column":30}},"type":"cond-expr","locations":[{"start":{"line":16,"column":28},"end":{"line":16,"column":30}},{"start":{"line":16,"column":18},"end":{"line":16,"column":52}}]},"1":{"loc":{"start":{"line":16,"column":18},"end":{"line":16,"column":30}},"type":"binary-expr","locations":[{"start":{"line":16,"column":18},"end":{"line":16,"column":30}},{"start":{"line":16,"column":18},"end":{"line":16,"column":30}}]},"2":{"loc":{"start":{"line":17,"column":4},"end":{"line":19,"column":null}},"type":"if","locations":[{"start":{"line":17,"column":4},"end":{"line":19,"column":null}},{"start":{"line":17,"column":4},"end":{"line":19,"column":null}}]},"3":{"loc":{"start":{"line":25,"column":4},"end":{"line":27,"column":null}},"type":"if","locations":[{"start":{"line":25,"column":4},"end":{"line":27,"column":null}},{"start":{"line":25,"column":4},"end":{"line":27,"column":null}}]}},"s":{"0":1,"1":1,"2":1,"3":0,"4":0,"5":0,"6":0,"7":0,"8":0,"9":0,"10":0,"11":0,"12":0,"13":0,"14":0,"15":1},"f":{"0":0},"b":{"0":[0,0],"1":[0,0],"2":[0,0],"3":[0,0]}}
,"/home/lucas/projetos/Drivent/projeto-drivent-back-main/src/routers/index.ts": {"path":"/home/lucas/projetos/Drivent/projeto-drivent-back-main/src/routers/index.ts","statementMap":{"0":{"start":{"line":1,"column":0},"end":{"line":1,"column":33}},"1":{"start":{"line":3,"column":0},"end":{"line":3,"column":44}},"2":{"start":{"line":5,"column":15},"end":{"line":5,"column":23}},"3":{"start":{"line":7,"column":0},"end":{"line":7,"column":30}},"4":{"start":{"line":9,"column":0},"end":{"line":9,"column":22}}},"fnMap":{},"branchMap":{},"s":{"0":1,"1":1,"2":1,"3":1,"4":1},"f":{},"b":{}}
,"/home/lucas/projetos/Drivent/projeto-drivent-back-main/src/routers/client/activity.ts": {"path":"/home/lucas/projetos/Drivent/projeto-drivent-back-main/src/routers/client/activity.ts","statementMap":{"0":{"start":{"line":1,"column":0},"end":{"line":1,"column":33}},"1":{"start":{"line":3,"column":0},"end":{"line":3,"column":60}},"2":{"start":{"line":5,"column":0},"end":{"line":5,"column":82}},"3":{"start":{"line":7,"column":0},"end":{"line":7,"column":54}},"4":{"start":{"line":9,"column":15},"end":{"line":9,"column":23}},"5":{"start":{"line":11,"column":0},"end":{"line":11,"column":40}},"6":{"start":{"line":12,"column":0},"end":{"line":16,"column":2}},"7":{"start":{"line":18,"column":0},"end":{"line":18,"column":22}}},"fnMap":{},"branchMap":{},"s":{"0":1,"1":1,"2":1,"3":1,"4":1,"5":1,"6":1,"7":1},"f":{},"b":{}}
,"/home/lucas/projetos/Drivent/projeto-drivent-back-main/src/routers/client/auth.ts": {"path":"/home/lucas/projetos/Drivent/projeto-drivent-back-main/src/routers/client/auth.ts","statementMap":{"0":{"start":{"line":1,"column":0},"end":{"line":1,"column":33}},"1":{"start":{"line":3,"column":0},"end":{"line":3,"column":56}},"2":{"start":{"line":4,"column":0},"end":{"line":4,"column":82}},"3":{"start":{"line":6,"column":0},"end":{"line":6,"column":50}},"4":{"start":{"line":8,"column":15},"end":{"line":8,"column":23}},"5":{"start":{"line":10,"column":0},"end":{"line":10,"column":85}},"6":{"start":{"line":12,"column":0},"end":{"line":12,"column":22}}},"fnMap":{},"branchMap":{},"s":{"0":1,"1":1,"2":1,"3":1,"4":1,"5":1,"6":1},"f":{},"b":{}}
,"/home/lucas/projetos/Drivent/projeto-drivent-back-main/src/routers/client/booking.ts": {"path":"/home/lucas/projetos/Drivent/projeto-drivent-back-main/src/routers/client/booking.ts","statementMap":{"0":{"start":{"line":1,"column":0},"end":{"line":1,"column":33}},"1":{"start":{"line":3,"column":0},"end":{"line":3,"column":59}},"2":{"start":{"line":5,"column":0},"end":{"line":5,"column":82}},"3":{"start":{"line":7,"column":0},"end":{"line":7,"column":52}},"4":{"start":{"line":9,"column":15},"end":{"line":9,"column":23}},"5":{"start":{"line":11,"column":0},"end":{"line":15,"column":2}},"6":{"start":{"line":17,"column":0},"end":{"line":20,"column":2}},"7":{"start":{"line":22,"column":0},"end":{"line":22,"column":43}},"8":{"start":{"line":24,"column":0},"end":{"line":24,"column":22}}},"fnMap":{},"branchMap":{},"s":{"0":1,"1":1,"2":1,"3":1,"4":1,"5":1,"6":1,"7":1,"8":1},"f":{},"b":{}}
,"/home/lucas/projetos/Drivent/projeto-drivent-back-main/src/routers/client/enrollment.ts": {"path":"/home/lucas/projetos/Drivent/projeto-drivent-back-main/src/routers/client/enrollment.ts","statementMap":{"0":{"start":{"line":1,"column":0},"end":{"line":1,"column":33}},"1":{"start":{"line":3,"column":0},"end":{"line":3,"column":62}},"2":{"start":{"line":5,"column":0},"end":{"line":5,"column":82}},"3":{"start":{"line":7,"column":0},"end":{"line":7,"column":58}},"4":{"start":{"line":9,"column":15},"end":{"line":9,"column":23}},"5":{"start":{"line":11,"column":0},"end":{"line":11,"column":94}},"6":{"start":{"line":12,"column":0},"end":{"line":12,"column":47}},"7":{"start":{"line":14,"column":0},"end":{"line":14,"column":22}}},"fnMap":{},"branchMap":{},"s":{"0":1,"1":1,"2":1,"3":1,"4":1,"5":1,"6":1,"7":1},"f":{},"b":{}}
,"/home/lucas/projetos/Drivent/projeto-drivent-back-main/src/routers/client/event.ts": {"path":"/home/lucas/projetos/Drivent/projeto-drivent-back-main/src/routers/client/event.ts","statementMap":{"0":{"start":{"line":1,"column":0},"end":{"line":1,"column":33}},"1":{"start":{"line":3,"column":0},"end":{"line":3,"column":57}},"2":{"start":{"line":5,"column":15},"end":{"line":5,"column":23}},"3":{"start":{"line":7,"column":0},"end":{"line":7,"column":32}},"4":{"start":{"line":9,"column":0},"end":{"line":9,"column":22}}},"fnMap":{},"branchMap":{},"s":{"0":1,"1":1,"2":1,"3":1,"4":1},"f":{},"b":{}}
,"/home/lucas/projetos/Drivent/projeto-drivent-back-main/src/routers/client/hotel.ts": {"path":"/home/lucas/projetos/Drivent/projeto-drivent-back-main/src/routers/client/hotel.ts","statementMap":{"0":{"start":{"line":1,"column":0},"end":{"line":1,"column":33}},"1":{"start":{"line":3,"column":0},"end":{"line":3,"column":57}},"2":{"start":{"line":5,"column":15},"end":{"line":5,"column":23}},"3":{"start":{"line":7,"column":0},"end":{"line":7,"column":32}},"4":{"start":{"line":9,"column":0},"end":{"line":9,"column":38}},"5":{"start":{"line":11,"column":0},"end":{"line":11,"column":22}}},"fnMap":{},"branchMap":{},"s":{"0":1,"1":1,"2":1,"3":1,"4":1,"5":1},"f":{},"b":{}}
[...]
,"/home/lucas/projetos/Drivent/projeto-drivent-back-main/src/routers/client/lodge.ts": {"path":"/home/lucas/projetos/Drivent/projeto-drivent-back-main/src/routers/client/lodge.ts","statementMap":{"0":{"start":{"line":1,"column":0},"end":{"line":1,"column":33}},"1":{"start":{"line":3,"column":0},"end":{"line":3,"column":57}},"2":{"start":{"line":5,"column":15},"end":{"line":5,"column":23}},"3":{"start":{"line":7,"column":0},"end":{"line":7,"column":44}},"4":{"start":{"line":9,"column":0},"end":{"line":9,"column":22}}},"fnMap":{},"branchMap":{},"s":{"0":1,"1":1,"2":1,"3":1,"4":1},"f":{},"b":{}}
,"/home/lucas/projetos/Drivent/projeto-drivent-back-main/src/routers/client/modality.ts": {"path":"/home/lucas/projetos/Drivent/projeto-drivent-back-main/src/routers/client/modality.ts","statementMap":{"0":{"start":{"line":1,"column":0},"end":{"line":1,"column":33}},"1":{"start":{"line":3,"column":0},"end":{"line":3,"column":60}},"2":{"start":{"line":5,"column":15},"end":{"line":5,"column":23}},"3":{"start":{"line":7,"column":0},"end":{"line":7,"column":45}},"4":{"start":{"line":9,"column":0},"end":{"line":9,"column":22}}},"fnMap":{},"branchMap":{},"s":{"0":1,"1":1,"2":1,"3":1,"4":1},"f":{},"b":{}}
,"/home/lucas/projetos/Drivent/projeto-drivent-back-main/src/routers/client/user.ts": {"path":"/home/lucas/projetos/Drivent/projeto-drivent-back-main/src/routers/client/user.ts","statementMap":{"0":{"start":{"line":1,"column":0},"end":{"line":1,"column":33}},"1":{"start":{"line":3,"column":0},"end":{"line":3,"column":56}},"2":{"start":{"line":5,"column":0},"end":{"line":5,"column":82}},"3":{"start":{"line":6,"column":0},"end":{"line":6,"column":58}},"4":{"start":{"line":8,"column":15},"end":{"line":8,"column":23}},"5":{"start":{"line":10,"column":0},"end":{"line":10,"column":85}},"6":{"start":{"line":12,"column":0},"end":{"line":12,"column":22}}},"fnMap":{},"branchMap":{},"s":{"0":1,"1":1,"2":1,"3":1,"4":1,"5":1,"6":1},"f":{},"b":{}}
,"/home/lucas/projetos/Drivent/projeto-drivent-back-main/src/schemas/activitySchema.ts": {"path":"/home/lucas/projetos/Drivent/projeto-drivent-back-main/src/schemas/activitySchema.ts","statementMap":{"0":{"start":{"line":1,"column":0},"end":{"line":1,"column":22}},"1":{"start":{"line":3,"column":0},"end":{"line":5,"column":3}}},"fnMap":{},"branchMap":{},"s":{"0":1,"1":1},"f":{},"b":{}}
,"/home/lucas/projetos/Drivent/projeto-drivent-back-main/src/schemas/bookingSchema.ts": {"path":"/home/lucas/projetos/Drivent/projeto-drivent-back-main/src/schemas/bookingSchema.ts","statementMap":{"0":{"start":{"line":1,"column":0},"end":{"line":1,"column":22}},"1":{"start":{"line":3,"column":0},"end":{"line":7,"column":3}}},"fnMap":{},"branchMap":{},"s":{"0":1,"1":1},"f":{},"b":{}}
,"/home/lucas/projetos/Drivent/projeto-drivent-back-main/src/schemas/createNewUser.ts": {"path":"/home/lucas/projetos/Drivent/projeto-drivent-back-main/src/schemas/createNewUser.ts","statementMap":{"0":{"start":{"line":1,"column":0},"end":{"line":1,"column":22}},"1":{"start":{"line":3,"column":0},"end":{"line":6,"column":3}}},"fnMap":{},"branchMap":{},"s":{"0":1,"1":1},"f":{},"b":{}}
,"/home/lucas/projetos/Drivent/projeto-drivent-back-main/src/schemas/enrollmentSchema.ts": {"path":"/home/lucas/projetos/Drivent/projeto-drivent-back-main/src/schemas/enrollmentSchema.ts","statementMap":{"0":{"start":{"line":1,"column":0},"end":{"line":1,"column":22}},"1":{"start":{"line":3,"column":0},"end":{"line":17,"column":3}}},"fnMap":{},"branchMap":{},"s":{"0":1,"1":1},"f":{},"b":{}}
,"/home/lucas/projetos/Drivent/projeto-drivent-back-main/src/schemas/signInSchema.ts": {"path":"/home/lucas/projetos/Drivent/projeto-drivent-back-main/src/schemas/signInSchema.ts","statementMap":{"0":{"start":{"line":1,"column":0},"end":{"line":1,"column":22}},"1":{"start":{"line":3,"column":0},"end":{"line":6,"column":3}}},"fnMap":{},"branchMap":{},"s":{"0":1,"1":1},"f":{},"b":{}}
,"/home/lucas/projetos/Drivent/projeto-drivent-back-main/src/services/client/activity.ts": {"path":"/home/lucas/projetos/Drivent/projeto-drivent-back-main/src/services/client/activity.ts","statementMap":{"0":{"start":{"line":1,"column":0},"end":{"line":1,"column":43}},"1":{"start":{"line":4,"column":17},"end":{"line":4,"column":42}},"2":{"start":{"line":5,"column":2},"end":{"line":5,"column":16}},"3":{"start":{"line":3,"column":0},"end":{"line":3,"column":22}},"4":{"start":{"line":9,"column":17},"end":{"line":9,"column":55}},"5":{"start":{"line":10,"column":2},"end":{"line":10,"column":16}},"6":{"start":{"line":8,"column":0},"end":{"line":8,"column":22}}},"fnMap":{"0":{"name":"getAllDates","decl":{"start":{"line":3,"column":22},"end":{"line":3,"column":33}},"loc":{"start":{"line":3,"column":33},"end":{"line":6,"column":null}}},"1":{"name":"getActivitiesByDate","decl":{"start":{"line":8,"column":22},"end":{"line":8,"column":41}},"loc":{"start":{"line":8,"column":52},"end":{"line":11,"column":null}}}},"branchMap":{},"s":{"0":1,"1":0,"2":0,"3":1,"4":0,"5":0,"6":1},"f":{"0":0,"1":0},"b":{}}
,"/home/lucas/projetos/Drivent/projeto-drivent-back-main/src/services/client/auth.ts": {"path":"/home/lucas/projetos/Drivent/projeto-drivent-back-main/src/services/client/auth.ts","statementMap":{"0":{"start":{"line":1,"column":0},"end":{"line":1,"column":31}},"1":{"start":{"line":3,"column":0},"end":{"line":3,"column":54}},"2":{"start":{"line":4,"column":0},"end":{"line":4,"column":35}},"3":{"start":{"line":5,"column":0},"end":{"line":5,"column":31}},"4":{"start":{"line":8,"column":15},"end":{"line":8,"column":65}},"5":{"start":{"line":10,"column":2},"end":{"line":12,"column":null}},"6":{"start":{"line":11,"column":4},"end":{"line":11,"column":34}},"7":{"start":{"line":14,"column":16},"end":{"line":16,"column":28}},"8":{"start":{"line":18,"column":2},"end":{"line":18,"column":35}},"9":{"start":{"line":20,"column":2},"end":{"line":27,"column":4}},"10":{"start":{"line":7,"column":0},"end":{"line":7,"column":22}}},"fnMap":{"0":{"name":"signIn","decl":{"start":{"line":7,"column":22},"end":{"line":7,"column":28}},"loc":{"start":{"line":7,"column":60},"end":{"line":28,"column":null}}}},"branchMap":{"0":{"loc":{"start":{"line":10,"column":2},"end":{"line":12,"column":null}},"type":"if","locations":[{"start":{"line":10,"column":2},"end":{"line":12,"column":null}},{"start":{"line":10,"column":2},"end":{"line":12,"column":null}}]}},"s":{"0":1,"1":1,"2":1,"3":1,"4":2,"5":2,"6":1,"7":1,"8":1,"9":1,"10":1},"f":{"0":2},"b":{"0":[1,1]}}
,"/home/lucas/projetos/Drivent/projeto-drivent-back-main/src/services/client/booking.ts": {"path":"/home/lucas/projetos/Drivent/projeto-drivent-back-main/src/services/client/booking.ts","statementMap":{"0":{"start":{"line":2,"column":0},"end":{"line":2,"column":41}},"1":{"start":{"line":5,"column":2},"end":{"line":5,"column":43}},"2":{"start":{"line":4,"column":0},"end":{"line":4,"column":22}},"3":{"start":{"line":9,"column":17},"end":{"line":9,"column":49}},"4":{"start":{"line":10,"column":2},"end":{"line":10,"column":16}},"5":{"start":{"line":8,"column":0},"end":{"line":8,"column":22}},"6":{"start":{"line":14,"column":2},"end":{"line":14,"column":35}},"7":{"start":{"line":13,"column":0},"end":{"line":13,"column":22}}},"fnMap":{"0":{"name":"createNewBooking","decl":{"start":{"line":4,"column":22},"end":{"line":4,"column":38}},"loc":{"start":{"line":4,"column":63},"end":{"line":6,"column":null}}},"1":{"name":"getUserBooking","decl":{"start":{"line":8,"column":22},"end":{"line":8,"column":36}},"loc":{"start":{"line":8,"column":51},"end":{"line":11,"column":null}}},"2":{"name":"payBooking","decl":{"start":{"line":13,"column":22},"end":{"line":13,"column":32}},"loc":{"start":{"line":13,"column":47},"end":{"line":15,"column":null}}}},"branchMap":{},"s":{"0":1,"1":0,"2":1,"3":0,"4":0,"5":1,"6":0,"7":1},"f":{"0":0,"1":0,"2":0},"b":{}}
,"/home/lucas/projetos/Drivent/projeto-drivent-back-main/src/services/client/enrollment.ts": {"path":"/home/lucas/projetos/Drivent/projeto-drivent-back-main/src/services/client/enrollment.ts","statementMap":{"0":{"start":{"line":2,"column":0},"end":{"line":2,"column":47}},"1":{"start":{"line":5,"column":2},"end":{"line":5,"column":50}},"2":{"start":{"line":4,"column":0},"end":{"line":4,"column":22}},"3":{"start":{"line":9,"column":2},"end":{"line":9,"column":57}},"4":{"start":{"line":8,"column":0},"end":{"line":8,"column":22}}},"fnMap":{"0":{"name":"createNewEnrollment","decl":{"start":{"line":4,"column":22},"end":{"line":4,"column":41}},"loc":{"start":{"line":4,"column":72},"end":{"line":6,"column":null}}},"1":{"name":"getEnrollmentWithAddress","decl":{"start":{"line":8,"column":22},"end":{"line":8,"column":46}},"loc":{"start":{"line":8,"column":61},"end":{"line":10,"column":null}}}},"branchMap":{},"s":{"0":1,"1":0,"2":1,"3":0,"4":1},"f":{"0":0,"1":0},"b":{}}
,"/home/lucas/projetos/Drivent/projeto-drivent-back-main/src/services/client/event.ts": {"path":"/home/lucas/projetos/Drivent/projeto-drivent-back-main/src/services/client/event.ts","statementMap":{"0":{"start":{"line":1,"column":0},"end":{"line":1,"column":41}},"1":{"start":{"line":4,"column":2},"end":{"line":4,"column":42}},"2":{"start":{"line":3,"column":0},"end":{"line":3,"column":22}}},"fnMap":{"0":{"name":"getEventInfo","decl":{"start":{"line":3,"column":22},"end":{"line":3,"column":34}},"loc":{"start":{"line":3,"column":34},"end":{"line":5,"column":null}}}},"branchMap":{},"s":{"0":1,"1":0,"2":1},"f":{"0":0},"b":{}}
,"/home/lucas/projetos/Drivent/projeto-drivent-back-main/src/services/client/hotel.ts": {"path":"/home/lucas/projetos/Drivent/projeto-drivent-back-main/src/services/client/hotel.ts","statementMap":{"0":{"start":{"line":1,"column":0},"end":{"line":1,"column":37}},"1":{"start":{"line":2,"column":0},"end":{"line":2,"column":51}},"2":{"start":{"line":6,"column":30},"end":{"line":6,"column":48}},"3":{"start":{"line":7,"column":2},"end":{"line":10,"column":5}},"4":{"start":{"line":8,"column":4},"end":{"line":8,"column":50}},"5":{"start":{"line":9,"column":4},"end":{"line":9,"column":45}},"6":{"start":{"line":11,"column":2},"end":{"line":11,"column":16}},"7":{"start":{"line":5,"column":0},"end":{"line":5,"column":22}},"8":{"start":{"line":15,"column":17},"end":{"line":15,"column":48}},"9":{"start":{"line":16,"column":2},"end":{"line":18,"column":null}},"10":{"start":{"line":17,"column":4},"end":{"line":17,"column":30}},"11":{"start":{"line":19,"column":2},"end":{"line":19,"column":15}},"12":{"start":{"line":14,"column":0},"end":{"line":14,"column":22}}},"fnMap":{"0":{"name":"get","decl":{"start":{"line":5,"column":22},"end":{"line":5,"column":25}},"loc":{"start":{"line":5,"column":25},"end":{"line":12,"column":null}}},"1":{"name":"(anonymous_10)","decl":{"start":{"line":7,"column":17},"end":{"line":7,"column":22}},"loc":{"start":{"line":7,"column":25},"end":{"line":10,"column":3}}},"2":{"name":"getOne","decl":{"start":{"line":14,"column":22},"end":{"line":14,"column":28}},"loc":{"start":{"line":14,"column":39},"end":{"line":20,"column":null}}}},"branchMap":{"0":{"loc":{"start":{"line":16,"column":2},"end":{"line":18,"column":null}},"type":"if","locations":[{"start":{"line":16,"column":2},"end":{"line":18,"column":null}},{"start":{"line":16,"column":2},"end":{"line":18,"column":null}}]}},"s":{"0":1,"1":1,"2":0,"3":0,"4":0,"5":0,"6":0,"7":1,"8":0,"9":0,"10":0,"11":0,"12":1},"f":{"0":0,"1":0,"2":0},"b":{"0":[0,0]}}
,"/home/lucas/projetos/Drivent/projeto-drivent-back-main/src/services/client/hotelReservation.ts": {"path":"/home/lucas/projetos/Drivent/projeto-drivent-back-main/src/services/client/hotelReservation.ts","statementMap":{"0":{"start":{"line":1,"column":0},"end":{"line":1,"column":51}},"1":{"start":{"line":2,"column":0},"end":{"line":2,"column":59}},"2":{"start":{"line":3,"column":0},"end":{"line":3,"column":37}},"3":{"start":{"line":4,"column":0},"end":{"line":4,"column":41}},"4":{"start":{"line":5,"column":0},"end":{"line":5,"column":58}},"5":{"start":{"line":8,"column":16},"end":{"line":8,"column":96}},"6":{"start":{"line":9,"column":18},"end":{"line":9,"column":62}},"7":{"start":{"line":10,"column":2},"end":{"line":10,"column":124}},"8":{"start":{"line":10,"column":92},"end":{"line":10,"column":124}},"9":{"start":{"line":11,"column":2},"end":{"line":11,"column":83}},"10":{"start":{"line":11,"column":43},"end":{"line":11,"column":83}},"11":{"start":{"line":12,"column":27},"end":{"line":12,"column":53}},"12":{"start":{"line":13,"column":30},"end":{"line":13,"column":82}},"13":{"start":{"line":14,"column":2},"end":{"line":17,"column":null}},"14":{"start":{"line":15,"column":4},"end":{"line":15,"column":47}},"15":{"start":{"line":16,"column":4},"end":{"line":16,"column":61}},"16":{"start":{"line":18,"column":2},"end":{"line":18,"column":35}},"17":{"start":{"line":19,"column":2},"end":{"line":19,"column":52}},"18":{"start":{"line":7,"column":0},"end":{"line":7,"column":22}},"19":{"start":{"line":23,"column":18},"end":{"line":23,"column":71}},"20":{"start":{"line":24,"column":33},"end":{"line":24,"column":124}},"21":{"start":{"line":27,"column":2},"end":{"line":33,"column":null}},"22":{"start":{"line":28,"column":4},"end":{"line":28,"column":24}},"23":{"start":{"line":29,"column":9},"end":{"line":33,"column":null}},"24":{"start":{"line":30,"column":4},"end":{"line":30,"column":24}},"25":{"start":{"line":32,"column":4},"end":{"line":32,"column":24}},"26":{"start":{"line":35,"column":22},"end":{"line":40,"column":4}},"27":{"start":{"line":41,"column":2},"end":{"line":41,"column":21}},"28":{"start":{"line":22,"column":0},"end":{"line":22,"column":22}}},"fnMap":{"0":{"name":"ReserveHotelRoom","decl":{"start":{"line":7,"column":22},"end":{"line":7,"column":38}},"loc":{"start":{"line":7,"column":86},"end":{"line":20,"column":null}}},"1":{"name":"getReservation","decl":{"start":{"line":22,"column":22},"end":{"line":22,"column":36}},"loc":{"start":{"line":22,"column":51},"end":{"line":42,"column":null}}}},"branchMap":{"0":{"loc":{"start":{"line":10,"column":2},"end":{"line":10,"column":124}},"type":"if","locations":[{"start":{"line":10,"column":2},"end":{"line":10,"column":124}},{"start":{"line":10,"column":2},"end":{"line":10,"column":124}}]},"1":{"loc":{"start":{"line":10,"column":5},"end":{"line":10,"column":24}},"type":"binary-expr","locations":[{"start":{"line":10,"column":5},"end":{"line":10,"column":24}},{"start":{"line":10,"column":28},"end":{"line":10,"column":62}},{"start":{"line":10,"column":66},"end":{"line":10,"column":90}}]},"2":{"loc":{"start":{"line":11,"column":2},"end":{"line":11,"column":83}},"type":"if","locations":[{"start":{"line":11,"column":2},"end":{"line":11,"column":83}},{"start":{"line":11,"column":2},"end":{"line":11,"column":83}}]},"3":{"loc":{"start":{"line":14,"column":2},"end":{"line":17,"column":null}},"type":"if","locations":[{"start":{"line":14,"column":2},"end":{"line":17,"column":null}},{"start":{"line":14,"column":2},"end":{"line":17,"column":null}}]},"4":{"loc":{"start":{"line":27,"column":2},"end":{"line":33,"column":null}},"type":"if","locations":[{"start":{"line":27,"column":2},"end":{"line":33,"column":null}},{"start":{"line":27,"column":2},"end":{"line":33,"column":null}}]},"5":{"loc":{"start":{"line":29,"column":9},"end":{"line":33,"column":null}},"type":"if","locations":[{"start":{"line":29,"column":9},"end":{"line":33,"column":null}},{"start":{"line":29,"column":9},"end":{"line":33,"column":null}}]}},"s":{"0":1,"1":1,"2":1,"3":1,"4":1,"5":0,"6":0,"7":0,"8":0,"9":0,"10":0,"11":0,"12":0,"13":0,"14":0,"15":0,"16":0,"17":0,"18":1,"19":0,"20":0,"21":0,"22":0,"23":0,"24":0,"25":0,"26":0,"27":0,"28":1},"f":{"0":0,"1":0},"b":{"0":[0,0],"1":[0,0,0],"2":[0,0],"3":[0,0],"4":[0,0],"5":[0,0]}}
,"/home/lucas/projetos/Drivent/projeto-drivent-back-main/src/services/client/lodge.ts": {"path":"/home/lucas/projetos/Drivent/projeto-drivent-back-main/src/services/client/lodge.ts","statementMap":{"0":{"start":{"line":1,"column":0},"end":{"line":1,"column":37}},"1":{"start":{"line":4,"column":17},"end":{"line":4,"column":35}},"2":{"start":{"line":5,"column":2},"end":{"line":5,"column":16}},"3":{"start":{"line":3,"column":0},"end":{"line":3,"column":22}}},"fnMap":{"0":{"name":"getLodgeOptions","decl":{"start":{"line":3,"column":22},"end":{"line":3,"column":37}},"loc":{"start":{"line":3,"column":37},"end":{"line":6,"column":null}}}},"branchMap":{},"s":{"0":1,"1":0,"2":0,"3":1},"f":{"0":0},"b":{}}
,"/home/lucas/projetos/Drivent/projeto-drivent-back-main/src/services/client/modality.ts": {"path":"/home/lucas/projetos/Drivent/projeto-drivent-back-main/src/services/client/modality.ts","statementMap":{"0":{"start":{"line":1,"column":0},"end":{"line":1,"column":43}},"1":{"start":{"line":4,"column":21},"end":{"line":4,"column":42}},"2":{"start":{"line":5,"column":2},"end":{"line":5,"column":20}},"3":{"start":{"line":3,"column":0},"end":{"line":3,"column":22}}},"fnMap":{"0":{"name":"getModalities","decl":{"start":{"line":3,"column":22},"end":{"line":3,"column":35}},"loc":{"start":{"line":3,"column":35},"end":{"line":6,"column":null}}}},"branchMap":{},"s":{"0":1,"1":0,"2":0,"3":1},"f":{"0":0},"b":{}}
,"/home/lucas/projetos/Drivent/projeto-drivent-back-main/src/services/client/session.ts": {"path":"/home/lucas/projetos/Drivent/projeto-drivent-back-main/src/services/client/session.ts","statementMap":{"0":{"start":{"line":1,"column":0},"end":{"line":1,"column":33}},"1":{"start":{"line":2,"column":0},"end":{"line":2,"column":31}},"2":{"start":{"line":5,"column":19},"end":{"line":5,"column":53}},"3":{"start":{"line":6,"column":22},"end":{"line":6,"column":43}},"4":{"start":{"line":8,"column":2},"end":{"line":8,"column":21}},"5":{"start":{"line":4,"column":0},"end":{"line":4,"column":22}}},"fnMap":{"0":{"name":"findUserSessionByToken","decl":{"start":{"line":4,"column":22},"end":{"line":4,"column":44}},"loc":{"start":{"line":4,"column":58},"end":{"line":9,"column":null}}}},"branchMap":{},"s":{"0":1,"1":1,"2":0,"3":0,"4":0,"5":1},"f":{"0":0},"b":{}}
,"/home/lucas/projetos/Drivent/projeto-drivent-back-main/src/services/client/user.ts": {"path":"/home/lucas/projetos/Drivent/projeto-drivent-back-main/src/services/client/user.ts","statementMap":{"0":{"start":{"line":1,"column":0},"end":{"line":1,"column":26}},"1":{"start":{"line":2,"column":0},"end":{"line":2,"column":35}},"2":{"start":{"line":4,"column":0},"end":{"line":4,"column":84}},"3":{"start":{"line":5,"column":0},"end":{"line":5,"column":41}},"4":{"start":{"line":8,"column":19},"end":{"line":8,"column":51}},"5":{"start":{"line":10,"column":2},"end":{"line":12,"column":null}},"6":{"start":{"line":11,"column":4},"end":{"line":11,"column":49}},"7":{"start":{"line":14,"column":15},"end":{"line":14,"column":52}},"8":{"start":{"line":15,"column":2},"end":{"line":15,"column":14}},"9":{"start":{"line":7,"column":0},"end":{"line":7,"column":22}}},"fnMap":{"0":{"name":"createNewUser","decl":{"start":{"line":7,"column":22},"end":{"line":7,"column":35}},"loc":{"start":{"line":7,"column":67},"end":{"line":16,"column":null}}}},"branchMap":{"0":{"loc":{"start":{"line":10,"column":2},"end":{"line":12,"column":null}},"type":"if","locations":[{"start":{"line":10,"column":2},"end":{"line":12,"column":null}},{"start":{"line":10,"column":2},"end":{"line":12,"column":null}}]}},"s":{"0":1,"1":1,"2":1,"3":1,"4":0,"5":0,"6":0,"7":0,"8":0,"9":1},"f":{"0":0},"b":{"0":[0,0]}}
}
