{"/home/lucas/projetos/Drivent/projeto-drivent-back-main/src/redisClient.ts": {"path":"/home/lucas/projetos/Drivent/projeto-drivent-back-main/src/redisClient.ts","statementMap":{"0":{"start":{"line":1,"column":0},"end":{"line":1,"column":26}},"1":{"start":{"line":2,"column":0},"end":{"line":2,"column":76}},"2":{"start":{"line":4,"column":15},"end":{"line":4,"column":65}},"3":{"start":{"line":6,"column":0},"end":{"line":6,"column":44}},"4":{"start":{"line":8,"column":0},"end":{"line":8,"column":22}}},"fnMap":{},"branchMap":{},"s":{"0":1,"1":1,"2":1,"3":1,"4":1},"f":{},"b":{}}
,"/home/lucas/projetos/Drivent/projeto-drivent-back-main/src/setup.ts": {"path":"/home/lucas/projetos/Drivent/projeto-drivent-back-main/src/setup.ts","statementMap":{"0":{"start":{"line":1,"column":0},"end":{"line":1,"column":28}},"1":{"start":{"line":3,"column":13},"end":{"line":3,"column":67}},"2":{"start":{"line":5,"column":0},"end":{"line":5,"column":24}}},"fnMap":{},"branchMap":{"0":{"loc":{"start":{"line":3,"column":47},"end":{"line":3,"column":58}},"type":"cond-expr","locations":[{"start":{"line":3,"column":47},"end":{"line":3,"column":58}},{"start":{"line":3,"column":61},"end":{"line":3,"column":67}}]}},"s":{"0":1,"1":1,"2":1},"f":{},"b":{"0":[1,0]}}
,"/home/lucas/projetos/Drivent/projeto-drivent-back-main/src/entities/Activity.ts": {"path":"/home/lucas/projetos/Drivent/projeto-drivent-back-main/src/entities/Activity.ts","statementMap":{"0":{"start":{"line":1,"column":0},"end":{"line":1,"column":null}},"1":{"start":{"line":9,"column":0},"end":{"line":9,"column":34}},"2":{"start":{"line":10,"column":0},"end":{"line":10,"column":44}},"3":{"start":{"line":13,"column":0},"end":{"line":58,"column":null}},"4":{"start":{"line":44,"column":28},"end":{"line":48,"column":19}},"5":{"start":{"line":49,"column":4},"end":{"line":49,"column":27}},"6":{"start":{"line":53,"column":23},"end":{"line":55,"column":6}},"7":{"start":{"line":56,"column":4},"end":{"line":56,"column":22}},"8":{"start":{"line":15,"column":2},"end":{"line":15,"column":null}},"9":{"start":{"line":18,"column":2},"end":{"line":18,"column":null}},"10":{"start":{"line":21,"column":2},"end":{"line":21,"column":null}},"11":{"start":{"line":24,"column":2},"end":{"line":24,"column":null}},"12":{"start":{"line":27,"column":2},"end":{"line":27,"column":null}},"13":{"start":{"line":30,"column":2},"end":{"line":30,"column":null}},"14":{"start":{"line":35,"column":2},"end":{"line":35,"column":null}},"15":{"start":{"line":32,"column":19},"end":{"line":32,"column":27}},"16":{"start":{"line":41,"column":2},"end":{"line":41,"column":null}},"17":{"start":{"line":38,"column":10},"end":{"line":38,"column":23}},"18":{"start":{"line":39,"column":38},"end":{"line":39,"column":62}},"19":{"start":{"line":13,"column":21},"end":{"line":58,"column":null}},"20":{"start":{"line":13,"column":21},"end":{"line":13,"column":30}}},"fnMap":{"0":{"name":"(anonymous_10)","decl":{"start":{"line":43,"column":2},"end":{"line":43,"column":8}},"loc":{"start":{"line":43,"column":23},"end":{"line":50,"column":null}}},"1":{"name":"(anonymous_12)","decl":{"start":{"line":52,"column":2},"end":{"line":52,"column":8}},"loc":{"start":{"line":52,"column":43},"end":{"line":57,"column":null}}},"2":{"name":"(anonymous_14)","decl":{"start":{"line":32,"column":13},"end":{"line":32,"column":16}},"loc":{"start":{"line":32,"column":19},"end":{"line":32,"column":27}}},"3":{"name":"(anonymous_15)","decl":{"start":{"line":38,"column":4},"end":{"line":38,"column":7}},"loc":{"start":{"line":38,"column":10},"end":{"line":38,"column":23}}},"4":{"name":"(anonymous_16)","decl":{"start":{"line":39,"column":4},"end":{"line":39,"column":5}},"loc":{"start":{"line":39,"column":38},"end":{"line":39,"column":62}}}},"branchMap":{},"s":{"0":1,"1":1,"2":1,"3":1,"4":0,"5":0,"6":0,"7":0,"8":1,"9":1,"10":1,"11":1,"12":1,"13":1,"14":1,"15":0,"16":1,"17":0,"18":0,"19":1,"20":1},"f":{"0":0,"1":0,"2":0,"3":0,"4":0},"b":{}}
,"/home/lucas/projetos/Drivent/projeto-drivent-back-main/src/entities/Activity_User.ts": {"path":"/home/lucas/projetos/Drivent/projeto-drivent-back-main/src/entities/Activity_User.ts","statementMap":{"0":{"start":{"line":1,"column":0},"end":{"line":1,"column":80}},"1":{"start":{"line":2,"column":0},"end":{"line":2,"column":34}},"2":{"start":{"line":3,"column":0},"end":{"line":3,"column":26}},"3":{"start":{"line":6,"column":0},"end":{"line":15,"column":null}},"4":{"start":{"line":8,"column":2},"end":{"line":8,"column":null}},"5":{"start":{"line":11,"column":2},"end":{"line":11,"column":null}},"6":{"start":{"line":10,"column":19},"end":{"line":10,"column":27}},"7":{"start":{"line":10,"column":53},"end":{"line":10,"column":72}},"8":{"start":{"line":14,"column":2},"end":{"line":14,"column":null}},"9":{"start":{"line":13,"column":19},"end":{"line":13,"column":23}},"10":{"start":{"line":13,"column":41},"end":{"line":13,"column":54}},"11":{"start":{"line":6,"column":21},"end":{"line":15,"column":null}},"12":{"start":{"line":6,"column":21},"end":{"line":6,"column":35}}},"fnMap":{"0":{"name":"(anonymous_3)","decl":{"start":{"line":10,"column":13},"end":{"line":10,"column":16}},"loc":{"start":{"line":10,"column":19},"end":{"line":10,"column":27}}},"1":{"name":"(anonymous_4)","decl":{"start":{"line":10,"column":29},"end":{"line":10,"column":30}},"loc":{"start":{"line":10,"column":53},"end":{"line":10,"column":72}}},"2":{"name":"(anonymous_5)","decl":{"start":{"line":13,"column":13},"end":{"line":13,"column":16}},"loc":{"start":{"line":13,"column":19},"end":{"line":13,"column":23}}},"3":{"name":"(anonymous_6)","decl":{"start":{"line":13,"column":25},"end":{"line":13,"column":26}},"loc":{"start":{"line":13,"column":41},"end":{"line":13,"column":54}}}},"branchMap":{},"s":{"0":1,"1":1,"2":1,"3":1,"4":1,"5":1,"6":0,"7":0,"8":1,"9":0,"10":0,"11":1,"12":1},"f":{"0":0,"1":0,"2":0,"3":0},"b":{}}
,"/home/lucas/projetos/Drivent/projeto-drivent-back-main/src/entities/Booking.ts": {"path":"/home/lucas/projetos/Drivent/projeto-drivent-back-main/src/entities/Booking.ts","statementMap":{"0":{"start":{"line":1,"column":0},"end":{"line":1,"column":null}},"1":{"start":{"line":9,"column":0},"end":{"line":9,"column":26}},"2":{"start":{"line":10,"column":0},"end":{"line":10,"column":34}},"3":{"start":{"line":11,"column":0},"end":{"line":11,"column":28}},"4":{"start":{"line":13,"column":0},"end":{"line":13,"column":51}},"5":{"start":{"line":14,"column":0},"end":{"line":14,"column":63}},"6":{"start":{"line":17,"column":0},"end":{"line":91,"column":null}},"7":{"start":{"line":48,"column":23},"end":{"line":48,"column":77}},"8":{"start":{"line":49,"column":4},"end":{"line":49,"column":76}},"9":{"start":{"line":49,"column":20},"end":{"line":49,"column":76}},"10":{"start":{"line":50,"column":4},"end":{"line":57,"column":null}},"11":{"start":{"line":51,"column":28},"end":{"line":53,"column":8}},"12":{"start":{"line":54,"column":6},"end":{"line":56,"column":null}},"13":{"start":{"line":55,"column":8},"end":{"line":55,"column":74}},"14":{"start":{"line":58,"column":29},"end":{"line":60,"column":6}},"15":{"start":{"line":61,"column":4},"end":{"line":63,"column":null}},"16":{"start":{"line":62,"column":6},"end":{"line":62,"column":72}},"17":{"start":{"line":64,"column":23},"end":{"line":64,"column":40}},"18":{"start":{"line":65,"column":4},"end":{"line":65,"column":28}},"19":{"start":{"line":66,"column":4},"end":{"line":66,"column":22}},"20":{"start":{"line":70,"column":20},"end":{"line":70,"column":61}},"21":{"start":{"line":72,"column":4},"end":{"line":80,"column":null}},"22":{"start":{"line":73,"column":6},"end":{"line":79,"column":8}},"23":{"start":{"line":82,"column":4},"end":{"line":82,"column":14}},"24":{"start":{"line":86,"column":20},"end":{"line":86,"column":61}},"25":{"start":{"line":87,"column":4},"end":{"line":87,"column":84}},"26":{"start":{"line":87,"column":24},"end":{"line":87,"column":84}},"27":{"start":{"line":88,"column":4},"end":{"line":88,"column":26}},"28":{"start":{"line":89,"column":4},"end":{"line":89,"column":25}},"29":{"start":{"line":19,"column":2},"end":{"line":19,"column":null}},"30":{"start":{"line":22,"column":2},"end":{"line":22,"column":null}},"31":{"start":{"line":25,"column":2},"end":{"line":25,"column":null}},"32":{"start":{"line":28,"column":2},"end":{"line":28,"column":null}},"33":{"start":{"line":31,"column":2},"end":{"line":31,"column":null}},"34":{"start":{"line":34,"column":2},"end":{"line":34,"column":null}},"35":{"start":{"line":37,"column":2},"end":{"line":37,"column":null}},"36":{"start":{"line":36,"column":18},"end":{"line":36,"column":22}},"37":{"start":{"line":36,"column":40},"end":{"line":36,"column":52}},"38":{"start":{"line":42,"column":2},"end":{"line":42,"column":null}},"39":{"start":{"line":39,"column":19},"end":{"line":39,"column":27}},"40":{"start":{"line":39,"column":53},"end":{"line":39,"column":69}},"41":{"start":{"line":45,"column":2},"end":{"line":45,"column":null}},"42":{"start":{"line":44,"column":19},"end":{"line":44,"column":24}},"43":{"start":{"line":44,"column":44},"end":{"line":44,"column":57}},"44":{"start":{"line":17,"column":21},"end":{"line":91,"column":null}},"45":{"start":{"line":17,"column":21},"end":{"line":17,"column":29}}},"fnMap":{"0":{"name":"(anonymous_10)","decl":{"start":{"line":47,"column":2},"end":{"line":47,"column":8}},"loc":{"start":{"line":47,"column":46},"end":{"line":67,"column":null}}},"1":{"name":"(anonymous_12)","decl":{"start":{"line":69,"column":2},"end":{"line":69,"column":8}},"loc":{"start":{"line":69,"column":40},"end":{"line":83,"column":null}}},"2":{"name":"(anonymous_14)","decl":{"start":{"line":85,"column":2},"end":{"line":85,"column":8}},"loc":{"start":{"line":85,"column":40},"end":{"line":90,"column":null}}},"3":{"name":"(anonymous_16)","decl":{"start":{"line":36,"column":12},"end":{"line":36,"column":15}},"loc":{"start":{"line":36,"column":18},"end":{"line":36,"column":22}}},"4":{"name":"(anonymous_17)","decl":{"start":{"line":36,"column":24},"end":{"line":36,"column":25}},"loc":{"start":{"line":36,"column":40},"end":{"line":36,"column":52}}},"5":{"name":"(anonymous_18)","decl":{"start":{"line":39,"column":13},"end":{"line":39,"column":16}},"loc":{"start":{"line":39,"column":19},"end":{"line":39,"column":27}}},"6":{"name":"(anonymous_19)","decl":{"start":{"line":39,"column":29},"end":{"line":39,"column":30}},"loc":{"start":{"line":39,"column":53},"end":{"line":39,"column":69}}},"7":{"name":"(anonymous_20)","decl":{"start":{"line":44,"column":13},"end":{"line":44,"column":16}},"loc":{"start":{"line":44,"column":19},"end":{"line":44,"column":24}}},"8":{"name":"(anonymous_21)","decl":{"start":{"line":44,"column":26},"end":{"line":44,"column":27}},"loc":{"start":{"line":44,"column":44},"end":{"line":44,"column":57}}}},"branchMap":{"0":{"loc":{"start":{"line":49,"column":4},"end":{"line":49,"column":76}},"type":"if","locations":[{"start":{"line":49,"column":4},"end":{"line":49,"column":76}},{"start":{"line":49,"column":4},"end":{"line":49,"column":76}}]},"1":{"loc":{"start":{"line":50,"column":4},"end":{"line":57,"column":null}},"type":"if","locations":[{"start":{"line":50,"column":4},"end":{"line":57,"column":null}},{"start":{"line":50,"column":4},"end":{"line":57,"column":null}}]},"2":{"loc":{"start":{"line":54,"column":6},"end":{"line":56,"column":null}},"type":"if","locations":[{"start":{"line":54,"column":6},"end":{"line":56,"column":null}},{"start":{"line":54,"column":6},"end":{"line":56,"column":null}}]},"3":{"loc":{"start":{"line":61,"column":4},"end":{"line":63,"column":null}},"type":"if","locations":[{"start":{"line":61,"column":4},"end":{"line":63,"column":null}},{"start":{"line":61,"column":4},"end":{"line":63,"column":null}}]},"4":{"loc":{"start":{"line":72,"column":4},"end":{"line":80,"column":null}},"type":"if","locations":[{"start":{"line":72,"column":4},"end":{"line":80,"column":null}},{"start":{"line":72,"column":4},"end":{"line":80,"column":null}}]},"5":{"loc":{"start":{"line":87,"column":4},"end":{"line":87,"column":84}},"type":"if","locations":[{"start":{"line":87,"column":4},"end":{"line":87,"column":84}},{"start":{"line":87,"column":4},"end":{"line":87,"column":84}}]}},"s":{"0":1,"1":1,"2":1,"3":1,"4":1,"5":1,"6":1,"7":0,"8":0,"9":0,"10":0,"11":0,"12":0,"13":0,"14":0,"15":0,"16":0,"17":0,"18":0,"19":0,"20":0,"21":0,"22":0,"23":0,"24":0,"25":0,"26":0,"27":0,"28":0,"29":1,"30":1,"31":1,"32":1,"33":1,"34":1,"35":1,"36":0,"37":0,"38":1,"39":0,"40":0,"41":1,"42":0,"43":0,"44":1,"45":1},"f":{"0":0,"1":0,"2":0,"3":0,"4":0,"5":0,"6":0,"7":0,"8":0},"b":{"0":[0,0],"1":[0,0],"2":[0,0],"3":[0,0],"4":[0,0],"5":[0,0]}}
,"/home/lucas/projetos/Drivent/projeto-drivent-back-main/src/entities/Hotel.ts": {"path":"/home/lucas/projetos/Drivent/projeto-drivent-back-main/src/entities/Hotel.ts","statementMap":{"0":{"start":{"line":1,"column":0},"end":{"line":1,"column":88}},"1":{"start":{"line":2,"column":0},"end":{"line":2,"column":59}},"2":{"start":{"line":3,"column":0},"end":{"line":3,"column":35}},"3":{"start":{"line":5,"column":0},"end":{"line":5,"column":51}},"4":{"start":{"line":8,"column":0},"end":{"line":72,"column":null}},"5":{"start":{"line":25,"column":4},"end":{"line":29,"column":16}},"6":{"start":{"line":33,"column":4},"end":{"line":36,"column":17}},"7":{"start":{"line":40,"column":19},"end":{"line":45,"column":15}},"8":{"start":{"line":47,"column":4},"end":{"line":47,"column":69}},"9":{"start":{"line":47,"column":43},"end":{"line":47,"column":69}},"10":{"start":{"line":48,"column":4},"end":{"line":48,"column":17}},"11":{"start":{"line":52,"column":4},"end":{"line":54,"column":10}},"12":{"start":{"line":53,"column":6},"end":{"line":53,"column":40}},"13":{"start":{"line":58,"column":18},"end":{"line":62,"column":6}},"14":{"start":{"line":63,"column":4},"end":{"line":65,"column":7}},"15":{"start":{"line":64,"column":6},"end":{"line":64,"column":32}},"16":{"start":{"line":66,"column":33},"end":{"line":66,"column":35}},"17":{"start":{"line":67,"column":4},"end":{"line":69,"column":7}},"18":{"start":{"line":68,"column":6},"end":{"line":68,"column":37}},"19":{"start":{"line":68,"column":15},"end":{"line":68,"column":37}},"20":{"start":{"line":70,"column":4},"end":{"line":70,"column":22}},"21":{"start":{"line":10,"column":2},"end":{"line":10,"column":null}},"22":{"start":{"line":13,"column":2},"end":{"line":13,"column":null}},"23":{"start":{"line":16,"column":2},"end":{"line":16,"column":null}},"24":{"start":{"line":19,"column":2},"end":{"line":19,"column":null}},"25":{"start":{"line":18,"column":19},"end":{"line":18,"column":23}},"26":{"start":{"line":18,"column":33},"end":{"line":18,"column":43}},"27":{"start":{"line":22,"column":2},"end":{"line":22,"column":null}},"28":{"start":{"line":21,"column":19},"end":{"line":21,"column":35}},"29":{"start":{"line":21,"column":58},"end":{"line":21,"column":81}},"30":{"start":{"line":8,"column":21},"end":{"line":72,"column":null}},"31":{"start":{"line":8,"column":21},"end":{"line":8,"column":27}}},"fnMap":{"0":{"name":"(anonymous_10)","decl":{"start":{"line":24,"column":2},"end":{"line":24,"column":8}},"loc":{"start":{"line":24,"column":48},"end":{"line":30,"column":null}}},"1":{"name":"(anonymous_12)","decl":{"start":{"line":32,"column":2},"end":{"line":32,"column":8}},"loc":{"start":{"line":32,"column":38},"end":{"line":37,"column":null}}},"2":{"name":"(anonymous_14)","decl":{"start":{"line":39,"column":2},"end":{"line":39,"column":8}},"loc":{"start":{"line":39,"column":106},"end":{"line":49,"column":null}}},"3":{"name":"(anonymous_16)","decl":{"start":{"line":51,"column":2},"end":{"line":51,"column":16}},"loc":{"start":{"line":51,"column":16},"end":{"line":55,"column":3}}},"4":{"name":"(anonymous_17)","decl":{"start":{"line":52,"column":29},"end":{"line":52,"column":30}},"loc":{"start":{"line":52,"column":43},"end":{"line":54,"column":5}}},"5":{"name":"(anonymous_18)","decl":{"start":{"line":57,"column":2},"end":{"line":57,"column":12}},"loc":{"start":{"line":57,"column":12},"end":{"line":71,"column":3}}},"6":{"name":"(anonymous_19)","decl":{"start":{"line":63,"column":23},"end":{"line":63,"column":27}},"loc":{"start":{"line":63,"column":30},"end":{"line":65,"column":5}}},"7":{"name":"(anonymous_20)","decl":{"start":{"line":67,"column":34},"end":{"line":67,"column":35}},"loc":{"start":{"line":67,"column":40},"end":{"line":69,"column":5}}},"8":{"name":"(anonymous_21)","decl":{"start":{"line":18,"column":13},"end":{"line":18,"column":16}},"loc":{"start":{"line":18,"column":19},"end":{"line":18,"column":23}}},"9":{"name":"(anonymous_22)","decl":{"start":{"line":18,"column":25},"end":{"line":18,"column":29}},"loc":{"start":{"line":18,"column":33},"end":{"line":18,"column":43}}},"10":{"name":"(anonymous_23)","decl":{"start":{"line":21,"column":13},"end":{"line":21,"column":16}},"loc":{"start":{"line":21,"column":19},"end":{"line":21,"column":35}}},"11":{"name":"(anonymous_24)","decl":{"start":{"line":21,"column":37},"end":{"line":21,"column":54}},"loc":{"start":{"line":21,"column":58},"end":{"line":21,"column":81}}}},"branchMap":{"0":{"loc":{"start":{"line":47,"column":4},"end":{"line":47,"column":69}},"type":"if","locations":[{"start":{"line":47,"column":4},"end":{"line":47,"column":69}},{"start":{"line":47,"column":4},"end":{"line":47,"column":69}}]},"1":{"loc":{"start":{"line":47,"column":7},"end":{"line":47,"column":13}},"type":"binary-expr","locations":[{"start":{"line":47,"column":7},"end":{"line":47,"column":13}},{"start":{"line":47,"column":17},"end":{"line":47,"column":41}}]},"2":{"loc":{"start":{"line":68,"column":6},"end":{"line":68,"column":37}},"type":"if","locations":[{"start":{"line":68,"column":6},"end":{"line":68,"column":37}},{"start":{"line":68,"column":6},"end":{"line":68,"column":37}}]}},"s":{"0":1,"1":1,"2":1,"3":1,"4":1,"5":0,"6":0,"7":0,"8":0,"9":0,"10":0,"11":0,"12":0,"13":0,"14":0,"15":0,"16":0,"17":0,"18":0,"19":0,"20":0,"21":1,"22":1,"23":1,"24":1,"25":0,"26":0,"27":1,"28":0,"29":0,"30":1,"31":1},"f":{"0":0,"1":0,"2":0,"3":0,"4":0,"5":0,"6":0,"7":0,"8":0,"9":0,"10":0,"11":0},"b":{"0":[0,0],"1":[0,0],"2":[0,0]}}
,"/home/lucas/projetos/Drivent/projeto-drivent-back-main/src/entities/HotelReservation.ts": {"path":"/home/lucas/projetos/Drivent/projeto-drivent-back-main/src/entities/HotelReservation.ts","statementMap":{"0":{"start":{"line":1,"column":0},"end":{"line":1,"column":98}},"1":{"start":{"line":2,"column":0},"end":{"line":2,"column":37}},"2":{"start":{"line":3,"column":0},"end":{"line":3,"column":35}},"3":{"start":{"line":4,"column":0},"end":{"line":4,"column":35}},"4":{"start":{"line":7,"column":0},"end":{"line":36,"column":null}},"5":{"start":{"line":30,"column":4},"end":{"line":34,"column":16}},"6":{"start":{"line":9,"column":2},"end":{"line":9,"column":null}},"7":{"start":{"line":12,"column":2},"end":{"line":12,"column":null}},"8":{"start":{"line":15,"column":2},"end":{"line":15,"column":null}},"9":{"start":{"line":14,"column":19},"end":{"line":14,"column":24}},"10":{"start":{"line":14,"column":35},"end":{"line":14,"column":58}},"11":{"start":{"line":18,"column":2},"end":{"line":18,"column":null}},"12":{"start":{"line":21,"column":2},"end":{"line":21,"column":null}},"13":{"start":{"line":20,"column":18},"end":{"line":20,"column":22}},"14":{"start":{"line":20,"column":32},"end":{"line":20,"column":53}},"15":{"start":{"line":24,"column":2},"end":{"line":24,"column":null}},"16":{"start":{"line":27,"column":2},"end":{"line":27,"column":null}},"17":{"start":{"line":26,"column":19},"end":{"line":26,"column":23}},"18":{"start":{"line":26,"column":33},"end":{"line":26,"column":55}},"19":{"start":{"line":7,"column":21},"end":{"line":36,"column":null}},"20":{"start":{"line":7,"column":21},"end":{"line":7,"column":38}}},"fnMap":{"0":{"name":"(anonymous_10)","decl":{"start":{"line":29,"column":2},"end":{"line":29,"column":8}},"loc":{"start":{"line":29,"column":85},"end":{"line":35,"column":null}}},"1":{"name":"(anonymous_12)","decl":{"start":{"line":14,"column":13},"end":{"line":14,"column":16}},"loc":{"start":{"line":14,"column":19},"end":{"line":14,"column":24}}},"2":{"name":"(anonymous_13)","decl":{"start":{"line":14,"column":26},"end":{"line":14,"column":31}},"loc":{"start":{"line":14,"column":35},"end":{"line":14,"column":58}}},"3":{"name":"(anonymous_14)","decl":{"start":{"line":20,"column":12},"end":{"line":20,"column":15}},"loc":{"start":{"line":20,"column":18},"end":{"line":20,"column":22}}},"4":{"name":"(anonymous_15)","decl":{"start":{"line":20,"column":24},"end":{"line":20,"column":28}},"loc":{"start":{"line":20,"column":32},"end":{"line":20,"column":53}}},"5":{"name":"(anonymous_16)","decl":{"start":{"line":26,"column":13},"end":{"line":26,"column":16}},"loc":{"start":{"line":26,"column":19},"end":{"line":26,"column":23}}},"6":{"name":"(anonymous_17)","decl":{"start":{"line":26,"column":25},"end":{"line":26,"column":29}},"loc":{"start":{"line":26,"column":33},"end":{"line":26,"column":55}}}},"branchMap":{},"s":{"0":1,"1":1,"2":1,"3":1,"4":1,"5":0,"6":1,"7":1,"8":1,"9":0,"10":0,"11":1,"12":1,"13":0,"14":0,"15":1,"16":1,"17":0,"18":0,"19":1,"20":1},"f":{"0":0,"1":0,"2":0,"3":0,"4":0,"5":0,"6":0},"b":{}}
,"/home/lucas/projetos/Drivent/projeto-drivent-back-main/src/entities/Location.ts": {"path":"/home/lucas/projetos/Drivent/projeto-drivent-back-main/src/entities/Location.ts","statementMap":{"0":{"start":{"line":1,"column":0},"end":{"line":1,"column":77}},"1":{"start":{"line":4,"column":0},"end":{"line":10,"column":null}},"2":{"start":{"line":6,"column":2},"end":{"line":6,"column":null}},"3":{"start":{"line":9,"column":2},"end":{"line":9,"column":null}},"4":{"start":{"line":4,"column":21},"end":{"line":10,"column":null}},"5":{"start":{"line":4,"column":21},"end":{"line":4,"column":30}}},"fnMap":{},"branchMap":{},"s":{"0":1,"1":1,"2":1,"3":1,"4":1,"5":1},"f":{},"b":{}}
,"/home/lucas/projetos/Drivent/projeto-drivent-back-main/src/entities/Lodge.ts": {"path":"/home/lucas/projetos/Drivent/projeto-drivent-back-main/src/entities/Lodge.ts","statementMap":{"0":{"start":{"line":1,"column":0},"end":{"line":1,"column":null}},"1":{"start":{"line":8,"column":0},"end":{"line":8,"column":32}},"2":{"start":{"line":11,"column":0},"end":{"line":23,"column":null}},"3":{"start":{"line":13,"column":2},"end":{"line":13,"column":null}},"4":{"start":{"line":16,"column":2},"end":{"line":16,"column":null}},"5":{"start":{"line":19,"column":2},"end":{"line":19,"column":null}},"6":{"start":{"line":22,"column":2},"end":{"line":22,"column":null}},"7":{"start":{"line":21,"column":19},"end":{"line":21,"column":26}},"8":{"start":{"line":21,"column":50},"end":{"line":21,"column":63}},"9":{"start":{"line":11,"column":21},"end":{"line":23,"column":null}},"10":{"start":{"line":11,"column":21},"end":{"line":11,"column":27}}},"fnMap":{"0":{"name":"(anonymous_3)","decl":{"start":{"line":21,"column":13},"end":{"line":21,"column":16}},"loc":{"start":{"line":21,"column":19},"end":{"line":21,"column":26}}},"1":{"name":"(anonymous_4)","decl":{"start":{"line":21,"column":28},"end":{"line":21,"column":29}},"loc":{"start":{"line":21,"column":50},"end":{"line":21,"column":63}}}},"branchMap":{},"s":{"0":1,"1":1,"2":1,"3":1,"4":1,"5":1,"6":1,"7":0,"8":0,"9":1,"10":1},"f":{"0":0,"1":0},"b":{}}
,"/home/lucas/projetos/Drivent/projeto-drivent-back-main/src/entities/Modality.ts": {"path":"/home/lucas/projetos/Drivent/projeto-drivent-back-main/src/entities/Modality.ts","statementMap":{"0":{"start":{"line":1,"column":0},"end":{"line":1,"column":null}},"1":{"start":{"line":8,"column":0},"end":{"line":8,"column":32}},"2":{"start":{"line":11,"column":0},"end":{"line":23,"column":null}},"3":{"start":{"line":13,"column":2},"end":{"line":13,"column":null}},"4":{"start":{"line":16,"column":2},"end":{"line":16,"column":null}},"5":{"start":{"line":19,"column":2},"end":{"line":19,"column":null}},"6":{"start":{"line":22,"column":2},"end":{"line":22,"column":null}},"7":{"start":{"line":21,"column":19},"end":{"line":21,"column":26}},"8":{"start":{"line":21,"column":50},"end":{"line":21,"column":66}},"9":{"start":{"line":11,"column":21},"end":{"line":23,"column":null}},"10":{"start":{"line":11,"column":21},"end":{"line":11,"column":30}}},"fnMap":{"0":{"name":"(anonymous_3)","decl":{"start":{"line":21,"column":13},"end":{"line":21,"column":16}},"loc":{"start":{"line":21,"column":19},"end":{"line":21,"column":26}}},"1":{"name":"(anonymous_4)","decl":{"start":{"line":21,"column":28},"end":{"line":21,"column":29}},"loc":{"start":{"line":21,"column":50},"end":{"line":21,"column":66}}}},"branchMap":{},"s":{"0":1,"1":1,"2":1,"3":1,"4":1,"5":1,"6":1,"7":0,"8":0,"9":1,"10":1},"f":{"0":0,"1":0},"b":{}}
,"/home/lucas/projetos/Drivent/projeto-drivent-back-main/src/entities/Room.ts": {"path":"/home/lucas/projetos/Drivent/projeto-drivent-back-main/src/entities/Room.ts","statementMap":{"0":{"start":{"line":1,"column":0},"end":{"line":1,"column":99}},"1":{"start":{"line":2,"column":0},"end":{"line":2,"column":37}},"2":{"start":{"line":3,"column":0},"end":{"line":3,"column":59}},"3":{"start":{"line":6,"column":0},"end":{"line":51,"column":null}},"4":{"start":{"line":29,"column":4},"end":{"line":29,"column":29}},"5":{"start":{"line":30,"column":4},"end":{"line":30,"column":22}},"6":{"start":{"line":34,"column":4},"end":{"line":34,"column":29}},"7":{"start":{"line":35,"column":4},"end":{"line":35,"column":22}},"8":{"start":{"line":39,"column":4},"end":{"line":39,"column":55}},"9":{"start":{"line":43,"column":4},"end":{"line":45,"column":null}},"10":{"start":{"line":44,"column":6},"end":{"line":44,"column":22}},"11":{"start":{"line":46,"column":4},"end":{"line":48,"column":null}},"12":{"start":{"line":47,"column":6},"end":{"line":47,"column":22}},"13":{"start":{"line":49,"column":4},"end":{"line":49,"column":20}},"14":{"start":{"line":8,"column":2},"end":{"line":8,"column":null}},"15":{"start":{"line":11,"column":2},"end":{"line":11,"column":null}},"16":{"start":{"line":14,"column":2},"end":{"line":14,"column":null}},"17":{"start":{"line":17,"column":2},"end":{"line":17,"column":null}},"18":{"start":{"line":20,"column":2},"end":{"line":20,"column":null}},"19":{"start":{"line":23,"column":2},"end":{"line":23,"column":null}},"20":{"start":{"line":22,"column":19},"end":{"line":22,"column":24}},"21":{"start":{"line":22,"column":35},"end":{"line":22,"column":46}},"22":{"start":{"line":26,"column":2},"end":{"line":26,"column":null}},"23":{"start":{"line":25,"column":19},"end":{"line":25,"column":35}},"24":{"start":{"line":25,"column":58},"end":{"line":25,"column":81}},"25":{"start":{"line":6,"column":21},"end":{"line":51,"column":null}},"26":{"start":{"line":6,"column":21},"end":{"line":6,"column":26}}},"fnMap":{"0":{"name":"(anonymous_10)","decl":{"start":{"line":28,"column":8},"end":{"line":28,"column":34}},"loc":{"start":{"line":28,"column":34},"end":{"line":31,"column":null}}},"1":{"name":"(anonymous_12)","decl":{"start":{"line":33,"column":8},"end":{"line":33,"column":34}},"loc":{"start":{"line":33,"column":34},"end":{"line":36,"column":null}}},"2":{"name":"(anonymous_14)","decl":{"start":{"line":38,"column":2},"end":{"line":38,"column":15}},"loc":{"start":{"line":38,"column":15},"end":{"line":40,"column":3}}},"3":{"name":"(anonymous_15)","decl":{"start":{"line":42,"column":2},"end":{"line":42,"column":6}},"loc":{"start":{"line":42,"column":6},"end":{"line":50,"column":3}}},"4":{"name":"(anonymous_16)","decl":{"start":{"line":22,"column":13},"end":{"line":22,"column":16}},"loc":{"start":{"line":22,"column":19},"end":{"line":22,"column":24}}},"5":{"name":"(anonymous_17)","decl":{"start":{"line":22,"column":26},"end":{"line":22,"column":31}},"loc":{"start":{"line":22,"column":35},"end":{"line":22,"column":46}}},"6":{"name":"(anonymous_18)","decl":{"start":{"line":25,"column":13},"end":{"line":25,"column":16}},"loc":{"start":{"line":25,"column":19},"end":{"line":25,"column":35}}},"7":{"name":"(anonymous_19)","decl":{"start":{"line":25,"column":37},"end":{"line":25,"column":54}},"loc":{"start":{"line":25,"column":58},"end":{"line":25,"column":81}}}},"branchMap":{"0":{"loc":{"start":{"line":43,"column":4},"end":{"line":45,"column":null}},"type":"if","locations":[{"start":{"line":43,"column":4},"end":{"line":45,"column":null}},{"start":{"line":43,"column":4},"end":{"line":45,"column":null}}]},"1":{"loc":{"start":{"line":46,"column":4},"end":{"line":48,"column":null}},"type":"if","locations":[{"start":{"line":46,"column":4},"end":{"line":48,"column":null}},{"start":{"line":46,"column":4},"end":{"line":48,"column":null}}]}},"s":{"0":1,"1":1,"2":1,"3":1,"4":0,"5":0,"6":0,"7":0,"8":0,"9":0,"10":0,"11":0,"12":0,"13":0,"14":1,"15":1,"16":1,"17":1,"18":1,"19":1,"20":0,"21":0,"22":1,"23":0,"24":0,"25":1,"26":1},"f":{"0":0,"1":0,"2":0,"3":0,"4":0,"5":0,"6":0,"7":0},"b":{"0":[0,0],"1":[0,0]}}
,"/home/lucas/projetos/Drivent/projeto-drivent-back-main/src/entities/User.ts": {"path":"/home/lucas/projetos/Drivent/projeto-drivent-back-main/src/entities/User.ts","statementMap":{"0":{"start":{"line":1,"column":0},"end":{"line":1,"column":null}},"1":{"start":{"line":9,"column":0},"end":{"line":9,"column":28}},"2":{"start":{"line":10,"column":0},"end":{"line":10,"column":64}},"3":{"start":{"line":11,"column":0},"end":{"line":11,"column":59}},"4":{"start":{"line":12,"column":0},"end":{"line":12,"column":32}},"5":{"start":{"line":13,"column":0},"end":{"line":13,"column":44}},"6":{"start":{"line":14,"column":0},"end":{"line":14,"column":54}},"7":{"start":{"line":17,"column":25},"end":{"line":83,"column":null}},"8":{"start":{"line":42,"column":4},"end":{"line":42,"column":45}},"9":{"start":{"line":43,"column":27},"end":{"line":43,"column":54}},"10":{"start":{"line":45,"column":20},"end":{"line":45,"column":68}},"11":{"start":{"line":46,"column":4},"end":{"line":46,"column":25}},"12":{"start":{"line":48,"column":4},"end":{"line":48,"column":19}},"13":{"start":{"line":52,"column":4},"end":{"line":52,"column":51}},"14":{"start":{"line":53,"column":4},"end":{"line":53,"column":22}},"15":{"start":{"line":57,"column":4},"end":{"line":57,"column":41}},"16":{"start":{"line":61,"column":17},"end":{"line":61,"column":46}},"17":{"start":{"line":63,"column":4},"end":{"line":65,"column":null}},"18":{"start":{"line":64,"column":6},"end":{"line":64,"column":46}},"19":{"start":{"line":69,"column":17},"end":{"line":69,"column":46}},"20":{"start":{"line":71,"column":4},"end":{"line":73,"column":null}},"21":{"start":{"line":72,"column":6},"end":{"line":72,"column":18}},"22":{"start":{"line":75,"column":4},"end":{"line":75,"column":16}},"23":{"start":{"line":79,"column":17},"end":{"line":79,"column":46}},"24":{"start":{"line":80,"column":4},"end":{"line":80,"column":49}},"25":{"start":{"line":80,"column":14},"end":{"line":80,"column":49}},"26":{"start":{"line":81,"column":4},"end":{"line":81,"column":16}},"27":{"start":{"line":19,"column":2},"end":{"line":19,"column":null}},"28":{"start":{"line":22,"column":2},"end":{"line":22,"column":null}},"29":{"start":{"line":25,"column":2},"end":{"line":25,"column":null}},"30":{"start":{"line":28,"column":2},"end":{"line":28,"column":null}},"31":{"start":{"line":27,"column":46},"end":{"line":27,"column":65}},"32":{"start":{"line":31,"column":2},"end":{"line":31,"column":null}},"33":{"start":{"line":30,"column":18},"end":{"line":30,"column":34}},"34":{"start":{"line":30,"column":58},"end":{"line":30,"column":79}},"35":{"start":{"line":34,"column":2},"end":{"line":34,"column":null}},"36":{"start":{"line":33,"column":18},"end":{"line":33,"column":25}},"37":{"start":{"line":33,"column":49},"end":{"line":33,"column":61}},"38":{"start":{"line":39,"column":2},"end":{"line":39,"column":null}},"39":{"start":{"line":36,"column":19},"end":{"line":36,"column":32}},"40":{"start":{"line":36,"column":63},"end":{"line":36,"column":76}},"41":{"start":{"line":17,"column":21},"end":{"line":83,"column":null}},"42":{"start":{"line":17,"column":21},"end":{"line":17,"column":26}}},"fnMap":{"0":{"name":"(anonymous_10)","decl":{"start":{"line":41,"column":2},"end":{"line":41,"column":8}},"loc":{"start":{"line":41,"column":56},"end":{"line":49,"column":null}}},"1":{"name":"(anonymous_12)","decl":{"start":{"line":51,"column":8},"end":{"line":51,"column":22}},"loc":{"start":{"line":51,"column":42},"end":{"line":54,"column":null}}},"2":{"name":"(anonymous_14)","decl":{"start":{"line":56,"column":2},"end":{"line":56,"column":8}},"loc":{"start":{"line":56,"column":38},"end":{"line":58,"column":3}}},"3":{"name":"(anonymous_15)","decl":{"start":{"line":60,"column":2},"end":{"line":60,"column":8}},"loc":{"start":{"line":60,"column":51},"end":{"line":66,"column":null}}},"4":{"name":"(anonymous_17)","decl":{"start":{"line":68,"column":2},"end":{"line":68,"column":8}},"loc":{"start":{"line":68,"column":69},"end":{"line":76,"column":null}}},"5":{"name":"(anonymous_19)","decl":{"start":{"line":78,"column":2},"end":{"line":78,"column":8}},"loc":{"start":{"line":78,"column":40},"end":{"line":82,"column":null}}},"6":{"name":"(anonymous_21)","decl":{"start":{"line":27,"column":40},"end":{"line":27,"column":43}},"loc":{"start":{"line":27,"column":46},"end":{"line":27,"column":65}}},"7":{"name":"(anonymous_22)","decl":{"start":{"line":30,"column":12},"end":{"line":30,"column":15}},"loc":{"start":{"line":30,"column":18},"end":{"line":30,"column":34}}},"8":{"name":"(anonymous_23)","decl":{"start":{"line":30,"column":36},"end":{"line":30,"column":37}},"loc":{"start":{"line":30,"column":58},"end":{"line":30,"column":79}}},"9":{"name":"(anonymous_24)","decl":{"start":{"line":33,"column":12},"end":{"line":33,"column":15}},"loc":{"start":{"line":33,"column":18},"end":{"line":33,"column":25}}},"10":{"name":"(anonymous_25)","decl":{"start":{"line":33,"column":27},"end":{"line":33,"column":28}},"loc":{"start":{"line":33,"column":49},"end":{"line":33,"column":61}}},"11":{"name":"(anonymous_26)","decl":{"start":{"line":36,"column":13},"end":{"line":36,"column":16}},"loc":{"start":{"line":36,"column":19},"end":{"line":36,"column":32}}},"12":{"name":"(anonymous_27)","decl":{"start":{"line":36,"column":34},"end":{"line":36,"column":35}},"loc":{"start":{"line":36,"column":63},"end":{"line":36,"column":76}}}},"branchMap":{"0":{"loc":{"start":{"line":63,"column":4},"end":{"line":65,"column":null}},"type":"if","locations":[{"start":{"line":63,"column":4},"end":{"line":65,"column":null}},{"start":{"line":63,"column":4},"end":{"line":65,"column":null}}]},"1":{"loc":{"start":{"line":71,"column":4},"end":{"line":73,"column":null}},"type":"if","locations":[{"start":{"line":71,"column":4},"end":{"line":73,"column":null}},{"start":{"line":71,"column":4},"end":{"line":73,"column":null}}]},"2":{"loc":{"start":{"line":71,"column":8},"end":{"line":71,"column":12}},"type":"binary-expr","locations":[{"start":{"line":71,"column":8},"end":{"line":71,"column":12}},{"start":{"line":71,"column":16},"end":{"line":71,"column":59}}]},"3":{"loc":{"start":{"line":80,"column":4},"end":{"line":80,"column":49}},"type":"if","locations":[{"start":{"line":80,"column":4},"end":{"line":80,"column":49}},{"start":{"line":80,"column":4},"end":{"line":80,"column":49}}]}},"s":{"0":1,"1":1,"2":1,"3":1,"4":1,"5":1,"6":1,"7":1,"8":0,"9":0,"10":0,"11":0,"12":0,"13":0,"14":0,"15":0,"16":0,"17":0,"18":0,"19":0,"20":0,"21":0,"22":0,"23":0,"24":0,"25":0,"26":0,"27":1,"28":1,"29":1,"30":1,"31":0,"32":1,"33":0,"34":0,"35":1,"36":0,"37":0,"38":1,"39":0,"40":0,"41":1,"42":1},"f":{"0":0,"1":0,"2":0,"3":0,"4":0,"5":0,"6":0,"7":0,"8":0,"9":0,"10":0,"11":0,"12":0},"b":{"0":[0,0],"1":[0,0],"2":[0,0],"3":[0,0]}}
,"/home/lucas/projetos/Drivent/projeto-drivent-back-main/src/errors/CannotEnrollBeforeStartDate.ts": {"path":"/home/lucas/projetos/Drivent/projeto-drivent-back-main/src/errors/CannotEnrollBeforeStartDate.ts","statementMap":{"0":{"start":{"line":3,"column":4},"end":{"line":3,"column":52}},"1":{"start":{"line":5,"column":4},"end":{"line":5,"column":51}},"2":{"start":{"line":1,"column":0},"end":{"line":1,"column":21}}},"fnMap":{"0":{"name":"(anonymous_0)","decl":{"start":{"line":2,"column":2},"end":{"line":2,"column":null}},"loc":{"start":{"line":2,"column":2},"end":{"line":6,"column":3}}}},"branchMap":{},"s":{"0":0,"1":0,"2":1},"f":{"0":0},"b":{}}
,"/home/lucas/projetos/Drivent/projeto-drivent-back-main/src/errors/ConflictError.ts": {"path":"/home/lucas/projetos/Drivent/projeto-drivent-back-main/src/errors/ConflictError.ts","statementMap":{"0":{"start":{"line":3,"column":4},"end":{"line":3,"column":19}},"1":{"start":{"line":5,"column":4},"end":{"line":5,"column":32}},"2":{"start":{"line":1,"column":0},"end":{"line":1,"column":21}}},"fnMap":{"0":{"name":"(anonymous_0)","decl":{"start":{"line":2,"column":2},"end":{"line":2,"column":14}},"loc":{"start":{"line":2,"column":29},"end":{"line":6,"column":3}}}},"branchMap":{},"s":{"0":0,"1":0,"2":1},"f":{"0":0},"b":{}}
,"/home/lucas/projetos/Drivent/projeto-drivent-back-main/src/errors/EmailNotAvailable.ts": {"path":"/home/lucas/projetos/Drivent/projeto-drivent-back-main/src/errors/EmailNotAvailable.ts","statementMap":{"0":{"start":{"line":1,"column":0},"end":{"line":1,"column":51}},"1":{"start":{"line":5,"column":4},"end":{"line":5,"column":61}},"2":{"start":{"line":7,"column":4},"end":{"line":7,"column":41}},"3":{"start":{"line":3,"column":0},"end":{"line":3,"column":21}}},"fnMap":{"0":{"name":"(anonymous_1)","decl":{"start":{"line":4,"column":2},"end":{"line":4,"column":14}},"loc":{"start":{"line":4,"column":27},"end":{"line":8,"column":3}}}},"branchMap":{},"s":{"0":1,"1":0,"2":0,"3":1},"f":{"0":0},"b":{}}
,"/home/lucas/projetos/Drivent/projeto-drivent-back-main/src/errors/InvalidBooking.ts": {"path":"/home/lucas/projetos/Drivent/projeto-drivent-back-main/src/errors/InvalidBooking.ts","statementMap":{"0":{"start":{"line":3,"column":4},"end":{"line":3,"column":54}},"1":{"start":{"line":5,"column":4},"end":{"line":5,"column":35}},"2":{"start":{"line":1,"column":0},"end":{"line":1,"column":21}}},"fnMap":{"0":{"name":"(anonymous_0)","decl":{"start":{"line":2,"column":2},"end":{"line":2,"column":null}},"loc":{"start":{"line":2,"column":2},"end":{"line":6,"column":3}}}},"branchMap":{},"s":{"0":0,"1":0,"2":1},"f":{"0":0},"b":{}}
,"/home/lucas/projetos/Drivent/projeto-drivent-back-main/src/errors/InvalidData.ts": {"path":"/home/lucas/projetos/Drivent/projeto-drivent-back-main/src/errors/InvalidData.ts","statementMap":{"0":{"start":{"line":5,"column":4},"end":{"line":5,"column":29}},"1":{"start":{"line":7,"column":4},"end":{"line":7,"column":27}},"2":{"start":{"line":8,"column":4},"end":{"line":8,"column":35}},"3":{"start":{"line":1,"column":0},"end":{"line":1,"column":21}}},"fnMap":{"0":{"name":"(anonymous_0)","decl":{"start":{"line":4,"column":2},"end":{"line":4,"column":14}},"loc":{"start":{"line":4,"column":45},"end":{"line":9,"column":3}}}},"branchMap":{},"s":{"0":0,"1":0,"2":0,"3":1},"f":{"0":0},"b":{}}
,"/home/lucas/projetos/Drivent/projeto-drivent-back-main/src/errors/InvalidEmail.ts": {"path":"/home/lucas/projetos/Drivent/projeto-drivent-back-main/src/errors/InvalidEmail.ts","statementMap":{"0":{"start":{"line":3,"column":4},"end":{"line":3,"column":46}},"1":{"start":{"line":5,"column":4},"end":{"line":5,"column":36}},"2":{"start":{"line":1,"column":0},"end":{"line":1,"column":21}}},"fnMap":{"0":{"name":"(anonymous_0)","decl":{"start":{"line":2,"column":2},"end":{"line":2,"column":14}},"loc":{"start":{"line":2,"column":27},"end":{"line":6,"column":3}}}},"branchMap":{},"s":{"0":0,"1":0,"2":1},"f":{"0":0},"b":{}}
,"/home/lucas/projetos/Drivent/projeto-drivent-back-main/src/errors/InvalidTokenError.ts": {"path":"/home/lucas/projetos/Drivent/projeto-drivent-back-main/src/errors/InvalidTokenError.ts","statementMap":{"0":{"start":{"line":3,"column":4},"end":{"line":3,"column":34}},"1":{"start":{"line":5,"column":4},"end":{"line":5,"column":36}},"2":{"start":{"line":1,"column":0},"end":{"line":1,"column":21}}},"fnMap":{"0":{"name":"(anonymous_0)","decl":{"start":{"line":2,"column":2},"end":{"line":2,"column":null}},"loc":{"start":{"line":2,"column":2},"end":{"line":6,"column":3}}}},"branchMap":{},"s":{"0":1,"1":1,"2":1},"f":{"0":1},"b":{}}
,"/home/lucas/projetos/Drivent/projeto-drivent-back-main/src/errors/NotFoundError.ts": {"path":"/home/lucas/projetos/Drivent/projeto-drivent-back-main/src/errors/NotFoundError.ts","statementMap":{"0":{"start":{"line":3,"column":4},"end":{"line":3,"column":40}},"1":{"start":{"line":5,"column":4},"end":{"line":5,"column":32}},"2":{"start":{"line":1,"column":0},"end":{"line":1,"column":21}}},"fnMap":{"0":{"name":"(anonymous_0)","decl":{"start":{"line":2,"column":2},"end":{"line":2,"column":null}},"loc":{"start":{"line":2,"column":2},"end":{"line":6,"column":3}}}},"branchMap":{},"s":{"0":0,"1":0,"2":1},"f":{"0":0},"b":{}}
,"/home/lucas/projetos/Drivent/projeto-drivent-back-main/src/errors/Unauthorized.ts": {"path":"/home/lucas/projetos/Drivent/projeto-drivent-back-main/src/errors/Unauthorized.ts","statementMap":{"0":{"start":{"line":3,"column":4},"end":{"line":3,"column":47}},"1":{"start":{"line":5,"column":4},"end":{"line":5,"column":36}},"2":{"start":{"line":1,"column":0},"end":{"line":1,"column":21}}},"fnMap":{"0":{"name":"(anonymous_0)","decl":{"start":{"line":2,"column":2},"end":{"line":2,"column":null}},"loc":{"start":{"line":2,"column":2},"end":{"line":6,"column":3}}}},"branchMap":{},"s":{"0":0,"1":0,"2":1},"f":{"0":0},"b":{}}
,"/home/lucas/projetos/Drivent/projeto-drivent-back-main/src/errors/UnprocessableEntity.ts": {"path":"/home/lucas/projetos/Drivent/projeto-drivent-back-main/src/errors/UnprocessableEntity.ts","statementMap":{"0":{"start":{"line":3,"column":4},"end":{"line":3,"column":19}},"1":{"start":{"line":5,"column":4},"end":{"line":5,"column":43}},"2":{"start":{"line":1,"column":0},"end":{"line":1,"column":21}}},"fnMap":{"0":{"name":"(anonymous_0)","decl":{"start":{"line":2,"column":2},"end":{"line":2,"column":14}},"loc":{"start":{"line":2,"column":29},"end":{"line":6,"column":3}}}},"branchMap":{},"s":{"0":0,"1":0,"2":1},"f":{"0":0},"b":{}}
,"/home/lucas/projetos/Drivent/projeto-drivent-back-main/src/middlewares/errorHandlingMiddleware.ts": {"path":"/home/lucas/projetos/Drivent/projeto-drivent-back-main/src/middlewares/errorHandlingMiddleware.ts","statementMap":{"0":{"start":{"line":2,"column":0},"end":{"line":2,"column":37}},"1":{"start":{"line":4,"column":0},"end":{"line":4,"column":54}},"2":{"start":{"line":5,"column":0},"end":{"line":5,"column":84}},"3":{"start":{"line":6,"column":0},"end":{"line":6,"column":52}},"4":{"start":{"line":7,"column":0},"end":{"line":7,"column":51}},"5":{"start":{"line":8,"column":0},"end":{"line":8,"column":54}},"6":{"start":{"line":9,"column":0},"end":{"line":9,"column":51}},"7":{"start":{"line":10,"column":0},"end":{"line":10,"column":63}},"8":{"start":{"line":11,"column":0},"end":{"line":11,"column":58}},"9":{"start":{"line":12,"column":0},"end":{"line":12,"column":59}},"10":{"start":{"line":16,"column":2},"end":{"line":20,"column":null}},"11":{"start":{"line":17,"column":4},"end":{"line":19,"column":7}},"12":{"start":{"line":21,"column":2},"end":{"line":25,"column":null}},"13":{"start":{"line":22,"column":4},"end":{"line":24,"column":7}},"14":{"start":{"line":27,"column":2},"end":{"line":31,"column":null}},"15":{"start":{"line":28,"column":4},"end":{"line":30,"column":7}},"16":{"start":{"line":33,"column":2},"end":{"line":38,"column":null}},"17":{"start":{"line":34,"column":4},"end":{"line":37,"column":7}},"18":{"start":{"line":40,"column":2},"end":{"line":44,"column":null}},"19":{"start":{"line":41,"column":4},"end":{"line":43,"column":7}},"20":{"start":{"line":46,"column":2},"end":{"line":50,"column":null}},"21":{"start":{"line":47,"column":4},"end":{"line":49,"column":7}},"22":{"start":{"line":52,"column":2},"end":{"line":56,"column":null}},"23":{"start":{"line":53,"column":4},"end":{"line":55,"column":7}},"24":{"start":{"line":58,"column":2},"end":{"line":62,"column":null}},"25":{"start":{"line":59,"column":4},"end":{"line":61,"column":7}},"26":{"start":{"line":64,"column":2},"end":{"line":68,"column":null}},"27":{"start":{"line":65,"column":4},"end":{"line":67,"column":7}},"28":{"start":{"line":71,"column":2},"end":{"line":71,"column":21}},"29":{"start":{"line":72,"column":2},"end":{"line":74,"column":5}},"30":{"start":{"line":15,"column":0},"end":{"line":15,"column":24}}},"fnMap":{"0":{"name":"errorHandlingMiddleware","decl":{"start":{"line":15,"column":24},"end":{"line":15,"column":47}},"loc":{"start":{"line":15,"column":106},"end":{"line":75,"column":1}}}},"branchMap":{"0":{"loc":{"start":{"line":16,"column":2},"end":{"line":20,"column":null}},"type":"if","locations":[{"start":{"line":16,"column":2},"end":{"line":20,"column":null}},{"start":{"line":16,"column":2},"end":{"line":20,"column":null}}]},"1":{"loc":{"start":{"line":21,"column":2},"end":{"line":25,"column":null}},"type":"if","locations":[{"start":{"line":21,"column":2},"end":{"line":25,"column":null}},{"start":{"line":21,"column":2},"end":{"line":25,"column":null}}]},"2":{"loc":{"start":{"line":27,"column":2},"end":{"line":31,"column":null}},"type":"if","locations":[{"start":{"line":27,"column":2},"end":{"line":31,"column":null}},{"start":{"line":27,"column":2},"end":{"line":31,"column":null}}]},"3":{"loc":{"start":{"line":33,"column":2},"end":{"line":38,"column":null}},"type":"if","locations":[{"start":{"line":33,"column":2},"end":{"line":38,"column":null}},{"start":{"line":33,"column":2},"end":{"line":38,"column":null}}]},"4":{"loc":{"start":{"line":40,"column":2},"end":{"line":44,"column":null}},"type":"if","locations":[{"start":{"line":40,"column":2},"end":{"line":44,"column":null}},{"start":{"line":40,"column":2},"end":{"line":44,"column":null}}]},"5":{"loc":{"start":{"line":46,"column":2},"end":{"line":50,"column":null}},"type":"if","locations":[{"start":{"line":46,"column":2},"end":{"line":50,"column":null}},{"start":{"line":46,"column":2},"end":{"line":50,"column":null}}]},"6":{"loc":{"start":{"line":52,"column":2},"end":{"line":56,"column":null}},"type":"if","locations":[{"start":{"line":52,"column":2},"end":{"line":56,"column":null}},{"start":{"line":52,"column":2},"end":{"line":56,"column":null}}]},"7":{"loc":{"start":{"line":58,"column":2},"end":{"line":62,"column":null}},"type":"if","locations":[{"start":{"line":58,"column":2},"end":{"line":62,"column":null}},{"start":{"line":58,"column":2},"end":{"line":62,"column":null}}]},"8":{"loc":{"start":{"line":64,"column":2},"end":{"line":68,"column":null}},"type":"if","locations":[{"start":{"line":64,"column":2},"end":{"line":68,"column":null}},{"start":{"line":64,"column":2},"end":{"line":68,"column":null}}]}},"s":{"0":1,"1":1,"2":1,"3":1,"4":1,"5":1,"6":1,"7":1,"8":1,"9":1,"10":0,"11":0,"12":0,"13":0,"14":0,"15":0,"16":0,"17":0,"18":0,"19":0,"20":0,"21":0,"22":0,"23":0,"24":0,"25":0,"26":0,"27":0,"28":0,"29":0,"30":1},"f":{"0":0},"b":{"0":[0,0],"1":[0,0],"2":[0,0],"3":[0,0],"4":[0,0],"5":[0,0],"6":[0,0],"7":[0,0],"8":[0,0]}}
,"/home/lucas/projetos/Drivent/projeto-drivent-back-main/src/services/client/resetPassword.ts": {"path":"/home/lucas/projetos/Drivent/projeto-drivent-back-main/src/services/client/resetPassword.ts","statementMap":{"0":{"start":{"line":1,"column":0},"end":{"line":1,"column":35}},"1":{"start":{"line":2,"column":0},"end":{"line":2,"column":47}},"2":{"start":{"line":3,"column":0},"end":{"line":3,"column":36}},"3":{"start":{"line":4,"column":0},"end":{"line":4,"column":59}},"4":{"start":{"line":7,"column":2},"end":{"line":7,"column":32}},"5":{"start":{"line":8,"column":16},"end":{"line":8,"column":81}},"6":{"start":{"line":9,"column":15},"end":{"line":9,"column":65}},"7":{"start":{"line":10,"column":2},"end":{"line":10,"column":49}},"8":{"start":{"line":11,"column":14},"end":{"line":17,"column":4}},"9":{"start":{"line":18,"column":2},"end":{"line":18,"column":26}},"10":{"start":{"line":6,"column":0},"end":{"line":6,"column":22}},"11":{"start":{"line":23,"column":2},"end":{"line":29,"column":null}},"12":{"start":{"line":24,"column":24},"end":{"line":24,"column":79}},"13":{"start":{"line":25,"column":4},"end":{"line":25,"column":29}},"14":{"start":{"line":28,"column":4},"end":{"line":28,"column":34}},"15":{"start":{"line":30,"column":2},"end":{"line":30,"column":15}},"16":{"start":{"line":21,"column":0},"end":{"line":21,"column":22}},"17":{"start":{"line":34,"column":16},"end":{"line":34,"column":50}},"18":{"start":{"line":35,"column":15},"end":{"line":35,"column":44}},"19":{"start":{"line":36,"column":2},"end":{"line":36,"column":41}},"20":{"start":{"line":33,"column":0},"end":{"line":33,"column":22}}},"fnMap":{"0":{"name":"sendToken","decl":{"start":{"line":6,"column":22},"end":{"line":6,"column":31}},"loc":{"start":{"line":6,"column":45},"end":{"line":19,"column":null}}},"1":{"name":"verifyTokenValidation","decl":{"start":{"line":21,"column":22},"end":{"line":21,"column":43}},"loc":{"start":{"line":21,"column":57},"end":{"line":31,"column":null}}},"2":{"name":"resetPassword","decl":{"start":{"line":33,"column":22},"end":{"line":33,"column":35}},"loc":{"start":{"line":33,"column":70},"end":{"line":37,"column":null}}}},"branchMap":{},"s":{"0":1,"1":1,"2":1,"3":1,"4":0,"5":0,"6":0,"7":0,"8":0,"9":0,"10":1,"11":2,"12":2,"13":1,"14":1,"15":1,"16":1,"17":0,"18":0,"19":0,"20":1},"f":{"0":0,"1":2,"2":0},"b":{}}
}
