TN:
SF:src/app.ts
FN:19,(anonymous_8)
FN:28,init
FNF:2
FNH:0
FNDA:0,(anonymous_8)
FNDA:0,init
DA:1,1
DA:3,1
DA:4,1
DA:5,1
DA:6,1
DA:8,1
DA:9,1
DA:10,1
DA:11,1
DA:13,1
DA:14,1
DA:15,1
DA:17,1
DA:19,1
DA:20,0
DA:23,1
DA:24,1
DA:26,1
DA:28,1
DA:29,0
DA:32,1
DA:33,1
LF:22
LH:20
BRF:0
BRH:0
end_of_record
TN:
SF:src/database.ts
FN:7,connect
FNF:1
FNH:0
FNDA:0,connect
DA:1,1
DA:3,1
DA:4,0
DA:7,1
DA:8,0
DA:10,0
DA:18,0
DA:20,0
LF:8
LH:3
BRDA:3,0,0,0
BRDA:3,0,1,1
BRDA:3,1,0,1
BRDA:3,1,1,0
BRDA:14,2,0,0
BRDA:14,2,1,0
BRF:6
BRH:2
end_of_record
TN:
SF:src/setup.ts
FNF:0
FNH:0
DA:1,1
DA:3,1
DA:5,1
LF:3
LH:3
BRDA:3,0,0,1
BRDA:3,0,1,0
BRF:2
BRH:1
end_of_record
TN:
SF:src/controllers/client/activity.ts
FN:5,getAllDates
FN:10,getActivitiesByDates
FNF:2
FNH:0
FNDA:0,getAllDates
FNDA:0,getActivitiesByDates
DA:3,1
DA:5,1
DA:6,0
DA:7,0
DA:10,1
DA:11,0
DA:13,0
DA:15,0
DA:16,0
LF:9
LH:3
BRF:0
BRH:0
end_of_record
TN:
SF:src/controllers/client/auth.ts
FN:5,signIn
FNF:1
FNH:0
FNDA:0,signIn
DA:3,1
DA:5,1
DA:6,0
DA:7,0
LF:4
LH:2
BRF:0
BRH:0
end_of_record
TN:
SF:src/controllers/client/booking.ts
FN:6,saveBookingInfo
FN:13,getBookingInfo
FN:19,payBooking
FNF:3
FNH:0
FNDA:0,saveBookingInfo
FNDA:0,getBookingInfo
FNDA:0,payBooking
DA:3,1
DA:6,1
DA:7,0
DA:8,0
DA:9,0
DA:10,0
DA:13,1
DA:14,0
DA:15,0
DA:16,0
DA:19,1
DA:20,0
DA:21,0
DA:22,0
LF:14
LH:4
BRF:0
BRH:0
end_of_record
TN:
SF:src/controllers/client/enrollment.ts
FN:7,saveEnrollmentInfo
FN:14,getEnrollmentInfos
FNF:2
FNH:0
FNDA:0,saveEnrollmentInfo
FNDA:0,getEnrollmentInfos
DA:2,1
DA:4,1
DA:7,1
DA:8,0
DA:9,0
DA:10,0
DA:11,0
DA:14,1
DA:15,0
DA:17,0
DA:18,0
DA:21,0
LF:12
LH:4
BRDA:17,0,0,0
BRDA:17,0,1,0
BRF:2
BRH:0
end_of_record
TN:
SF:src/controllers/client/event.ts
FN:5,get
FNF:1
FNH:0
FNDA:0,get
DA:3,1
DA:5,1
DA:6,0
DA:7,0
LF:4
LH:2
BRF:0
BRH:0
end_of_record
TN:
SF:src/controllers/client/hotel.ts
FN:5,get
FN:10,getOne
FNF:2
FNH:0
FNDA:0,get
FNDA:0,getOne
DA:3,1
DA:5,1
DA:6,0
DA:7,0
DA:10,1
DA:11,0
DA:12,0
DA:13,0
LF:8
LH:3
BRF:0
BRH:0
end_of_record
TN:
SF:src/controllers/client/hotelReservation.ts
FN:6,getReservation
FN:11,ReserveHotelRoom
FNF:2
FNH:0
FNDA:0,getReservation
FNDA:0,ReserveHotelRoom
DA:2,1
DA:3,1
DA:4,1
DA:6,1
DA:7,0
DA:8,0
DA:9,0
DA:11,1
DA:12,0
DA:13,0
DA:14,0
DA:16,0
DA:17,0
DA:18,0
DA:19,0
LF:15
LH:5
BRDA:16,0,0,0
BRDA:16,0,1,0
BRDA:16,1,0,0
BRDA:16,1,1,0
BRDA:17,2,0,0
BRDA:17,2,1,0
BRDA:17,3,0,0
BRDA:17,3,1,0
BRF:8
BRH:0
end_of_record
TN:
SF:src/controllers/client/lodge.ts
FN:6,getLodgeOptions
FNF:1
FNH:0
FNDA:0,getLodgeOptions
DA:2,1
DA:4,1
DA:6,1
DA:7,0
DA:8,0
DA:9,0
LF:6
LH:3
BRDA:8,0,0,0
BRDA:8,0,1,0
BRF:2
BRH:0
end_of_record
TN:
SF:src/controllers/client/modality.ts
FN:6,getAllModalities
FNF:1
FNH:0
FNDA:0,getAllModalities
DA:2,1
DA:4,1
DA:6,1
DA:7,0
DA:8,0
DA:9,0
LF:6
LH:3
BRDA:8,0,0,0
BRDA:8,0,1,0
BRF:2
BRH:0
end_of_record
TN:
SF:src/controllers/client/user.ts
FN:6,signUp
FNF:1
FNH:0
FNDA:0,signUp
DA:2,1
DA:4,1
DA:6,1
DA:7,0
DA:8,0
LF:5
LH:3
BRF:0
BRH:0
end_of_record
TN:
SF:src/entities/Activity.ts
FN:43,(anonymous_10)
FN:52,(anonymous_12)
FN:32,(anonymous_14)
FN:38,(anonymous_15)
FN:39,(anonymous_16)
FNF:5
FNH:0
FNDA:0,(anonymous_10)
FNDA:0,(anonymous_12)
FNDA:0,(anonymous_14)
FNDA:0,(anonymous_15)
FNDA:0,(anonymous_16)
DA:1,1
DA:9,1
DA:10,1
DA:13,1
DA:15,1
DA:18,1
DA:21,1
DA:24,1
DA:27,1
DA:30,1
DA:32,0
DA:35,1
DA:38,0
DA:39,0
DA:41,1
DA:44,0
DA:49,0
DA:53,0
DA:56,0
LF:19
LH:12
BRF:0
BRH:0
end_of_record
TN:
SF:src/entities/Activity_User.ts
FN:10,(anonymous_3)
FN:10,(anonymous_4)
FN:13,(anonymous_5)
FN:13,(anonymous_6)
FNF:4
FNH:0
FNDA:0,(anonymous_3)
FNDA:0,(anonymous_4)
FNDA:0,(anonymous_5)
FNDA:0,(anonymous_6)
DA:1,1
DA:2,1
DA:3,1
DA:6,1
DA:8,1
DA:10,0
DA:11,1
DA:13,0
DA:14,1
LF:9
LH:7
BRF:0
BRH:0
end_of_record
TN:
SF:src/entities/Address.ts
FN:33,(anonymous_3)
FN:33,(anonymous_4)
FNF:2
FNH:0
FNDA:0,(anonymous_3)
FNDA:0,(anonymous_4)
DA:1,1
DA:2,1
DA:5,1
DA:7,1
DA:10,1
DA:13,1
DA:16,1
DA:19,1
DA:22,1
DA:25,1
DA:28,1
DA:31,1
DA:33,0
DA:35,1
LF:14
LH:13
BRF:0
BRH:0
end_of_record
TN:
SF:src/entities/Booking.ts
FN:47,(anonymous_10)
FN:69,(anonymous_12)
FN:85,(anonymous_14)
FN:36,(anonymous_16)
FN:36,(anonymous_17)
FN:39,(anonymous_18)
FN:39,(anonymous_19)
FN:44,(anonymous_20)
FN:44,(anonymous_21)
FNF:9
FNH:0
FNDA:0,(anonymous_10)
FNDA:0,(anonymous_12)
FNDA:0,(anonymous_14)
FNDA:0,(anonymous_16)
FNDA:0,(anonymous_17)
FNDA:0,(anonymous_18)
FNDA:0,(anonymous_19)
FNDA:0,(anonymous_20)
FNDA:0,(anonymous_21)
DA:1,1
DA:9,1
DA:10,1
DA:11,1
DA:13,1
DA:14,1
DA:17,1
DA:19,1
DA:22,1
DA:25,1
DA:28,1
DA:31,1
DA:34,1
DA:36,0
DA:37,1
DA:39,0
DA:42,1
DA:44,0
DA:45,1
DA:48,0
DA:49,0
DA:50,0
DA:51,0
DA:54,0
DA:55,0
DA:58,0
DA:61,0
DA:62,0
DA:64,0
DA:65,0
DA:66,0
DA:70,0
DA:72,0
DA:73,0
DA:82,0
DA:86,0
DA:87,0
DA:88,0
DA:89,0
LF:39
LH:16
BRDA:49,0,0,0
BRDA:49,0,1,0
BRDA:50,1,0,0
BRDA:50,1,1,0
BRDA:54,2,0,0
BRDA:54,2,1,0
BRDA:61,3,0,0
BRDA:61,3,1,0
BRDA:72,4,0,0
BRDA:72,4,1,0
BRDA:87,5,0,0
BRDA:87,5,1,0
BRF:12
BRH:0
end_of_record
TN:
SF:src/entities/Enrollment.ts
FN:29,(anonymous_10)
FN:48,(anonymous_11)
FN:63,(anonymous_13)
FN:26,(anonymous_15)
FN:26,(anonymous_16)
FNF:5
FNH:0
FNDA:0,(anonymous_10)
FNDA:0,(anonymous_11)
FNDA:0,(anonymous_13)
FNDA:0,(anonymous_15)
FNDA:0,(anonymous_16)
DA:1,1
DA:3,1
DA:4,1
DA:7,1
DA:9,1
DA:12,1
DA:15,1
DA:18,1
DA:21,1
DA:24,1
DA:26,0
DA:27,1
DA:30,0
DA:31,0
DA:32,0
DA:33,0
DA:34,0
DA:36,0
DA:37,0
DA:39,0
DA:40,0
DA:41,0
DA:42,0
DA:43,0
DA:44,0
DA:45,0
DA:49,0
DA:51,0
DA:52,0
DA:55,0
DA:56,0
DA:57,0
DA:59,0
DA:60,0
DA:64,0
LF:35
LH:11
BRDA:36,0,0,0
BRDA:36,0,1,0
BRDA:51,1,0,0
BRDA:51,1,1,0
BRDA:51,2,0,0
BRDA:51,2,1,0
BRDA:55,3,0,0
BRDA:55,3,1,0
BRF:8
BRH:0
end_of_record
TN:
SF:src/entities/Hotel.ts
FN:24,(anonymous_10)
FN:32,(anonymous_12)
FN:44,(anonymous_14)
FN:45,(anonymous_15)
FN:50,(anonymous_16)
FN:56,(anonymous_17)
FN:60,(anonymous_18)
FN:18,(anonymous_19)
FN:18,(anonymous_20)
FN:21,(anonymous_21)
FN:21,(anonymous_22)
FNF:11
FNH:0
FNDA:0,(anonymous_10)
FNDA:0,(anonymous_12)
FNDA:0,(anonymous_14)
FNDA:0,(anonymous_15)
FNDA:0,(anonymous_16)
FNDA:0,(anonymous_17)
FNDA:0,(anonymous_18)
FNDA:0,(anonymous_19)
FNDA:0,(anonymous_20)
FNDA:0,(anonymous_21)
FNDA:0,(anonymous_22)
DA:1,1
DA:2,1
DA:3,1
DA:5,1
DA:8,1
DA:10,1
DA:13,1
DA:16,1
DA:18,0
DA:19,1
DA:21,0
DA:22,1
DA:25,0
DA:33,0
DA:40,0
DA:41,0
DA:45,0
DA:46,0
DA:51,0
DA:56,0
DA:57,0
DA:59,0
DA:60,0
DA:61,0
DA:63,0
LF:25
LH:10
BRDA:40,0,0,0
BRDA:40,0,1,0
BRDA:40,1,0,0
BRDA:40,1,1,0
BRDA:61,2,0,0
BRDA:61,2,1,0
BRF:6
BRH:0
end_of_record
TN:
SF:src/entities/HotelReservation.ts
FN:29,(anonymous_10)
FN:14,(anonymous_12)
FN:14,(anonymous_13)
FN:20,(anonymous_14)
FN:20,(anonymous_15)
FN:26,(anonymous_16)
FN:26,(anonymous_17)
FNF:7
FNH:0
FNDA:0,(anonymous_10)
FNDA:0,(anonymous_12)
FNDA:0,(anonymous_13)
FNDA:0,(anonymous_14)
FNDA:0,(anonymous_15)
FNDA:0,(anonymous_16)
FNDA:0,(anonymous_17)
DA:1,1
DA:2,1
DA:3,1
DA:4,1
DA:7,1
DA:9,1
DA:12,1
DA:14,0
DA:15,1
DA:18,1
DA:20,0
DA:21,1
DA:24,1
DA:26,0
DA:27,1
DA:30,0
LF:16
LH:12
BRF:0
BRH:0
end_of_record
TN:
SF:src/entities/Location.ts
FNF:0
FNH:0
DA:1,1
DA:4,1
DA:6,1
DA:9,1
LF:4
LH:4
BRF:0
BRH:0
end_of_record
TN:
SF:src/entities/Lodge.ts
FN:21,(anonymous_3)
FN:21,(anonymous_4)
FNF:2
FNH:0
FNDA:0,(anonymous_3)
FNDA:0,(anonymous_4)
DA:1,1
DA:8,1
DA:11,1
DA:13,1
DA:16,1
DA:19,1
DA:21,0
DA:22,1
LF:8
LH:7
BRF:0
BRH:0
end_of_record
TN:
SF:src/entities/Modality.ts
FN:21,(anonymous_3)
FN:21,(anonymous_4)
FNF:2
FNH:0
FNDA:0,(anonymous_3)
FNDA:0,(anonymous_4)
DA:1,1
DA:8,1
DA:11,1
DA:13,1
DA:16,1
DA:19,1
DA:21,0
DA:22,1
LF:8
LH:7
BRF:0
BRH:0
end_of_record
TN:
SF:src/entities/Room.ts
FN:28,(anonymous_10)
FN:33,(anonymous_12)
FN:38,(anonymous_14)
FN:42,(anonymous_15)
FN:22,(anonymous_16)
FN:22,(anonymous_17)
FN:25,(anonymous_18)
FN:25,(anonymous_19)
FNF:8
FNH:0
FNDA:0,(anonymous_10)
FNDA:0,(anonymous_12)
FNDA:0,(anonymous_14)
FNDA:0,(anonymous_15)
FNDA:0,(anonymous_16)
FNDA:0,(anonymous_17)
FNDA:0,(anonymous_18)
FNDA:0,(anonymous_19)
DA:1,1
DA:2,1
DA:3,1
DA:6,1
DA:8,1
DA:11,1
DA:14,1
DA:17,1
DA:20,1
DA:22,0
DA:23,1
DA:25,0
DA:26,1
DA:29,0
DA:30,0
DA:34,0
DA:35,0
DA:39,0
DA:43,0
DA:44,0
DA:46,0
DA:47,0
DA:49,0
LF:23
LH:11
BRDA:43,0,0,0
BRDA:43,0,1,0
BRDA:46,1,0,0
BRDA:46,1,1,0
BRF:4
BRH:0
end_of_record
TN:
SF:src/entities/Setting.ts
FN:14,(anonymous_9)
FN:17,(anonymous_11)
FN:18,(anonymous_12)
FNF:3
FNH:0
FNDA:0,(anonymous_9)
FNDA:0,(anonymous_11)
FNDA:0,(anonymous_12)
DA:1,1
DA:4,1
DA:6,1
DA:9,1
DA:12,1
DA:15,0
DA:17,0
DA:18,0
DA:20,0
LF:9
LH:5
BRF:0
BRH:0
end_of_record
TN:
SF:src/entities/User.ts
FN:40,(anonymous_10)
FN:50,(anonymous_12)
FN:54,(anonymous_13)
FN:62,(anonymous_15)
FN:26,(anonymous_17)
FN:29,(anonymous_18)
FN:29,(anonymous_19)
FN:32,(anonymous_20)
FN:32,(anonymous_21)
FN:35,(anonymous_22)
FN:35,(anonymous_23)
FNF:11
FNH:0
FNDA:0,(anonymous_10)
FNDA:0,(anonymous_12)
FNDA:0,(anonymous_13)
FNDA:0,(anonymous_15)
FNDA:0,(anonymous_17)
FNDA:0,(anonymous_18)
FNDA:0,(anonymous_19)
FNDA:0,(anonymous_20)
FNDA:0,(anonymous_21)
FNDA:0,(anonymous_22)
FNDA:0,(anonymous_23)
DA:1,1
DA:9,1
DA:10,1
DA:11,1
DA:12,1
DA:13,1
DA:16,1
DA:18,1
DA:21,1
DA:24,1
DA:26,0
DA:27,1
DA:29,0
DA:30,1
DA:32,0
DA:33,1
DA:35,0
DA:38,1
DA:41,0
DA:42,0
DA:44,0
DA:45,0
DA:47,0
DA:51,0
DA:55,0
DA:57,0
DA:58,0
DA:63,0
DA:65,0
DA:66,0
DA:69,0
LF:31
LH:14
BRDA:57,0,0,0
BRDA:57,0,1,0
BRDA:65,1,0,0
BRDA:65,1,1,0
BRDA:65,2,0,0
BRDA:65,2,1,0
BRF:6
BRH:0
end_of_record
TN:
SF:src/errors/CannotEnrollBeforeStartDate.ts
FN:2,(anonymous_0)
FNF:1
FNH:0
FNDA:0,(anonymous_0)
DA:1,1
DA:3,0
DA:5,0
LF:3
LH:1
BRF:0
BRH:0
end_of_record
TN:
SF:src/errors/ConflictError.ts
FN:2,(anonymous_0)
FNF:1
FNH:0
FNDA:0,(anonymous_0)
DA:1,1
DA:3,0
DA:5,0
LF:3
LH:1
BRF:0
BRH:0
end_of_record
TN:
SF:src/errors/CpfNotAvailable.ts
FN:4,(anonymous_1)
FNF:1
FNH:0
FNDA:0,(anonymous_1)
DA:1,1
DA:3,1
DA:5,0
DA:7,0
LF:4
LH:2
BRF:0
BRH:0
end_of_record
TN:
SF:src/errors/EmailNotAvailable.ts
FN:4,(anonymous_1)
FNF:1
FNH:0
FNDA:0,(anonymous_1)
DA:1,1
DA:3,1
DA:5,0
DA:7,0
LF:4
LH:2
BRF:0
BRH:0
end_of_record
TN:
SF:src/errors/InvalidBooking.ts
FN:2,(anonymous_0)
FNF:1
FNH:0
FNDA:0,(anonymous_0)
DA:1,1
DA:3,0
DA:5,0
LF:3
LH:1
BRF:0
BRH:0
end_of_record
TN:
SF:src/errors/InvalidData.ts
FN:4,(anonymous_0)
FNF:1
FNH:0
FNDA:0,(anonymous_0)
DA:1,1
DA:5,0
DA:7,0
DA:8,0
LF:4
LH:1
BRF:0
BRH:0
end_of_record
TN:
SF:src/errors/InvalidEmail.ts
FN:2,(anonymous_0)
FNF:1
FNH:0
FNDA:0,(anonymous_0)
DA:1,1
DA:3,0
DA:5,0
LF:3
LH:1
BRF:0
BRH:0
end_of_record
TN:
SF:src/errors/NotFoundError.ts
FN:2,(anonymous_0)
FNF:1
FNH:0
FNDA:0,(anonymous_0)
DA:1,1
DA:3,0
DA:5,0
LF:3
LH:1
BRF:0
BRH:0
end_of_record
TN:
SF:src/errors/Unauthorized.ts
FN:2,(anonymous_0)
FNF:1
FNH:1
FNDA:1,(anonymous_0)
DA:1,1
DA:3,1
DA:5,1
LF:3
LH:3
BRF:0
BRH:0
end_of_record
TN:
SF:src/errors/UnprocessableEntity.ts
FN:2,(anonymous_0)
FNF:1
FNH:0
FNDA:0,(anonymous_0)
DA:1,1
DA:3,0
DA:5,0
LF:3
LH:1
BRF:0
BRH:0
end_of_record
TN:
SF:src/middlewares/errorHandlingMiddleware.ts
FN:14,errorHandlingMiddleware
FNF:1
FNH:0
FNDA:0,errorHandlingMiddleware
DA:2,1
DA:4,1
DA:5,1
DA:6,1
DA:7,1
DA:8,1
DA:9,1
DA:10,1
DA:11,1
DA:14,1
DA:15,0
DA:16,0
DA:21,0
DA:22,0
DA:27,0
DA:28,0
DA:34,0
DA:35,0
DA:40,0
DA:41,0
DA:46,0
DA:47,0
DA:52,0
DA:53,0
DA:58,0
DA:59,0
DA:65,0
DA:66,0
LF:28
LH:10
BRDA:15,0,0,0
BRDA:15,0,1,0
BRDA:21,1,0,0
BRDA:21,1,1,0
BRDA:27,2,0,0
BRDA:27,2,1,0
BRDA:34,3,0,0
BRDA:34,3,1,0
BRDA:40,4,0,0
BRDA:40,4,1,0
BRDA:46,5,0,0
BRDA:46,5,1,0
BRDA:52,6,0,0
BRDA:52,6,1,0
BRDA:58,7,0,0
BRDA:58,7,1,0
BRF:16
BRH:0
end_of_record
TN:
SF:src/middlewares/schemaValidatingMiddleware.ts
FN:10,schemaValidatingMiddleware
FN:11,(anonymous_2)
FN:15,(anonymous_3)
FNF:3
FNH:1
FNDA:5,schemaValidatingMiddleware
FNDA:0,(anonymous_2)
FNDA:0,(anonymous_3)
DA:4,1
DA:10,1
DA:11,5
DA:12,0
DA:14,0
DA:15,0
DA:18,0
LF:7
LH:3
BRDA:10,0,0,5
BRDA:14,1,0,0
BRDA:14,1,1,0
BRF:3
BRH:1
end_of_record
TN:
SF:src/middlewares/tokenValidationMiddleware.ts
FN:12,authenticationMiddleware
FNF:1
FNH:0
FNDA:0,authenticationMiddleware
DA:3,1
DA:5,1
DA:6,1
DA:12,1
DA:13,0
DA:14,0
DA:16,0
DA:17,0
DA:18,0
DA:21,0
DA:23,0
DA:25,0
DA:26,0
DA:29,0
DA:30,0
DA:32,0
LF:16
LH:4
BRDA:16,0,0,0
BRDA:16,0,1,0
BRDA:16,1,0,0
BRDA:16,1,1,0
BRDA:17,2,0,0
BRDA:17,2,1,0
BRDA:25,3,0,0
BRDA:25,3,1,0
BRF:8
BRH:0
end_of_record
TN:
SF:src/routers/index.ts
FNF:0
FNH:0
DA:1,1
DA:3,1
DA:5,1
DA:7,1
DA:9,1
LF:5
LH:5
BRF:0
BRH:0
end_of_record
TN:
SF:src/routers/client/activity.ts
FNF:0
FNH:0
DA:1,1
DA:3,1
DA:5,1
DA:7,1
DA:9,1
DA:11,1
DA:12,1
DA:18,1
LF:8
LH:8
BRF:0
BRH:0
end_of_record
TN:
SF:src/routers/client/auth.ts
FNF:0
FNH:0
DA:1,1
DA:3,1
DA:4,1
DA:6,1
DA:8,1
DA:10,1
DA:12,1
LF:7
LH:7
BRF:0
BRH:0
end_of_record
TN:
SF:src/routers/client/booking.ts
FNF:0
FNH:0
DA:1,1
DA:3,1
DA:5,1
DA:7,1
DA:9,1
DA:11,1
DA:17,1
DA:22,1
DA:24,1
LF:9
LH:9
BRF:0
BRH:0
end_of_record
TN:
SF:src/routers/client/enrollment.ts
FNF:0
FNH:0
DA:1,1
DA:3,1
DA:5,1
DA:7,1
DA:9,1
DA:11,1
DA:12,1
DA:14,1
LF:8
LH:8
BRF:0
BRH:0
end_of_record
TN:
SF:src/routers/client/event.ts
FNF:0
FNH:0
DA:1,1
DA:3,1
DA:5,1
DA:7,1
DA:9,1
LF:5
LH:5
BRF:0
BRH:0
end_of_record
TN:
SF:src/routers/client/hotel.ts
FNF:0
FNH:0
DA:1,1
DA:3,1
DA:5,1
DA:7,1
DA:9,1
DA:11,1
LF:6
LH:6
BRF:0
BRH:0
end_of_record
TN:
SF:src/routers/client/hotelReservation.ts
FNF:0
FNH:0
DA:1,1
DA:3,1
DA:5,1
DA:7,1
DA:9,1
DA:11,1
LF:6
LH:6
BRF:0
BRH:0
end_of_record
TN:
SF:src/routers/client/index.ts
FNF:0
FNH:0
DA:1,1
DA:3,1
DA:4,1
DA:5,1
DA:6,1
DA:7,1
DA:8,1
DA:9,1
DA:10,1
DA:11,1
DA:12,1
DA:14,1
DA:16,1
DA:18,1
DA:19,1
DA:20,1
DA:21,1
DA:22,1
DA:23,1
DA:24,1
DA:25,1
DA:30,1
DA:31,1
DA:33,1
LF:24
LH:24
BRF:0
BRH:0
end_of_record
TN:
SF:src/routers/client/lodge.ts
FNF:0
FNH:0
DA:1,1
DA:3,1
DA:5,1
DA:7,1
DA:9,1
LF:5
LH:5
BRF:0
BRH:0
end_of_record
TN:
SF:src/routers/client/modality.ts
FNF:0
FNH:0
DA:1,1
DA:3,1
DA:5,1
DA:7,1
DA:9,1
LF:5
LH:5
BRF:0
BRH:0
end_of_record
TN:
SF:src/routers/client/user.ts
FNF:0
FNH:0
DA:1,1
DA:3,1
DA:5,1
DA:6,1
DA:8,1
DA:10,1
DA:12,1
LF:7
LH:7
BRF:0
BRH:0
end_of_record
TN:
SF:src/schemas/activitySchema.ts
FNF:0
FNH:0
DA:1,1
DA:3,1
LF:2
LH:2
BRF:0
BRH:0
end_of_record
TN:
SF:src/schemas/bookingSchema.ts
FNF:0
FNH:0
DA:1,1
DA:3,1
LF:2
LH:2
BRF:0
BRH:0
end_of_record
TN:
SF:src/schemas/createNewUser.ts
FNF:0
FNH:0
DA:1,1
DA:3,1
LF:2
LH:2
BRF:0
BRH:0
end_of_record
TN:
SF:src/schemas/enrollmentSchema.ts
FNF:0
FNH:0
DA:1,1
DA:3,1
LF:2
LH:2
BRF:0
BRH:0
end_of_record
TN:
SF:src/schemas/signInSchema.ts
FNF:0
FNH:0
DA:1,1
DA:3,1
LF:2
LH:2
BRF:0
BRH:0
end_of_record
TN:
SF:src/services/client/activity.ts
FN:3,getAllDates
FN:8,getActivitiesByDate
FNF:2
FNH:0
FNDA:0,getAllDates
FNDA:0,getActivitiesByDate
DA:1,1
DA:3,1
DA:4,0
DA:5,0
DA:8,1
DA:9,0
DA:10,0
LF:7
LH:3
BRF:0
BRH:0
end_of_record
TN:
SF:src/services/client/auth.ts
FN:7,signIn
FNF:1
FNH:1
FNDA:2,signIn
DA:1,1
DA:3,1
DA:4,1
DA:5,1
DA:7,1
DA:8,2
DA:10,2
DA:11,1
DA:14,1
DA:18,1
DA:20,1
LF:11
LH:11
BRDA:10,0,0,1
BRDA:10,0,1,1
BRF:2
BRH:2
end_of_record
TN:
SF:src/services/client/booking.ts
FN:4,createNewBooking
FN:8,getUserBooking
FN:13,payBooking
FNF:3
FNH:0
FNDA:0,createNewBooking
FNDA:0,getUserBooking
FNDA:0,payBooking
DA:2,1
DA:4,1
DA:5,0
DA:8,1
DA:9,0
DA:10,0
DA:13,1
DA:14,0
LF:8
LH:4
BRF:0
BRH:0
end_of_record
TN:
SF:src/services/client/enrollment.ts
FN:4,createNewEnrollment
FN:8,getEnrollmentWithAddress
FNF:2
FNH:0
FNDA:0,createNewEnrollment
FNDA:0,getEnrollmentWithAddress
DA:2,1
DA:4,1
DA:5,0
DA:8,1
DA:9,0
LF:5
LH:3
BRF:0
BRH:0
end_of_record
TN:
SF:src/services/client/event.ts
FN:3,getEventInfo
FNF:1
FNH:0
FNDA:0,getEventInfo
DA:1,1
DA:3,1
DA:4,0
LF:3
LH:2
BRF:0
BRH:0
end_of_record
TN:
SF:src/services/client/hotel.ts
FN:5,get
FN:7,(anonymous_10)
FN:14,getOne
FNF:3
FNH:0
FNDA:0,get
FNDA:0,(anonymous_10)
FNDA:0,getOne
DA:1,1
DA:2,1
DA:5,1
DA:6,0
DA:7,0
DA:8,0
DA:9,0
DA:11,0
DA:14,1
DA:15,0
DA:16,0
DA:17,0
DA:19,0
LF:13
LH:4
BRDA:16,0,0,0
BRDA:16,0,1,0
BRF:2
BRH:0
end_of_record
TN:
SF:src/services/client/hotelReservation.ts
FN:7,ReserveHotelRoom
FN:22,getReservation
FNF:2
FNH:0
FNDA:0,ReserveHotelRoom
FNDA:0,getReservation
DA:1,1
DA:2,1
DA:3,1
DA:4,1
DA:5,1
DA:7,1
DA:8,0
DA:9,0
DA:10,0
DA:11,0
DA:12,0
DA:13,0
DA:14,0
DA:15,0
DA:16,0
DA:18,0
DA:19,0
DA:22,1
DA:23,0
DA:24,0
DA:27,0
DA:28,0
DA:29,0
DA:30,0
DA:32,0
DA:35,0
DA:41,0
LF:27
LH:7
BRDA:10,0,0,0
BRDA:10,0,1,0
BRDA:10,1,0,0
BRDA:10,1,1,0
BRDA:10,1,2,0
BRDA:11,2,0,0
BRDA:11,2,1,0
BRDA:14,3,0,0
BRDA:14,3,1,0
BRDA:27,4,0,0
BRDA:27,4,1,0
BRDA:29,5,0,0
BRDA:29,5,1,0
BRF:13
BRH:0
end_of_record
TN:
SF:src/services/client/lodge.ts
FN:3,getLodgeOptions
FNF:1
FNH:0
FNDA:0,getLodgeOptions
DA:1,1
DA:3,1
DA:4,0
DA:5,0
LF:4
LH:2
BRF:0
BRH:0
end_of_record
TN:
SF:src/services/client/modality.ts
FN:3,getModalities
FNF:1
FNH:0
FNDA:0,getModalities
DA:1,1
DA:3,1
DA:4,0
DA:5,0
LF:4
LH:2
BRF:0
BRH:0
end_of_record
TN:
SF:src/services/client/session.ts
FN:4,findUserSessionByToken
FNF:1
FNH:0
FNDA:0,findUserSessionByToken
DA:1,1
DA:2,1
DA:4,1
DA:5,0
DA:6,0
DA:8,0
LF:6
LH:3
BRF:0
BRH:0
end_of_record
TN:
SF:src/services/client/user.ts
FN:7,createNewUser
FNF:1
FNH:0
FNDA:0,createNewUser
DA:1,1
DA:2,1
DA:4,1
DA:5,1
DA:7,1
DA:8,0
DA:10,0
DA:11,0
DA:14,0
DA:15,0
LF:10
LH:5
BRDA:10,0,0,0
BRDA:10,0,1,0
BRF:2
BRH:0
end_of_record
