TN:
SF:src/redisClient.ts
FNF:0
FNH:0
DA:1,1
DA:2,1
DA:4,1
DA:6,1
DA:8,1
LF:5
LH:5
BRF:0
BRH:0
end_of_record
TN:
SF:src/setup.ts
FNF:0
FNH:0
DA:1,1
DA:3,1
DA:5,1
LF:3
LH:3
BRDA:3,0,0,1
BRDA:3,0,1,0
BRF:2
BRH:1
end_of_record
TN:
SF:src/entities/Activity.ts
FN:43,(anonymous_10)
FN:52,(anonymous_12)
FN:32,(anonymous_14)
FN:38,(anonymous_15)
FN:39,(anonymous_16)
FNF:5
FNH:0
FNDA:0,(anonymous_10)
FNDA:0,(anonymous_12)
FNDA:0,(anonymous_14)
FNDA:0,(anonymous_15)
FNDA:0,(anonymous_16)
DA:1,1
DA:9,1
DA:10,1
DA:13,1
DA:15,1
DA:18,1
DA:21,1
DA:24,1
DA:27,1
DA:30,1
DA:32,0
DA:35,1
DA:38,0
DA:39,0
DA:41,1
DA:44,0
DA:49,0
DA:53,0
DA:56,0
LF:19
LH:12
BRF:0
BRH:0
end_of_record
TN:
SF:src/entities/Activity_User.ts
FN:10,(anonymous_3)
FN:10,(anonymous_4)
FN:13,(anonymous_5)
FN:13,(anonymous_6)
FNF:4
FNH:0
FNDA:0,(anonymous_3)
FNDA:0,(anonymous_4)
FNDA:0,(anonymous_5)
FNDA:0,(anonymous_6)
DA:1,1
DA:2,1
DA:3,1
DA:6,1
DA:8,1
DA:10,0
DA:11,1
DA:13,0
DA:14,1
LF:9
LH:7
BRF:0
BRH:0
end_of_record
TN:
SF:src/entities/Booking.ts
FN:47,(anonymous_10)
FN:69,(anonymous_12)
FN:85,(anonymous_14)
FN:36,(anonymous_16)
FN:36,(anonymous_17)
FN:39,(anonymous_18)
FN:39,(anonymous_19)
FN:44,(anonymous_20)
FN:44,(anonymous_21)
FNF:9
FNH:0
FNDA:0,(anonymous_10)
FNDA:0,(anonymous_12)
FNDA:0,(anonymous_14)
FNDA:0,(anonymous_16)
FNDA:0,(anonymous_17)
FNDA:0,(anonymous_18)
FNDA:0,(anonymous_19)
FNDA:0,(anonymous_20)
FNDA:0,(anonymous_21)
DA:1,1
DA:9,1
DA:10,1
DA:11,1
DA:13,1
DA:14,1
DA:17,1
DA:19,1
DA:22,1
DA:25,1
DA:28,1
DA:31,1
DA:34,1
DA:36,0
DA:37,1
DA:39,0
DA:42,1
DA:44,0
DA:45,1
DA:48,0
DA:49,0
DA:50,0
DA:51,0
DA:54,0
DA:55,0
DA:58,0
DA:61,0
DA:62,0
DA:64,0
DA:65,0
DA:66,0
DA:70,0
DA:72,0
DA:73,0
DA:82,0
DA:86,0
DA:87,0
DA:88,0
DA:89,0
LF:39
LH:16
BRDA:49,0,0,0
BRDA:49,0,1,0
BRDA:50,1,0,0
BRDA:50,1,1,0
BRDA:54,2,0,0
BRDA:54,2,1,0
BRDA:61,3,0,0
BRDA:61,3,1,0
BRDA:72,4,0,0
BRDA:72,4,1,0
BRDA:87,5,0,0
BRDA:87,5,1,0
BRF:12
BRH:0
end_of_record
TN:
SF:src/entities/Hotel.ts
FN:24,(anonymous_10)
FN:32,(anonymous_12)
FN:39,(anonymous_14)
FN:51,(anonymous_16)
FN:52,(anonymous_17)
FN:57,(anonymous_18)
FN:63,(anonymous_19)
FN:67,(anonymous_20)
FN:18,(anonymous_21)
FN:18,(anonymous_22)
FN:21,(anonymous_23)
FN:21,(anonymous_24)
FNF:12
FNH:0
FNDA:0,(anonymous_10)
FNDA:0,(anonymous_12)
FNDA:0,(anonymous_14)
FNDA:0,(anonymous_16)
FNDA:0,(anonymous_17)
FNDA:0,(anonymous_18)
FNDA:0,(anonymous_19)
FNDA:0,(anonymous_20)
FNDA:0,(anonymous_21)
FNDA:0,(anonymous_22)
FNDA:0,(anonymous_23)
FNDA:0,(anonymous_24)
DA:1,1
DA:2,1
DA:3,1
DA:5,1
DA:8,1
DA:10,1
DA:13,1
DA:16,1
DA:18,0
DA:19,1
DA:21,0
DA:22,1
DA:25,0
DA:33,0
DA:40,0
DA:47,0
DA:48,0
DA:52,0
DA:53,0
DA:58,0
DA:63,0
DA:64,0
DA:66,0
DA:67,0
DA:68,0
DA:70,0
LF:26
LH:10
BRDA:47,0,0,0
BRDA:47,0,1,0
BRDA:47,1,0,0
BRDA:47,1,1,0
BRDA:68,2,0,0
BRDA:68,2,1,0
BRF:6
BRH:0
end_of_record
TN:
SF:src/entities/HotelReservation.ts
FN:29,(anonymous_10)
FN:14,(anonymous_12)
FN:14,(anonymous_13)
FN:20,(anonymous_14)
FN:20,(anonymous_15)
FN:26,(anonymous_16)
FN:26,(anonymous_17)
FNF:7
FNH:0
FNDA:0,(anonymous_10)
FNDA:0,(anonymous_12)
FNDA:0,(anonymous_13)
FNDA:0,(anonymous_14)
FNDA:0,(anonymous_15)
FNDA:0,(anonymous_16)
FNDA:0,(anonymous_17)
DA:1,1
DA:2,1
DA:3,1
DA:4,1
DA:7,1
DA:9,1
DA:12,1
DA:14,0
DA:15,1
DA:18,1
DA:20,0
DA:21,1
DA:24,1
DA:26,0
DA:27,1
DA:30,0
LF:16
LH:12
BRF:0
BRH:0
end_of_record
TN:
SF:src/entities/Location.ts
FNF:0
FNH:0
DA:1,1
DA:4,1
DA:6,1
DA:9,1
LF:4
LH:4
BRF:0
BRH:0
end_of_record
TN:
SF:src/entities/Lodge.ts
FN:21,(anonymous_3)
FN:21,(anonymous_4)
FNF:2
FNH:0
FNDA:0,(anonymous_3)
FNDA:0,(anonymous_4)
DA:1,1
DA:8,1
DA:11,1
DA:13,1
DA:16,1
DA:19,1
DA:21,0
DA:22,1
LF:8
LH:7
BRF:0
BRH:0
end_of_record
TN:
SF:src/entities/Modality.ts
FN:21,(anonymous_3)
FN:21,(anonymous_4)
FNF:2
FNH:0
FNDA:0,(anonymous_3)
FNDA:0,(anonymous_4)
DA:1,1
DA:8,1
DA:11,1
DA:13,1
DA:16,1
DA:19,1
DA:21,0
DA:22,1
LF:8
LH:7
BRF:0
BRH:0
end_of_record
TN:
SF:src/entities/Room.ts
FN:28,(anonymous_10)
FN:33,(anonymous_12)
FN:38,(anonymous_14)
FN:42,(anonymous_15)
FN:22,(anonymous_16)
FN:22,(anonymous_17)
FN:25,(anonymous_18)
FN:25,(anonymous_19)
FNF:8
FNH:0
FNDA:0,(anonymous_10)
FNDA:0,(anonymous_12)
FNDA:0,(anonymous_14)
FNDA:0,(anonymous_15)
FNDA:0,(anonymous_16)
FNDA:0,(anonymous_17)
FNDA:0,(anonymous_18)
FNDA:0,(anonymous_19)
DA:1,1
DA:2,1
DA:3,1
DA:6,1
DA:8,1
DA:11,1
DA:14,1
DA:17,1
DA:20,1
DA:22,0
DA:23,1
DA:25,0
DA:26,1
DA:29,0
DA:30,0
DA:34,0
DA:35,0
DA:39,0
DA:43,0
DA:44,0
DA:46,0
DA:47,0
DA:49,0
LF:23
LH:11
BRDA:43,0,0,0
BRDA:43,0,1,0
BRDA:46,1,0,0
BRDA:46,1,1,0
BRF:4
BRH:0
end_of_record
TN:
SF:src/entities/User.ts
FN:41,(anonymous_10)
FN:51,(anonymous_12)
FN:56,(anonymous_14)
FN:60,(anonymous_15)
FN:68,(anonymous_17)
FN:78,(anonymous_19)
FN:27,(anonymous_21)
FN:30,(anonymous_22)
FN:30,(anonymous_23)
FN:33,(anonymous_24)
FN:33,(anonymous_25)
FN:36,(anonymous_26)
FN:36,(anonymous_27)
FNF:13
FNH:0
FNDA:0,(anonymous_10)
FNDA:0,(anonymous_12)
FNDA:0,(anonymous_14)
FNDA:0,(anonymous_15)
FNDA:0,(anonymous_17)
FNDA:0,(anonymous_19)
FNDA:0,(anonymous_21)
FNDA:0,(anonymous_22)
FNDA:0,(anonymous_23)
FNDA:0,(anonymous_24)
FNDA:0,(anonymous_25)
FNDA:0,(anonymous_26)
FNDA:0,(anonymous_27)
DA:1,1
DA:9,1
DA:10,1
DA:11,1
DA:12,1
DA:13,1
DA:14,1
DA:17,1
DA:19,1
DA:22,1
DA:25,1
DA:27,0
DA:28,1
DA:30,0
DA:31,1
DA:33,0
DA:34,1
DA:36,0
DA:39,1
DA:42,0
DA:43,0
DA:45,0
DA:46,0
DA:48,0
DA:52,0
DA:53,0
DA:57,0
DA:61,0
DA:63,0
DA:64,0
DA:69,0
DA:71,0
DA:72,0
DA:75,0
DA:79,0
DA:80,0
DA:81,0
LF:37
LH:15
BRDA:63,0,0,0
BRDA:63,0,1,0
BRDA:71,1,0,0
BRDA:71,1,1,0
BRDA:71,2,0,0
BRDA:71,2,1,0
BRDA:80,3,0,0
BRDA:80,3,1,0
BRF:8
BRH:0
end_of_record
TN:
SF:src/errors/CannotEnrollBeforeStartDate.ts
FN:2,(anonymous_0)
FNF:1
FNH:0
FNDA:0,(anonymous_0)
DA:1,1
DA:3,0
DA:5,0
LF:3
LH:1
BRF:0
BRH:0
end_of_record
TN:
SF:src/errors/ConflictError.ts
FN:2,(anonymous_0)
FNF:1
FNH:0
FNDA:0,(anonymous_0)
DA:1,1
DA:3,0
DA:5,0
LF:3
LH:1
BRF:0
BRH:0
end_of_record
TN:
SF:src/errors/EmailNotAvailable.ts
FN:4,(anonymous_1)
FNF:1
FNH:0
FNDA:0,(anonymous_1)
DA:1,1
DA:3,1
DA:5,0
DA:7,0
LF:4
LH:2
BRF:0
BRH:0
end_of_record
TN:
SF:src/errors/InvalidBooking.ts
FN:2,(anonymous_0)
FNF:1
FNH:0
FNDA:0,(anonymous_0)
DA:1,1
DA:3,0
DA:5,0
LF:3
LH:1
BRF:0
BRH:0
end_of_record
TN:
SF:src/errors/InvalidData.ts
FN:4,(anonymous_0)
FNF:1
FNH:0
FNDA:0,(anonymous_0)
DA:1,1
DA:5,0
DA:7,0
DA:8,0
LF:4
LH:1
BRF:0
BRH:0
end_of_record
TN:
SF:src/errors/InvalidEmail.ts
FN:2,(anonymous_0)
FNF:1
FNH:0
FNDA:0,(anonymous_0)
DA:1,1
DA:3,0
DA:5,0
LF:3
LH:1
BRF:0
BRH:0
end_of_record
TN:
SF:src/errors/InvalidTokenError.ts
FN:2,(anonymous_0)
FNF:1
FNH:1
FNDA:1,(anonymous_0)
DA:1,1
DA:3,1
DA:5,1
LF:3
LH:3
BRF:0
BRH:0
end_of_record
TN:
SF:src/errors/NotFoundError.ts
FN:2,(anonymous_0)
FNF:1
FNH:0
FNDA:0,(anonymous_0)
DA:1,1
DA:3,0
DA:5,0
LF:3
LH:1
BRF:0
BRH:0
end_of_record
TN:
SF:src/errors/Unauthorized.ts
FN:2,(anonymous_0)
FNF:1
FNH:0
FNDA:0,(anonymous_0)
DA:1,1
DA:3,0
DA:5,0
LF:3
LH:1
BRF:0
BRH:0
end_of_record
TN:
SF:src/errors/UnprocessableEntity.ts
FN:2,(anonymous_0)
FNF:1
FNH:0
FNDA:0,(anonymous_0)
DA:1,1
DA:3,0
DA:5,0
LF:3
LH:1
BRF:0
BRH:0
end_of_record
TN:
SF:src/middlewares/errorHandlingMiddleware.ts
FN:15,errorHandlingMiddleware
FNF:1
FNH:0
FNDA:0,errorHandlingMiddleware
DA:2,1
DA:4,1
DA:5,1
DA:6,1
DA:7,1
DA:8,1
DA:9,1
DA:10,1
DA:11,1
DA:12,1
DA:15,1
DA:16,0
DA:17,0
DA:21,0
DA:22,0
DA:27,0
DA:28,0
DA:33,0
DA:34,0
DA:40,0
DA:41,0
DA:46,0
DA:47,0
DA:52,0
DA:53,0
DA:58,0
DA:59,0
DA:64,0
DA:65,0
DA:71,0
DA:72,0
LF:31
LH:11
BRDA:16,0,0,0
BRDA:16,0,1,0
BRDA:21,1,0,0
BRDA:21,1,1,0
BRDA:27,2,0,0
BRDA:27,2,1,0
BRDA:33,3,0,0
BRDA:33,3,1,0
BRDA:40,4,0,0
BRDA:40,4,1,0
BRDA:46,5,0,0
BRDA:46,5,1,0
BRDA:52,6,0,0
BRDA:52,6,1,0
BRDA:58,7,0,0
BRDA:58,7,1,0
BRDA:64,8,0,0
BRDA:64,8,1,0
BRF:18
BRH:0
end_of_record
TN:
SF:src/services/client/resetPassword.ts
FN:6,sendToken
FN:21,verifyTokenValidation
FN:33,resetPassword
FNF:3
FNH:1
FNDA:0,sendToken
FNDA:2,verifyTokenValidation
FNDA:0,resetPassword
DA:1,1
DA:2,1
DA:3,1
DA:4,1
DA:6,1
DA:7,0
DA:8,0
DA:9,0
DA:10,0
DA:11,0
DA:18,0
DA:21,1
DA:23,2
DA:24,2
DA:25,1
DA:28,1
DA:30,1
DA:33,1
DA:34,0
DA:35,0
DA:36,0
LF:21
LH:12
BRF:0
BRH:0
end_of_record
